[2024-10-17T18:40:36.140+0000] {local_task_job_runner.py:123} INFO - ::group::Pre task execution logs
[2024-10-17T18:40:36.155+0000] {taskinstance.py:2612} INFO - Dependencies all met for dep_context=non-requeueable deps ti=<TaskInstance: conditional_dataset_and_time_based_timetable.conditional_dataset_and_time_based_timetable scheduled__2024-10-16T01:00:00+00:00 [queued]>
[2024-10-17T18:40:36.164+0000] {taskinstance.py:2612} INFO - Dependencies all met for dep_context=requeueable deps ti=<TaskInstance: conditional_dataset_and_time_based_timetable.conditional_dataset_and_time_based_timetable scheduled__2024-10-16T01:00:00+00:00 [queued]>
[2024-10-17T18:40:36.164+0000] {taskinstance.py:2865} INFO - Starting attempt 1 of 1
[2024-10-17T18:40:36.179+0000] {taskinstance.py:2888} INFO - Executing <Task(BashOperator): conditional_dataset_and_time_based_timetable> on 2024-10-16 01:00:00+00:00
[2024-10-17T18:40:36.185+0000] {warnings.py:112} WARNING - /home/***/.local/lib/python3.12/site-packages/***/task/task_runner/standard_task_runner.py:70: DeprecationWarning: This process (pid=10829) is multi-threaded, use of fork() may lead to deadlocks in the child.
  pid = os.fork()

[2024-10-17T18:40:36.186+0000] {standard_task_runner.py:72} INFO - Started process 10831 to run task
[2024-10-17T18:40:36.187+0000] {standard_task_runner.py:104} INFO - Running: ['***', 'tasks', 'run', 'conditional_dataset_and_time_based_timetable', 'conditional_dataset_and_time_based_timetable', 'scheduled__2024-10-16T01:00:00+00:00', '--job-id', '7', '--raw', '--subdir', '/home/***/.local/lib/python3.12/site-packages/***/example_dags/example_datasets.py', '--cfg-path', '/tmp/tmp019zjzzh']
[2024-10-17T18:40:36.188+0000] {standard_task_runner.py:105} INFO - Job 7: Subtask conditional_dataset_and_time_based_timetable
[2024-10-17T18:40:36.236+0000] {task_command.py:467} INFO - Running <TaskInstance: conditional_dataset_and_time_based_timetable.conditional_dataset_and_time_based_timetable scheduled__2024-10-16T01:00:00+00:00 [running]> on host e6a8ecd7a6cc
[2024-10-17T18:40:36.320+0000] {taskinstance.py:3131} INFO - Exporting env vars: AIRFLOW_CTX_DAG_OWNER='***' AIRFLOW_CTX_DAG_ID='conditional_dataset_and_time_based_timetable' AIRFLOW_CTX_TASK_ID='conditional_dataset_and_time_based_timetable' AIRFLOW_CTX_EXECUTION_DATE='2024-10-16T01:00:00+00:00' AIRFLOW_CTX_TRY_NUMBER='1' AIRFLOW_CTX_DAG_RUN_ID='scheduled__2024-10-16T01:00:00+00:00'
[2024-10-17T18:40:36.321+0000] {logging_mixin.py:190} INFO - Task instance is in running state
[2024-10-17T18:40:36.322+0000] {logging_mixin.py:190} INFO -  Previous state of the Task instance: queued
[2024-10-17T18:40:36.322+0000] {logging_mixin.py:190} INFO - Current task name:conditional_dataset_and_time_based_timetable state:running start_date:2024-10-17 18:40:36.156058+00:00
[2024-10-17T18:40:36.323+0000] {logging_mixin.py:190} INFO - Dag name:conditional_dataset_and_time_based_timetable and current dag run status:running
[2024-10-17T18:40:36.323+0000] {taskinstance.py:731} INFO - ::endgroup::
[2024-10-17T18:40:36.325+0000] {subprocess.py:63} INFO - Tmp dir root location: /tmp
[2024-10-17T18:40:36.327+0000] {subprocess.py:75} INFO - Running command: ['/usr/bin/bash', '-c', 'sleep 5']
[2024-10-17T18:40:36.336+0000] {subprocess.py:86} INFO - Output:
[2024-10-17T18:40:41.355+0000] {subprocess.py:97} INFO - Command exited with return code 0
[2024-10-17T18:40:41.401+0000] {taskinstance.py:340} INFO - ::group::Post task execution logs
[2024-10-17T18:40:41.402+0000] {taskinstance.py:352} INFO - Marking task as SUCCESS. dag_id=conditional_dataset_and_time_based_timetable, task_id=conditional_dataset_and_time_based_timetable, run_id=scheduled__2024-10-16T01:00:00+00:00, execution_date=20241016T010000, start_date=20241017T184036, end_date=20241017T184041
[2024-10-17T18:40:41.440+0000] {logging_mixin.py:190} INFO - Task instance in success state
[2024-10-17T18:40:41.441+0000] {logging_mixin.py:190} INFO -  Previous state of the Task instance: running
[2024-10-17T18:40:41.441+0000] {logging_mixin.py:190} INFO - Dag name:conditional_dataset_and_time_based_timetable queued_at:2024-10-17 18:40:29.976968+00:00
[2024-10-17T18:40:41.442+0000] {logging_mixin.py:190} INFO - Task hostname:e6a8ecd7a6cc operator:BashOperator
[2024-10-17T18:40:41.481+0000] {local_task_job_runner.py:266} INFO - Task exited with return code 0
[2024-10-17T18:40:41.494+0000] {taskinstance.py:3900} INFO - 0 downstream tasks scheduled from follow-on schedule check
[2024-10-17T18:40:41.499+0000] {local_task_job_runner.py:245} INFO - ::endgroup::
