[2024-10-31T00:00:08.239+0000] {processor.py:186} INFO - Started process (PID=55118) to work on /opt/airflow/dags/primer_dag.py
[2024-10-31T00:00:08.241+0000] {processor.py:914} INFO - Processing file /opt/airflow/dags/primer_dag.py for tasks to queue
[2024-10-31T00:00:08.243+0000] {logging_mixin.py:190} INFO - [2024-10-31T00:00:08.242+0000] {dagbag.py:588} INFO - Filling up the DagBag from /opt/airflow/dags/primer_dag.py
[2024-10-31T00:00:08.263+0000] {processor.py:925} INFO - DAG(s) 'MI_PRIMER_DAG' retrieved from /opt/airflow/dags/primer_dag.py
[2024-10-31T00:00:08.287+0000] {logging_mixin.py:190} INFO - [2024-10-31T00:00:08.286+0000] {dag.py:3239} INFO - Sync 1 DAGs
[2024-10-31T00:00:08.315+0000] {logging_mixin.py:190} INFO - [2024-10-31T00:00:08.315+0000] {dag.py:4180} INFO - Setting next_dagrun for MI_PRIMER_DAG to 2024-10-30 09:00:00+00:00, run_after=2024-10-31 09:00:00+00:00
[2024-10-31T00:00:08.341+0000] {processor.py:208} INFO - Processing /opt/airflow/dags/primer_dag.py took 0.110 seconds
[2024-10-31T00:00:38.510+0000] {processor.py:186} INFO - Started process (PID=55182) to work on /opt/airflow/dags/primer_dag.py
[2024-10-31T00:00:38.511+0000] {processor.py:914} INFO - Processing file /opt/airflow/dags/primer_dag.py for tasks to queue
[2024-10-31T00:00:38.512+0000] {logging_mixin.py:190} INFO - [2024-10-31T00:00:38.512+0000] {dagbag.py:588} INFO - Filling up the DagBag from /opt/airflow/dags/primer_dag.py
[2024-10-31T00:00:38.532+0000] {processor.py:925} INFO - DAG(s) 'MI_PRIMER_DAG' retrieved from /opt/airflow/dags/primer_dag.py
[2024-10-31T00:00:38.549+0000] {logging_mixin.py:190} INFO - [2024-10-31T00:00:38.549+0000] {dag.py:3239} INFO - Sync 1 DAGs
[2024-10-31T00:00:38.574+0000] {logging_mixin.py:190} INFO - [2024-10-31T00:00:38.574+0000] {dag.py:4180} INFO - Setting next_dagrun for MI_PRIMER_DAG to 2024-10-30 09:00:00+00:00, run_after=2024-10-31 09:00:00+00:00
[2024-10-31T00:00:38.597+0000] {processor.py:208} INFO - Processing /opt/airflow/dags/primer_dag.py took 0.093 seconds
[2024-10-31T00:01:09.321+0000] {processor.py:186} INFO - Started process (PID=55246) to work on /opt/airflow/dags/primer_dag.py
[2024-10-31T00:01:09.362+0000] {processor.py:914} INFO - Processing file /opt/airflow/dags/primer_dag.py for tasks to queue
[2024-10-31T00:01:09.365+0000] {logging_mixin.py:190} INFO - [2024-10-31T00:01:09.364+0000] {dagbag.py:588} INFO - Filling up the DagBag from /opt/airflow/dags/primer_dag.py
[2024-10-31T00:01:09.384+0000] {processor.py:925} INFO - DAG(s) 'MI_PRIMER_DAG' retrieved from /opt/airflow/dags/primer_dag.py
[2024-10-31T00:01:09.409+0000] {logging_mixin.py:190} INFO - [2024-10-31T00:01:09.409+0000] {dag.py:3239} INFO - Sync 1 DAGs
[2024-10-31T00:01:09.439+0000] {logging_mixin.py:190} INFO - [2024-10-31T00:01:09.438+0000] {dag.py:4180} INFO - Setting next_dagrun for MI_PRIMER_DAG to 2024-10-30 09:00:00+00:00, run_after=2024-10-31 09:00:00+00:00
[2024-10-31T00:01:09.463+0000] {processor.py:208} INFO - Processing /opt/airflow/dags/primer_dag.py took 0.157 seconds
[2024-10-31T00:01:40.331+0000] {processor.py:186} INFO - Started process (PID=55310) to work on /opt/airflow/dags/primer_dag.py
[2024-10-31T00:01:40.332+0000] {processor.py:914} INFO - Processing file /opt/airflow/dags/primer_dag.py for tasks to queue
[2024-10-31T00:01:40.335+0000] {logging_mixin.py:190} INFO - [2024-10-31T00:01:40.334+0000] {dagbag.py:588} INFO - Filling up the DagBag from /opt/airflow/dags/primer_dag.py
[2024-10-31T00:01:40.353+0000] {processor.py:925} INFO - DAG(s) 'MI_PRIMER_DAG' retrieved from /opt/airflow/dags/primer_dag.py
[2024-10-31T00:01:40.373+0000] {logging_mixin.py:190} INFO - [2024-10-31T00:01:40.372+0000] {dag.py:3239} INFO - Sync 1 DAGs
[2024-10-31T00:01:40.404+0000] {logging_mixin.py:190} INFO - [2024-10-31T00:01:40.404+0000] {dag.py:4180} INFO - Setting next_dagrun for MI_PRIMER_DAG to 2024-10-30 09:00:00+00:00, run_after=2024-10-31 09:00:00+00:00
[2024-10-31T00:01:40.429+0000] {processor.py:208} INFO - Processing /opt/airflow/dags/primer_dag.py took 0.105 seconds
[2024-10-31T00:02:11.213+0000] {processor.py:186} INFO - Started process (PID=55374) to work on /opt/airflow/dags/primer_dag.py
[2024-10-31T00:02:11.214+0000] {processor.py:914} INFO - Processing file /opt/airflow/dags/primer_dag.py for tasks to queue
[2024-10-31T00:02:11.216+0000] {logging_mixin.py:190} INFO - [2024-10-31T00:02:11.215+0000] {dagbag.py:588} INFO - Filling up the DagBag from /opt/airflow/dags/primer_dag.py
[2024-10-31T00:02:11.235+0000] {processor.py:925} INFO - DAG(s) 'MI_PRIMER_DAG' retrieved from /opt/airflow/dags/primer_dag.py
[2024-10-31T00:02:11.254+0000] {logging_mixin.py:190} INFO - [2024-10-31T00:02:11.253+0000] {dag.py:3239} INFO - Sync 1 DAGs
[2024-10-31T00:02:11.277+0000] {logging_mixin.py:190} INFO - [2024-10-31T00:02:11.277+0000] {dag.py:4180} INFO - Setting next_dagrun for MI_PRIMER_DAG to 2024-10-30 09:00:00+00:00, run_after=2024-10-31 09:00:00+00:00
[2024-10-31T00:02:11.296+0000] {processor.py:208} INFO - Processing /opt/airflow/dags/primer_dag.py took 0.087 seconds
[2024-10-31T00:02:41.973+0000] {processor.py:186} INFO - Started process (PID=55438) to work on /opt/airflow/dags/primer_dag.py
[2024-10-31T00:02:41.976+0000] {processor.py:914} INFO - Processing file /opt/airflow/dags/primer_dag.py for tasks to queue
[2024-10-31T00:02:41.978+0000] {logging_mixin.py:190} INFO - [2024-10-31T00:02:41.977+0000] {dagbag.py:588} INFO - Filling up the DagBag from /opt/airflow/dags/primer_dag.py
[2024-10-31T00:02:42.000+0000] {processor.py:925} INFO - DAG(s) 'MI_PRIMER_DAG' retrieved from /opt/airflow/dags/primer_dag.py
[2024-10-31T00:02:42.023+0000] {logging_mixin.py:190} INFO - [2024-10-31T00:02:42.022+0000] {dag.py:3239} INFO - Sync 1 DAGs
[2024-10-31T00:02:42.053+0000] {logging_mixin.py:190} INFO - [2024-10-31T00:02:42.052+0000] {dag.py:4180} INFO - Setting next_dagrun for MI_PRIMER_DAG to 2024-10-30 09:00:00+00:00, run_after=2024-10-31 09:00:00+00:00
[2024-10-31T00:02:42.079+0000] {processor.py:208} INFO - Processing /opt/airflow/dags/primer_dag.py took 0.115 seconds
[2024-10-31T00:03:12.330+0000] {processor.py:186} INFO - Started process (PID=55502) to work on /opt/airflow/dags/primer_dag.py
[2024-10-31T00:03:12.331+0000] {processor.py:914} INFO - Processing file /opt/airflow/dags/primer_dag.py for tasks to queue
[2024-10-31T00:03:12.334+0000] {logging_mixin.py:190} INFO - [2024-10-31T00:03:12.333+0000] {dagbag.py:588} INFO - Filling up the DagBag from /opt/airflow/dags/primer_dag.py
[2024-10-31T00:03:12.347+0000] {processor.py:925} INFO - DAG(s) 'MI_PRIMER_DAG' retrieved from /opt/airflow/dags/primer_dag.py
[2024-10-31T00:03:12.363+0000] {logging_mixin.py:190} INFO - [2024-10-31T00:03:12.363+0000] {dag.py:3239} INFO - Sync 1 DAGs
[2024-10-31T00:03:12.385+0000] {logging_mixin.py:190} INFO - [2024-10-31T00:03:12.385+0000] {dag.py:4180} INFO - Setting next_dagrun for MI_PRIMER_DAG to 2024-10-30 09:00:00+00:00, run_after=2024-10-31 09:00:00+00:00
[2024-10-31T00:03:12.408+0000] {processor.py:208} INFO - Processing /opt/airflow/dags/primer_dag.py took 0.085 seconds
[2024-10-31T00:03:42.683+0000] {processor.py:186} INFO - Started process (PID=55566) to work on /opt/airflow/dags/primer_dag.py
[2024-10-31T00:03:42.685+0000] {processor.py:914} INFO - Processing file /opt/airflow/dags/primer_dag.py for tasks to queue
[2024-10-31T00:03:42.686+0000] {logging_mixin.py:190} INFO - [2024-10-31T00:03:42.686+0000] {dagbag.py:588} INFO - Filling up the DagBag from /opt/airflow/dags/primer_dag.py
[2024-10-31T00:03:42.705+0000] {processor.py:925} INFO - DAG(s) 'MI_PRIMER_DAG' retrieved from /opt/airflow/dags/primer_dag.py
[2024-10-31T00:03:42.724+0000] {logging_mixin.py:190} INFO - [2024-10-31T00:03:42.724+0000] {dag.py:3239} INFO - Sync 1 DAGs
[2024-10-31T00:03:42.751+0000] {logging_mixin.py:190} INFO - [2024-10-31T00:03:42.751+0000] {dag.py:4180} INFO - Setting next_dagrun for MI_PRIMER_DAG to 2024-10-30 09:00:00+00:00, run_after=2024-10-31 09:00:00+00:00
[2024-10-31T00:03:42.770+0000] {processor.py:208} INFO - Processing /opt/airflow/dags/primer_dag.py took 0.093 seconds
[2024-10-31T00:04:13.130+0000] {processor.py:186} INFO - Started process (PID=55630) to work on /opt/airflow/dags/primer_dag.py
[2024-10-31T00:04:13.131+0000] {processor.py:914} INFO - Processing file /opt/airflow/dags/primer_dag.py for tasks to queue
[2024-10-31T00:04:13.133+0000] {logging_mixin.py:190} INFO - [2024-10-31T00:04:13.133+0000] {dagbag.py:588} INFO - Filling up the DagBag from /opt/airflow/dags/primer_dag.py
[2024-10-31T00:04:13.148+0000] {processor.py:925} INFO - DAG(s) 'MI_PRIMER_DAG' retrieved from /opt/airflow/dags/primer_dag.py
[2024-10-31T00:04:13.165+0000] {logging_mixin.py:190} INFO - [2024-10-31T00:04:13.165+0000] {dag.py:3239} INFO - Sync 1 DAGs
[2024-10-31T00:04:13.188+0000] {logging_mixin.py:190} INFO - [2024-10-31T00:04:13.188+0000] {dag.py:4180} INFO - Setting next_dagrun for MI_PRIMER_DAG to 2024-10-30 09:00:00+00:00, run_after=2024-10-31 09:00:00+00:00
[2024-10-31T00:04:13.211+0000] {processor.py:208} INFO - Processing /opt/airflow/dags/primer_dag.py took 0.087 seconds
[2024-10-31T00:04:43.749+0000] {processor.py:186} INFO - Started process (PID=55694) to work on /opt/airflow/dags/primer_dag.py
[2024-10-31T00:04:43.750+0000] {processor.py:914} INFO - Processing file /opt/airflow/dags/primer_dag.py for tasks to queue
[2024-10-31T00:04:43.751+0000] {logging_mixin.py:190} INFO - [2024-10-31T00:04:43.751+0000] {dagbag.py:588} INFO - Filling up the DagBag from /opt/airflow/dags/primer_dag.py
[2024-10-31T00:04:43.767+0000] {processor.py:925} INFO - DAG(s) 'MI_PRIMER_DAG' retrieved from /opt/airflow/dags/primer_dag.py
[2024-10-31T00:04:43.784+0000] {logging_mixin.py:190} INFO - [2024-10-31T00:04:43.784+0000] {dag.py:3239} INFO - Sync 1 DAGs
[2024-10-31T00:04:43.806+0000] {logging_mixin.py:190} INFO - [2024-10-31T00:04:43.806+0000] {dag.py:4180} INFO - Setting next_dagrun for MI_PRIMER_DAG to 2024-10-30 09:00:00+00:00, run_after=2024-10-31 09:00:00+00:00
[2024-10-31T00:04:43.828+0000] {processor.py:208} INFO - Processing /opt/airflow/dags/primer_dag.py took 0.084 seconds
[2024-10-31T00:05:13.888+0000] {processor.py:186} INFO - Started process (PID=55758) to work on /opt/airflow/dags/primer_dag.py
[2024-10-31T00:05:13.889+0000] {processor.py:914} INFO - Processing file /opt/airflow/dags/primer_dag.py for tasks to queue
[2024-10-31T00:05:13.891+0000] {logging_mixin.py:190} INFO - [2024-10-31T00:05:13.891+0000] {dagbag.py:588} INFO - Filling up the DagBag from /opt/airflow/dags/primer_dag.py
[2024-10-31T00:05:13.911+0000] {processor.py:925} INFO - DAG(s) 'MI_PRIMER_DAG' retrieved from /opt/airflow/dags/primer_dag.py
[2024-10-31T00:05:13.935+0000] {logging_mixin.py:190} INFO - [2024-10-31T00:05:13.935+0000] {dag.py:3239} INFO - Sync 1 DAGs
[2024-10-31T00:05:13.965+0000] {logging_mixin.py:190} INFO - [2024-10-31T00:05:13.965+0000] {dag.py:4180} INFO - Setting next_dagrun for MI_PRIMER_DAG to 2024-10-30 09:00:00+00:00, run_after=2024-10-31 09:00:00+00:00
[2024-10-31T00:05:13.993+0000] {processor.py:208} INFO - Processing /opt/airflow/dags/primer_dag.py took 0.111 seconds
[2024-10-31T00:05:44.324+0000] {processor.py:186} INFO - Started process (PID=55822) to work on /opt/airflow/dags/primer_dag.py
[2024-10-31T00:05:44.325+0000] {processor.py:914} INFO - Processing file /opt/airflow/dags/primer_dag.py for tasks to queue
[2024-10-31T00:05:44.326+0000] {logging_mixin.py:190} INFO - [2024-10-31T00:05:44.326+0000] {dagbag.py:588} INFO - Filling up the DagBag from /opt/airflow/dags/primer_dag.py
[2024-10-31T00:05:44.344+0000] {processor.py:925} INFO - DAG(s) 'MI_PRIMER_DAG' retrieved from /opt/airflow/dags/primer_dag.py
[2024-10-31T00:05:44.365+0000] {logging_mixin.py:190} INFO - [2024-10-31T00:05:44.364+0000] {dag.py:3239} INFO - Sync 1 DAGs
[2024-10-31T00:05:44.387+0000] {logging_mixin.py:190} INFO - [2024-10-31T00:05:44.387+0000] {dag.py:4180} INFO - Setting next_dagrun for MI_PRIMER_DAG to 2024-10-30 09:00:00+00:00, run_after=2024-10-31 09:00:00+00:00
[2024-10-31T00:05:44.406+0000] {processor.py:208} INFO - Processing /opt/airflow/dags/primer_dag.py took 0.088 seconds
[2024-10-31T00:06:15.276+0000] {processor.py:186} INFO - Started process (PID=55886) to work on /opt/airflow/dags/primer_dag.py
[2024-10-31T00:06:15.277+0000] {processor.py:914} INFO - Processing file /opt/airflow/dags/primer_dag.py for tasks to queue
[2024-10-31T00:06:15.279+0000] {logging_mixin.py:190} INFO - [2024-10-31T00:06:15.278+0000] {dagbag.py:588} INFO - Filling up the DagBag from /opt/airflow/dags/primer_dag.py
[2024-10-31T00:06:15.295+0000] {processor.py:925} INFO - DAG(s) 'MI_PRIMER_DAG' retrieved from /opt/airflow/dags/primer_dag.py
[2024-10-31T00:06:15.313+0000] {logging_mixin.py:190} INFO - [2024-10-31T00:06:15.313+0000] {dag.py:3239} INFO - Sync 1 DAGs
[2024-10-31T00:06:15.335+0000] {logging_mixin.py:190} INFO - [2024-10-31T00:06:15.334+0000] {dag.py:4180} INFO - Setting next_dagrun for MI_PRIMER_DAG to 2024-10-30 09:00:00+00:00, run_after=2024-10-31 09:00:00+00:00
[2024-10-31T00:06:15.356+0000] {processor.py:208} INFO - Processing /opt/airflow/dags/primer_dag.py took 0.086 seconds
[2024-10-31T00:06:45.614+0000] {processor.py:186} INFO - Started process (PID=55950) to work on /opt/airflow/dags/primer_dag.py
[2024-10-31T00:06:45.615+0000] {processor.py:914} INFO - Processing file /opt/airflow/dags/primer_dag.py for tasks to queue
[2024-10-31T00:06:45.617+0000] {logging_mixin.py:190} INFO - [2024-10-31T00:06:45.616+0000] {dagbag.py:588} INFO - Filling up the DagBag from /opt/airflow/dags/primer_dag.py
[2024-10-31T00:06:45.639+0000] {processor.py:925} INFO - DAG(s) 'MI_PRIMER_DAG' retrieved from /opt/airflow/dags/primer_dag.py
[2024-10-31T00:06:45.656+0000] {logging_mixin.py:190} INFO - [2024-10-31T00:06:45.656+0000] {dag.py:3239} INFO - Sync 1 DAGs
[2024-10-31T00:06:45.681+0000] {logging_mixin.py:190} INFO - [2024-10-31T00:06:45.681+0000] {dag.py:4180} INFO - Setting next_dagrun for MI_PRIMER_DAG to 2024-10-30 09:00:00+00:00, run_after=2024-10-31 09:00:00+00:00
[2024-10-31T00:06:45.702+0000] {processor.py:208} INFO - Processing /opt/airflow/dags/primer_dag.py took 0.093 seconds
[2024-10-31T00:07:16.707+0000] {processor.py:186} INFO - Started process (PID=56015) to work on /opt/airflow/dags/primer_dag.py
[2024-10-31T00:07:16.708+0000] {processor.py:914} INFO - Processing file /opt/airflow/dags/primer_dag.py for tasks to queue
[2024-10-31T00:07:16.710+0000] {logging_mixin.py:190} INFO - [2024-10-31T00:07:16.709+0000] {dagbag.py:588} INFO - Filling up the DagBag from /opt/airflow/dags/primer_dag.py
[2024-10-31T00:07:16.731+0000] {processor.py:925} INFO - DAG(s) 'MI_PRIMER_DAG' retrieved from /opt/airflow/dags/primer_dag.py
[2024-10-31T00:07:16.751+0000] {logging_mixin.py:190} INFO - [2024-10-31T00:07:16.750+0000] {dag.py:3239} INFO - Sync 1 DAGs
[2024-10-31T00:07:16.775+0000] {logging_mixin.py:190} INFO - [2024-10-31T00:07:16.774+0000] {dag.py:4180} INFO - Setting next_dagrun for MI_PRIMER_DAG to 2024-10-30 09:00:00+00:00, run_after=2024-10-31 09:00:00+00:00
[2024-10-31T00:07:16.794+0000] {processor.py:208} INFO - Processing /opt/airflow/dags/primer_dag.py took 0.093 seconds
[2024-10-31T00:07:47.186+0000] {processor.py:186} INFO - Started process (PID=56079) to work on /opt/airflow/dags/primer_dag.py
[2024-10-31T00:07:47.187+0000] {processor.py:914} INFO - Processing file /opt/airflow/dags/primer_dag.py for tasks to queue
[2024-10-31T00:07:47.188+0000] {logging_mixin.py:190} INFO - [2024-10-31T00:07:47.188+0000] {dagbag.py:588} INFO - Filling up the DagBag from /opt/airflow/dags/primer_dag.py
[2024-10-31T00:07:47.204+0000] {processor.py:925} INFO - DAG(s) 'MI_PRIMER_DAG' retrieved from /opt/airflow/dags/primer_dag.py
[2024-10-31T00:07:47.219+0000] {logging_mixin.py:190} INFO - [2024-10-31T00:07:47.219+0000] {dag.py:3239} INFO - Sync 1 DAGs
[2024-10-31T00:07:47.247+0000] {logging_mixin.py:190} INFO - [2024-10-31T00:07:47.247+0000] {dag.py:4180} INFO - Setting next_dagrun for MI_PRIMER_DAG to 2024-10-30 09:00:00+00:00, run_after=2024-10-31 09:00:00+00:00
[2024-10-31T00:07:47.267+0000] {processor.py:208} INFO - Processing /opt/airflow/dags/primer_dag.py took 0.087 seconds
[2024-10-31T00:08:17.615+0000] {processor.py:186} INFO - Started process (PID=56143) to work on /opt/airflow/dags/primer_dag.py
[2024-10-31T00:08:17.615+0000] {processor.py:914} INFO - Processing file /opt/airflow/dags/primer_dag.py for tasks to queue
[2024-10-31T00:08:17.617+0000] {logging_mixin.py:190} INFO - [2024-10-31T00:08:17.616+0000] {dagbag.py:588} INFO - Filling up the DagBag from /opt/airflow/dags/primer_dag.py
[2024-10-31T00:08:17.633+0000] {processor.py:925} INFO - DAG(s) 'MI_PRIMER_DAG' retrieved from /opt/airflow/dags/primer_dag.py
[2024-10-31T00:08:17.649+0000] {logging_mixin.py:190} INFO - [2024-10-31T00:08:17.649+0000] {dag.py:3239} INFO - Sync 1 DAGs
[2024-10-31T00:08:17.670+0000] {logging_mixin.py:190} INFO - [2024-10-31T00:08:17.670+0000] {dag.py:4180} INFO - Setting next_dagrun for MI_PRIMER_DAG to 2024-10-30 09:00:00+00:00, run_after=2024-10-31 09:00:00+00:00
[2024-10-31T00:08:17.690+0000] {processor.py:208} INFO - Processing /opt/airflow/dags/primer_dag.py took 0.080 seconds
[2024-10-31T00:08:47.793+0000] {processor.py:186} INFO - Started process (PID=56207) to work on /opt/airflow/dags/primer_dag.py
[2024-10-31T00:08:47.794+0000] {processor.py:914} INFO - Processing file /opt/airflow/dags/primer_dag.py for tasks to queue
[2024-10-31T00:08:47.795+0000] {logging_mixin.py:190} INFO - [2024-10-31T00:08:47.795+0000] {dagbag.py:588} INFO - Filling up the DagBag from /opt/airflow/dags/primer_dag.py
[2024-10-31T00:08:47.810+0000] {processor.py:925} INFO - DAG(s) 'MI_PRIMER_DAG' retrieved from /opt/airflow/dags/primer_dag.py
[2024-10-31T00:08:47.827+0000] {logging_mixin.py:190} INFO - [2024-10-31T00:08:47.826+0000] {dag.py:3239} INFO - Sync 1 DAGs
[2024-10-31T00:08:47.849+0000] {logging_mixin.py:190} INFO - [2024-10-31T00:08:47.849+0000] {dag.py:4180} INFO - Setting next_dagrun for MI_PRIMER_DAG to 2024-10-30 09:00:00+00:00, run_after=2024-10-31 09:00:00+00:00
[2024-10-31T00:08:47.867+0000] {processor.py:208} INFO - Processing /opt/airflow/dags/primer_dag.py took 0.081 seconds
[2024-10-31T00:09:18.762+0000] {processor.py:186} INFO - Started process (PID=56271) to work on /opt/airflow/dags/primer_dag.py
[2024-10-31T00:09:18.763+0000] {processor.py:914} INFO - Processing file /opt/airflow/dags/primer_dag.py for tasks to queue
[2024-10-31T00:09:18.765+0000] {logging_mixin.py:190} INFO - [2024-10-31T00:09:18.764+0000] {dagbag.py:588} INFO - Filling up the DagBag from /opt/airflow/dags/primer_dag.py
[2024-10-31T00:09:18.779+0000] {processor.py:925} INFO - DAG(s) 'MI_PRIMER_DAG' retrieved from /opt/airflow/dags/primer_dag.py
[2024-10-31T00:09:18.796+0000] {logging_mixin.py:190} INFO - [2024-10-31T00:09:18.795+0000] {dag.py:3239} INFO - Sync 1 DAGs
[2024-10-31T00:09:18.820+0000] {logging_mixin.py:190} INFO - [2024-10-31T00:09:18.820+0000] {dag.py:4180} INFO - Setting next_dagrun for MI_PRIMER_DAG to 2024-10-30 09:00:00+00:00, run_after=2024-10-31 09:00:00+00:00
[2024-10-31T00:09:18.843+0000] {processor.py:208} INFO - Processing /opt/airflow/dags/primer_dag.py took 0.087 seconds
[2024-10-31T00:09:49.559+0000] {processor.py:186} INFO - Started process (PID=56335) to work on /opt/airflow/dags/primer_dag.py
[2024-10-31T00:09:49.560+0000] {processor.py:914} INFO - Processing file /opt/airflow/dags/primer_dag.py for tasks to queue
[2024-10-31T00:09:49.562+0000] {logging_mixin.py:190} INFO - [2024-10-31T00:09:49.561+0000] {dagbag.py:588} INFO - Filling up the DagBag from /opt/airflow/dags/primer_dag.py
[2024-10-31T00:09:49.583+0000] {processor.py:925} INFO - DAG(s) 'MI_PRIMER_DAG' retrieved from /opt/airflow/dags/primer_dag.py
[2024-10-31T00:09:49.603+0000] {logging_mixin.py:190} INFO - [2024-10-31T00:09:49.602+0000] {dag.py:3239} INFO - Sync 1 DAGs
[2024-10-31T00:09:49.631+0000] {logging_mixin.py:190} INFO - [2024-10-31T00:09:49.631+0000] {dag.py:4180} INFO - Setting next_dagrun for MI_PRIMER_DAG to 2024-10-30 09:00:00+00:00, run_after=2024-10-31 09:00:00+00:00
[2024-10-31T00:09:49.656+0000] {processor.py:208} INFO - Processing /opt/airflow/dags/primer_dag.py took 0.107 seconds
[2024-10-31T00:10:20.393+0000] {processor.py:186} INFO - Started process (PID=56399) to work on /opt/airflow/dags/primer_dag.py
[2024-10-31T00:10:20.394+0000] {processor.py:914} INFO - Processing file /opt/airflow/dags/primer_dag.py for tasks to queue
[2024-10-31T00:10:20.396+0000] {logging_mixin.py:190} INFO - [2024-10-31T00:10:20.395+0000] {dagbag.py:588} INFO - Filling up the DagBag from /opt/airflow/dags/primer_dag.py
[2024-10-31T00:10:20.415+0000] {processor.py:925} INFO - DAG(s) 'MI_PRIMER_DAG' retrieved from /opt/airflow/dags/primer_dag.py
[2024-10-31T00:10:20.433+0000] {logging_mixin.py:190} INFO - [2024-10-31T00:10:20.433+0000] {dag.py:3239} INFO - Sync 1 DAGs
[2024-10-31T00:10:20.458+0000] {logging_mixin.py:190} INFO - [2024-10-31T00:10:20.458+0000] {dag.py:4180} INFO - Setting next_dagrun for MI_PRIMER_DAG to 2024-10-30 09:00:00+00:00, run_after=2024-10-31 09:00:00+00:00
[2024-10-31T00:10:20.486+0000] {processor.py:208} INFO - Processing /opt/airflow/dags/primer_dag.py took 0.097 seconds
[2024-10-31T00:10:51.003+0000] {processor.py:186} INFO - Started process (PID=56463) to work on /opt/airflow/dags/primer_dag.py
[2024-10-31T00:10:51.004+0000] {processor.py:914} INFO - Processing file /opt/airflow/dags/primer_dag.py for tasks to queue
[2024-10-31T00:10:51.006+0000] {logging_mixin.py:190} INFO - [2024-10-31T00:10:51.005+0000] {dagbag.py:588} INFO - Filling up the DagBag from /opt/airflow/dags/primer_dag.py
[2024-10-31T00:10:51.021+0000] {processor.py:925} INFO - DAG(s) 'MI_PRIMER_DAG' retrieved from /opt/airflow/dags/primer_dag.py
[2024-10-31T00:10:51.038+0000] {logging_mixin.py:190} INFO - [2024-10-31T00:10:51.038+0000] {dag.py:3239} INFO - Sync 1 DAGs
[2024-10-31T00:10:51.060+0000] {logging_mixin.py:190} INFO - [2024-10-31T00:10:51.060+0000] {dag.py:4180} INFO - Setting next_dagrun for MI_PRIMER_DAG to 2024-10-30 09:00:00+00:00, run_after=2024-10-31 09:00:00+00:00
[2024-10-31T00:10:51.081+0000] {processor.py:208} INFO - Processing /opt/airflow/dags/primer_dag.py took 0.083 seconds
[2024-10-31T00:11:22.118+0000] {processor.py:186} INFO - Started process (PID=56527) to work on /opt/airflow/dags/primer_dag.py
[2024-10-31T00:11:22.119+0000] {processor.py:914} INFO - Processing file /opt/airflow/dags/primer_dag.py for tasks to queue
[2024-10-31T00:11:22.120+0000] {logging_mixin.py:190} INFO - [2024-10-31T00:11:22.120+0000] {dagbag.py:588} INFO - Filling up the DagBag from /opt/airflow/dags/primer_dag.py
[2024-10-31T00:11:22.138+0000] {processor.py:925} INFO - DAG(s) 'MI_PRIMER_DAG' retrieved from /opt/airflow/dags/primer_dag.py
[2024-10-31T00:11:22.157+0000] {logging_mixin.py:190} INFO - [2024-10-31T00:11:22.157+0000] {dag.py:3239} INFO - Sync 1 DAGs
[2024-10-31T00:11:22.184+0000] {logging_mixin.py:190} INFO - [2024-10-31T00:11:22.183+0000] {dag.py:4180} INFO - Setting next_dagrun for MI_PRIMER_DAG to 2024-10-30 09:00:00+00:00, run_after=2024-10-31 09:00:00+00:00
[2024-10-31T00:11:22.207+0000] {processor.py:208} INFO - Processing /opt/airflow/dags/primer_dag.py took 0.095 seconds
[2024-10-31T00:11:53.175+0000] {processor.py:186} INFO - Started process (PID=56591) to work on /opt/airflow/dags/primer_dag.py
[2024-10-31T00:11:53.176+0000] {processor.py:914} INFO - Processing file /opt/airflow/dags/primer_dag.py for tasks to queue
[2024-10-31T00:11:53.178+0000] {logging_mixin.py:190} INFO - [2024-10-31T00:11:53.177+0000] {dagbag.py:588} INFO - Filling up the DagBag from /opt/airflow/dags/primer_dag.py
[2024-10-31T00:11:53.193+0000] {processor.py:925} INFO - DAG(s) 'MI_PRIMER_DAG' retrieved from /opt/airflow/dags/primer_dag.py
[2024-10-31T00:11:53.212+0000] {logging_mixin.py:190} INFO - [2024-10-31T00:11:53.212+0000] {dag.py:3239} INFO - Sync 1 DAGs
[2024-10-31T00:11:53.243+0000] {logging_mixin.py:190} INFO - [2024-10-31T00:11:53.242+0000] {dag.py:4180} INFO - Setting next_dagrun for MI_PRIMER_DAG to 2024-10-30 09:00:00+00:00, run_after=2024-10-31 09:00:00+00:00
[2024-10-31T00:11:53.267+0000] {processor.py:208} INFO - Processing /opt/airflow/dags/primer_dag.py took 0.097 seconds
[2024-10-31T00:12:23.432+0000] {processor.py:186} INFO - Started process (PID=56655) to work on /opt/airflow/dags/primer_dag.py
[2024-10-31T00:12:23.432+0000] {processor.py:914} INFO - Processing file /opt/airflow/dags/primer_dag.py for tasks to queue
[2024-10-31T00:12:23.434+0000] {logging_mixin.py:190} INFO - [2024-10-31T00:12:23.433+0000] {dagbag.py:588} INFO - Filling up the DagBag from /opt/airflow/dags/primer_dag.py
[2024-10-31T00:12:23.450+0000] {processor.py:925} INFO - DAG(s) 'MI_PRIMER_DAG' retrieved from /opt/airflow/dags/primer_dag.py
[2024-10-31T00:12:23.468+0000] {logging_mixin.py:190} INFO - [2024-10-31T00:12:23.467+0000] {dag.py:3239} INFO - Sync 1 DAGs
[2024-10-31T00:12:23.495+0000] {logging_mixin.py:190} INFO - [2024-10-31T00:12:23.495+0000] {dag.py:4180} INFO - Setting next_dagrun for MI_PRIMER_DAG to 2024-10-30 09:00:00+00:00, run_after=2024-10-31 09:00:00+00:00
[2024-10-31T00:12:23.518+0000] {processor.py:208} INFO - Processing /opt/airflow/dags/primer_dag.py took 0.096 seconds
[2024-10-31T00:12:54.260+0000] {processor.py:186} INFO - Started process (PID=56719) to work on /opt/airflow/dags/primer_dag.py
[2024-10-31T00:12:54.262+0000] {processor.py:914} INFO - Processing file /opt/airflow/dags/primer_dag.py for tasks to queue
[2024-10-31T00:12:54.263+0000] {logging_mixin.py:190} INFO - [2024-10-31T00:12:54.263+0000] {dagbag.py:588} INFO - Filling up the DagBag from /opt/airflow/dags/primer_dag.py
[2024-10-31T00:12:54.282+0000] {processor.py:925} INFO - DAG(s) 'MI_PRIMER_DAG' retrieved from /opt/airflow/dags/primer_dag.py
[2024-10-31T00:12:54.304+0000] {logging_mixin.py:190} INFO - [2024-10-31T00:12:54.303+0000] {dag.py:3239} INFO - Sync 1 DAGs
[2024-10-31T00:12:54.329+0000] {logging_mixin.py:190} INFO - [2024-10-31T00:12:54.329+0000] {dag.py:4180} INFO - Setting next_dagrun for MI_PRIMER_DAG to 2024-10-30 09:00:00+00:00, run_after=2024-10-31 09:00:00+00:00
[2024-10-31T00:12:54.349+0000] {processor.py:208} INFO - Processing /opt/airflow/dags/primer_dag.py took 0.097 seconds
[2024-10-31T00:13:25.227+0000] {processor.py:186} INFO - Started process (PID=56783) to work on /opt/airflow/dags/primer_dag.py
[2024-10-31T00:13:25.228+0000] {processor.py:914} INFO - Processing file /opt/airflow/dags/primer_dag.py for tasks to queue
[2024-10-31T00:13:25.229+0000] {logging_mixin.py:190} INFO - [2024-10-31T00:13:25.229+0000] {dagbag.py:588} INFO - Filling up the DagBag from /opt/airflow/dags/primer_dag.py
[2024-10-31T00:13:25.257+0000] {processor.py:925} INFO - DAG(s) 'MI_PRIMER_DAG' retrieved from /opt/airflow/dags/primer_dag.py
[2024-10-31T00:13:25.275+0000] {logging_mixin.py:190} INFO - [2024-10-31T00:13:25.275+0000] {dag.py:3239} INFO - Sync 1 DAGs
[2024-10-31T00:13:25.305+0000] {logging_mixin.py:190} INFO - [2024-10-31T00:13:25.305+0000] {dag.py:4180} INFO - Setting next_dagrun for MI_PRIMER_DAG to 2024-10-30 09:00:00+00:00, run_after=2024-10-31 09:00:00+00:00
[2024-10-31T00:13:25.329+0000] {processor.py:208} INFO - Processing /opt/airflow/dags/primer_dag.py took 0.108 seconds
[2024-10-31T00:13:56.148+0000] {processor.py:186} INFO - Started process (PID=56847) to work on /opt/airflow/dags/primer_dag.py
[2024-10-31T00:13:56.150+0000] {processor.py:914} INFO - Processing file /opt/airflow/dags/primer_dag.py for tasks to queue
[2024-10-31T00:13:56.151+0000] {logging_mixin.py:190} INFO - [2024-10-31T00:13:56.151+0000] {dagbag.py:588} INFO - Filling up the DagBag from /opt/airflow/dags/primer_dag.py
[2024-10-31T00:13:56.172+0000] {processor.py:925} INFO - DAG(s) 'MI_PRIMER_DAG' retrieved from /opt/airflow/dags/primer_dag.py
[2024-10-31T00:13:56.192+0000] {logging_mixin.py:190} INFO - [2024-10-31T00:13:56.192+0000] {dag.py:3239} INFO - Sync 1 DAGs
[2024-10-31T00:13:56.220+0000] {logging_mixin.py:190} INFO - [2024-10-31T00:13:56.220+0000] {dag.py:4180} INFO - Setting next_dagrun for MI_PRIMER_DAG to 2024-10-30 09:00:00+00:00, run_after=2024-10-31 09:00:00+00:00
[2024-10-31T00:13:56.249+0000] {processor.py:208} INFO - Processing /opt/airflow/dags/primer_dag.py took 0.110 seconds
[2024-10-31T00:14:26.410+0000] {processor.py:186} INFO - Started process (PID=56911) to work on /opt/airflow/dags/primer_dag.py
[2024-10-31T00:14:26.411+0000] {processor.py:914} INFO - Processing file /opt/airflow/dags/primer_dag.py for tasks to queue
[2024-10-31T00:14:26.412+0000] {logging_mixin.py:190} INFO - [2024-10-31T00:14:26.412+0000] {dagbag.py:588} INFO - Filling up the DagBag from /opt/airflow/dags/primer_dag.py
[2024-10-31T00:14:26.429+0000] {processor.py:925} INFO - DAG(s) 'MI_PRIMER_DAG' retrieved from /opt/airflow/dags/primer_dag.py
[2024-10-31T00:14:26.445+0000] {logging_mixin.py:190} INFO - [2024-10-31T00:14:26.445+0000] {dag.py:3239} INFO - Sync 1 DAGs
[2024-10-31T00:14:26.469+0000] {logging_mixin.py:190} INFO - [2024-10-31T00:14:26.469+0000] {dag.py:4180} INFO - Setting next_dagrun for MI_PRIMER_DAG to 2024-10-30 09:00:00+00:00, run_after=2024-10-31 09:00:00+00:00
[2024-10-31T00:14:26.489+0000] {processor.py:208} INFO - Processing /opt/airflow/dags/primer_dag.py took 0.085 seconds
[2024-10-31T00:14:57.203+0000] {processor.py:186} INFO - Started process (PID=56981) to work on /opt/airflow/dags/primer_dag.py
[2024-10-31T00:14:57.204+0000] {processor.py:914} INFO - Processing file /opt/airflow/dags/primer_dag.py for tasks to queue
[2024-10-31T00:14:57.206+0000] {logging_mixin.py:190} INFO - [2024-10-31T00:14:57.205+0000] {dagbag.py:588} INFO - Filling up the DagBag from /opt/airflow/dags/primer_dag.py
[2024-10-31T00:14:57.225+0000] {processor.py:925} INFO - DAG(s) 'MI_PRIMER_DAG' retrieved from /opt/airflow/dags/primer_dag.py
[2024-10-31T00:14:57.246+0000] {logging_mixin.py:190} INFO - [2024-10-31T00:14:57.246+0000] {dag.py:3239} INFO - Sync 1 DAGs
[2024-10-31T00:14:57.272+0000] {logging_mixin.py:190} INFO - [2024-10-31T00:14:57.272+0000] {dag.py:4180} INFO - Setting next_dagrun for MI_PRIMER_DAG to 2024-10-30 09:00:00+00:00, run_after=2024-10-31 09:00:00+00:00
[2024-10-31T00:14:57.294+0000] {processor.py:208} INFO - Processing /opt/airflow/dags/primer_dag.py took 0.099 seconds
[2024-10-31T00:15:27.500+0000] {processor.py:186} INFO - Started process (PID=57045) to work on /opt/airflow/dags/primer_dag.py
[2024-10-31T00:15:27.502+0000] {processor.py:914} INFO - Processing file /opt/airflow/dags/primer_dag.py for tasks to queue
[2024-10-31T00:15:27.504+0000] {logging_mixin.py:190} INFO - [2024-10-31T00:15:27.503+0000] {dagbag.py:588} INFO - Filling up the DagBag from /opt/airflow/dags/primer_dag.py
[2024-10-31T00:15:27.521+0000] {processor.py:925} INFO - DAG(s) 'MI_PRIMER_DAG' retrieved from /opt/airflow/dags/primer_dag.py
[2024-10-31T00:15:27.538+0000] {logging_mixin.py:190} INFO - [2024-10-31T00:15:27.538+0000] {dag.py:3239} INFO - Sync 1 DAGs
[2024-10-31T00:15:27.565+0000] {logging_mixin.py:190} INFO - [2024-10-31T00:15:27.565+0000] {dag.py:4180} INFO - Setting next_dagrun for MI_PRIMER_DAG to 2024-10-30 09:00:00+00:00, run_after=2024-10-31 09:00:00+00:00
[2024-10-31T00:15:27.583+0000] {processor.py:208} INFO - Processing /opt/airflow/dags/primer_dag.py took 0.090 seconds
[2024-10-31T00:15:58.458+0000] {processor.py:186} INFO - Started process (PID=57109) to work on /opt/airflow/dags/primer_dag.py
[2024-10-31T00:15:58.459+0000] {processor.py:914} INFO - Processing file /opt/airflow/dags/primer_dag.py for tasks to queue
[2024-10-31T00:15:58.461+0000] {logging_mixin.py:190} INFO - [2024-10-31T00:15:58.461+0000] {dagbag.py:588} INFO - Filling up the DagBag from /opt/airflow/dags/primer_dag.py
[2024-10-31T00:15:58.480+0000] {processor.py:925} INFO - DAG(s) 'MI_PRIMER_DAG' retrieved from /opt/airflow/dags/primer_dag.py
[2024-10-31T00:15:58.497+0000] {logging_mixin.py:190} INFO - [2024-10-31T00:15:58.497+0000] {dag.py:3239} INFO - Sync 1 DAGs
[2024-10-31T00:15:58.519+0000] {logging_mixin.py:190} INFO - [2024-10-31T00:15:58.519+0000] {dag.py:4180} INFO - Setting next_dagrun for MI_PRIMER_DAG to 2024-10-30 09:00:00+00:00, run_after=2024-10-31 09:00:00+00:00
[2024-10-31T00:15:58.538+0000] {processor.py:208} INFO - Processing /opt/airflow/dags/primer_dag.py took 0.086 seconds
[2024-10-31T00:16:28.832+0000] {processor.py:186} INFO - Started process (PID=57173) to work on /opt/airflow/dags/primer_dag.py
[2024-10-31T00:16:28.833+0000] {processor.py:914} INFO - Processing file /opt/airflow/dags/primer_dag.py for tasks to queue
[2024-10-31T00:16:28.834+0000] {logging_mixin.py:190} INFO - [2024-10-31T00:16:28.834+0000] {dagbag.py:588} INFO - Filling up the DagBag from /opt/airflow/dags/primer_dag.py
[2024-10-31T00:16:28.849+0000] {processor.py:925} INFO - DAG(s) 'MI_PRIMER_DAG' retrieved from /opt/airflow/dags/primer_dag.py
[2024-10-31T00:16:28.867+0000] {logging_mixin.py:190} INFO - [2024-10-31T00:16:28.867+0000] {dag.py:3239} INFO - Sync 1 DAGs
[2024-10-31T00:16:28.892+0000] {logging_mixin.py:190} INFO - [2024-10-31T00:16:28.891+0000] {dag.py:4180} INFO - Setting next_dagrun for MI_PRIMER_DAG to 2024-10-30 09:00:00+00:00, run_after=2024-10-31 09:00:00+00:00
[2024-10-31T00:16:28.915+0000] {processor.py:208} INFO - Processing /opt/airflow/dags/primer_dag.py took 0.088 seconds
[2024-10-31T00:16:59.745+0000] {processor.py:186} INFO - Started process (PID=57237) to work on /opt/airflow/dags/primer_dag.py
[2024-10-31T00:16:59.746+0000] {processor.py:914} INFO - Processing file /opt/airflow/dags/primer_dag.py for tasks to queue
[2024-10-31T00:16:59.747+0000] {logging_mixin.py:190} INFO - [2024-10-31T00:16:59.747+0000] {dagbag.py:588} INFO - Filling up the DagBag from /opt/airflow/dags/primer_dag.py
[2024-10-31T00:16:59.762+0000] {processor.py:925} INFO - DAG(s) 'MI_PRIMER_DAG' retrieved from /opt/airflow/dags/primer_dag.py
[2024-10-31T00:16:59.780+0000] {logging_mixin.py:190} INFO - [2024-10-31T00:16:59.780+0000] {dag.py:3239} INFO - Sync 1 DAGs
[2024-10-31T00:16:59.808+0000] {logging_mixin.py:190} INFO - [2024-10-31T00:16:59.807+0000] {dag.py:4180} INFO - Setting next_dagrun for MI_PRIMER_DAG to 2024-10-30 09:00:00+00:00, run_after=2024-10-31 09:00:00+00:00
[2024-10-31T00:16:59.831+0000] {processor.py:208} INFO - Processing /opt/airflow/dags/primer_dag.py took 0.093 seconds
[2024-10-31T00:17:30.645+0000] {processor.py:186} INFO - Started process (PID=57301) to work on /opt/airflow/dags/primer_dag.py
[2024-10-31T00:17:30.646+0000] {processor.py:914} INFO - Processing file /opt/airflow/dags/primer_dag.py for tasks to queue
[2024-10-31T00:17:30.648+0000] {logging_mixin.py:190} INFO - [2024-10-31T00:17:30.647+0000] {dagbag.py:588} INFO - Filling up the DagBag from /opt/airflow/dags/primer_dag.py
[2024-10-31T00:17:30.667+0000] {processor.py:925} INFO - DAG(s) 'MI_PRIMER_DAG' retrieved from /opt/airflow/dags/primer_dag.py
[2024-10-31T00:17:30.693+0000] {logging_mixin.py:190} INFO - [2024-10-31T00:17:30.693+0000] {dag.py:3239} INFO - Sync 1 DAGs
[2024-10-31T00:17:30.724+0000] {logging_mixin.py:190} INFO - [2024-10-31T00:17:30.724+0000] {dag.py:4180} INFO - Setting next_dagrun for MI_PRIMER_DAG to 2024-10-30 09:00:00+00:00, run_after=2024-10-31 09:00:00+00:00
[2024-10-31T00:17:30.751+0000] {processor.py:208} INFO - Processing /opt/airflow/dags/primer_dag.py took 0.113 seconds
[2024-10-31T00:18:01.577+0000] {processor.py:186} INFO - Started process (PID=57365) to work on /opt/airflow/dags/primer_dag.py
[2024-10-31T00:18:01.578+0000] {processor.py:914} INFO - Processing file /opt/airflow/dags/primer_dag.py for tasks to queue
[2024-10-31T00:18:01.579+0000] {logging_mixin.py:190} INFO - [2024-10-31T00:18:01.579+0000] {dagbag.py:588} INFO - Filling up the DagBag from /opt/airflow/dags/primer_dag.py
[2024-10-31T00:18:01.597+0000] {processor.py:925} INFO - DAG(s) 'MI_PRIMER_DAG' retrieved from /opt/airflow/dags/primer_dag.py
[2024-10-31T00:18:01.619+0000] {logging_mixin.py:190} INFO - [2024-10-31T00:18:01.618+0000] {dag.py:3239} INFO - Sync 1 DAGs
[2024-10-31T00:18:01.649+0000] {logging_mixin.py:190} INFO - [2024-10-31T00:18:01.649+0000] {dag.py:4180} INFO - Setting next_dagrun for MI_PRIMER_DAG to 2024-10-30 09:00:00+00:00, run_after=2024-10-31 09:00:00+00:00
[2024-10-31T00:18:01.672+0000] {processor.py:208} INFO - Processing /opt/airflow/dags/primer_dag.py took 0.100 seconds
[2024-10-31T00:18:32.348+0000] {processor.py:186} INFO - Started process (PID=57429) to work on /opt/airflow/dags/primer_dag.py
[2024-10-31T00:18:32.349+0000] {processor.py:914} INFO - Processing file /opt/airflow/dags/primer_dag.py for tasks to queue
[2024-10-31T00:18:32.350+0000] {logging_mixin.py:190} INFO - [2024-10-31T00:18:32.350+0000] {dagbag.py:588} INFO - Filling up the DagBag from /opt/airflow/dags/primer_dag.py
[2024-10-31T00:18:32.365+0000] {processor.py:925} INFO - DAG(s) 'MI_PRIMER_DAG' retrieved from /opt/airflow/dags/primer_dag.py
[2024-10-31T00:18:32.381+0000] {logging_mixin.py:190} INFO - [2024-10-31T00:18:32.381+0000] {dag.py:3239} INFO - Sync 1 DAGs
[2024-10-31T00:18:32.402+0000] {logging_mixin.py:190} INFO - [2024-10-31T00:18:32.402+0000] {dag.py:4180} INFO - Setting next_dagrun for MI_PRIMER_DAG to 2024-10-30 09:00:00+00:00, run_after=2024-10-31 09:00:00+00:00
[2024-10-31T00:18:32.424+0000] {processor.py:208} INFO - Processing /opt/airflow/dags/primer_dag.py took 0.081 seconds
[2024-10-31T00:19:03.009+0000] {processor.py:186} INFO - Started process (PID=57493) to work on /opt/airflow/dags/primer_dag.py
[2024-10-31T00:19:03.010+0000] {processor.py:914} INFO - Processing file /opt/airflow/dags/primer_dag.py for tasks to queue
[2024-10-31T00:19:03.011+0000] {logging_mixin.py:190} INFO - [2024-10-31T00:19:03.011+0000] {dagbag.py:588} INFO - Filling up the DagBag from /opt/airflow/dags/primer_dag.py
[2024-10-31T00:19:03.030+0000] {processor.py:925} INFO - DAG(s) 'MI_PRIMER_DAG' retrieved from /opt/airflow/dags/primer_dag.py
[2024-10-31T00:19:03.050+0000] {logging_mixin.py:190} INFO - [2024-10-31T00:19:03.049+0000] {dag.py:3239} INFO - Sync 1 DAGs
[2024-10-31T00:19:03.078+0000] {logging_mixin.py:190} INFO - [2024-10-31T00:19:03.078+0000] {dag.py:4180} INFO - Setting next_dagrun for MI_PRIMER_DAG to 2024-10-30 09:00:00+00:00, run_after=2024-10-31 09:00:00+00:00
[2024-10-31T00:19:03.106+0000] {processor.py:208} INFO - Processing /opt/airflow/dags/primer_dag.py took 0.104 seconds
[2024-10-31T00:19:34.044+0000] {processor.py:186} INFO - Started process (PID=57557) to work on /opt/airflow/dags/primer_dag.py
[2024-10-31T00:19:34.045+0000] {processor.py:914} INFO - Processing file /opt/airflow/dags/primer_dag.py for tasks to queue
[2024-10-31T00:19:34.046+0000] {logging_mixin.py:190} INFO - [2024-10-31T00:19:34.046+0000] {dagbag.py:588} INFO - Filling up the DagBag from /opt/airflow/dags/primer_dag.py
[2024-10-31T00:19:34.066+0000] {processor.py:925} INFO - DAG(s) 'MI_PRIMER_DAG' retrieved from /opt/airflow/dags/primer_dag.py
[2024-10-31T00:19:34.095+0000] {logging_mixin.py:190} INFO - [2024-10-31T00:19:34.095+0000] {dag.py:3239} INFO - Sync 1 DAGs
[2024-10-31T00:19:34.132+0000] {logging_mixin.py:190} INFO - [2024-10-31T00:19:34.132+0000] {dag.py:4180} INFO - Setting next_dagrun for MI_PRIMER_DAG to 2024-10-30 09:00:00+00:00, run_after=2024-10-31 09:00:00+00:00
[2024-10-31T00:19:34.156+0000] {processor.py:208} INFO - Processing /opt/airflow/dags/primer_dag.py took 0.119 seconds
[2024-10-31T00:20:05.043+0000] {processor.py:186} INFO - Started process (PID=57622) to work on /opt/airflow/dags/primer_dag.py
[2024-10-31T00:20:05.045+0000] {processor.py:914} INFO - Processing file /opt/airflow/dags/primer_dag.py for tasks to queue
[2024-10-31T00:20:05.046+0000] {logging_mixin.py:190} INFO - [2024-10-31T00:20:05.046+0000] {dagbag.py:588} INFO - Filling up the DagBag from /opt/airflow/dags/primer_dag.py
[2024-10-31T00:20:05.062+0000] {processor.py:925} INFO - DAG(s) 'MI_PRIMER_DAG' retrieved from /opt/airflow/dags/primer_dag.py
[2024-10-31T00:20:05.080+0000] {logging_mixin.py:190} INFO - [2024-10-31T00:20:05.079+0000] {dag.py:3239} INFO - Sync 1 DAGs
[2024-10-31T00:20:05.104+0000] {logging_mixin.py:190} INFO - [2024-10-31T00:20:05.104+0000] {dag.py:4180} INFO - Setting next_dagrun for MI_PRIMER_DAG to 2024-10-30 09:00:00+00:00, run_after=2024-10-31 09:00:00+00:00
[2024-10-31T00:20:05.130+0000] {processor.py:208} INFO - Processing /opt/airflow/dags/primer_dag.py took 0.093 seconds
[2024-10-31T00:20:35.974+0000] {processor.py:186} INFO - Started process (PID=57686) to work on /opt/airflow/dags/primer_dag.py
[2024-10-31T00:20:35.975+0000] {processor.py:914} INFO - Processing file /opt/airflow/dags/primer_dag.py for tasks to queue
[2024-10-31T00:20:35.977+0000] {logging_mixin.py:190} INFO - [2024-10-31T00:20:35.977+0000] {dagbag.py:588} INFO - Filling up the DagBag from /opt/airflow/dags/primer_dag.py
[2024-10-31T00:20:36.002+0000] {processor.py:925} INFO - DAG(s) 'MI_PRIMER_DAG' retrieved from /opt/airflow/dags/primer_dag.py
[2024-10-31T00:20:36.021+0000] {logging_mixin.py:190} INFO - [2024-10-31T00:20:36.021+0000] {dag.py:3239} INFO - Sync 1 DAGs
[2024-10-31T00:20:36.045+0000] {logging_mixin.py:190} INFO - [2024-10-31T00:20:36.045+0000] {dag.py:4180} INFO - Setting next_dagrun for MI_PRIMER_DAG to 2024-10-30 09:00:00+00:00, run_after=2024-10-31 09:00:00+00:00
[2024-10-31T00:20:36.069+0000] {processor.py:208} INFO - Processing /opt/airflow/dags/primer_dag.py took 0.101 seconds
[2024-10-31T00:21:06.949+0000] {processor.py:186} INFO - Started process (PID=57750) to work on /opt/airflow/dags/primer_dag.py
[2024-10-31T00:21:06.950+0000] {processor.py:914} INFO - Processing file /opt/airflow/dags/primer_dag.py for tasks to queue
[2024-10-31T00:21:06.952+0000] {logging_mixin.py:190} INFO - [2024-10-31T00:21:06.952+0000] {dagbag.py:588} INFO - Filling up the DagBag from /opt/airflow/dags/primer_dag.py
[2024-10-31T00:21:06.975+0000] {processor.py:925} INFO - DAG(s) 'MI_PRIMER_DAG' retrieved from /opt/airflow/dags/primer_dag.py
[2024-10-31T00:21:06.999+0000] {logging_mixin.py:190} INFO - [2024-10-31T00:21:06.998+0000] {dag.py:3239} INFO - Sync 1 DAGs
[2024-10-31T00:21:07.032+0000] {logging_mixin.py:190} INFO - [2024-10-31T00:21:07.032+0000] {dag.py:4180} INFO - Setting next_dagrun for MI_PRIMER_DAG to 2024-10-30 09:00:00+00:00, run_after=2024-10-31 09:00:00+00:00
[2024-10-31T00:21:07.060+0000] {processor.py:208} INFO - Processing /opt/airflow/dags/primer_dag.py took 0.119 seconds
[2024-10-31T00:21:37.742+0000] {processor.py:186} INFO - Started process (PID=57814) to work on /opt/airflow/dags/primer_dag.py
[2024-10-31T00:21:37.743+0000] {processor.py:914} INFO - Processing file /opt/airflow/dags/primer_dag.py for tasks to queue
[2024-10-31T00:21:37.744+0000] {logging_mixin.py:190} INFO - [2024-10-31T00:21:37.744+0000] {dagbag.py:588} INFO - Filling up the DagBag from /opt/airflow/dags/primer_dag.py
[2024-10-31T00:21:37.763+0000] {processor.py:925} INFO - DAG(s) 'MI_PRIMER_DAG' retrieved from /opt/airflow/dags/primer_dag.py
[2024-10-31T00:21:37.781+0000] {logging_mixin.py:190} INFO - [2024-10-31T00:21:37.780+0000] {dag.py:3239} INFO - Sync 1 DAGs
[2024-10-31T00:21:37.804+0000] {logging_mixin.py:190} INFO - [2024-10-31T00:21:37.803+0000] {dag.py:4180} INFO - Setting next_dagrun for MI_PRIMER_DAG to 2024-10-30 09:00:00+00:00, run_after=2024-10-31 09:00:00+00:00
[2024-10-31T00:21:37.826+0000] {processor.py:208} INFO - Processing /opt/airflow/dags/primer_dag.py took 0.091 seconds
[2024-10-31T00:22:08.640+0000] {processor.py:186} INFO - Started process (PID=57878) to work on /opt/airflow/dags/primer_dag.py
[2024-10-31T00:22:08.641+0000] {processor.py:914} INFO - Processing file /opt/airflow/dags/primer_dag.py for tasks to queue
[2024-10-31T00:22:08.642+0000] {logging_mixin.py:190} INFO - [2024-10-31T00:22:08.642+0000] {dagbag.py:588} INFO - Filling up the DagBag from /opt/airflow/dags/primer_dag.py
[2024-10-31T00:22:08.662+0000] {processor.py:925} INFO - DAG(s) 'MI_PRIMER_DAG' retrieved from /opt/airflow/dags/primer_dag.py
[2024-10-31T00:22:08.683+0000] {logging_mixin.py:190} INFO - [2024-10-31T00:22:08.682+0000] {dag.py:3239} INFO - Sync 1 DAGs
[2024-10-31T00:22:08.711+0000] {logging_mixin.py:190} INFO - [2024-10-31T00:22:08.711+0000] {dag.py:4180} INFO - Setting next_dagrun for MI_PRIMER_DAG to 2024-10-30 09:00:00+00:00, run_after=2024-10-31 09:00:00+00:00
[2024-10-31T00:22:08.735+0000] {processor.py:208} INFO - Processing /opt/airflow/dags/primer_dag.py took 0.100 seconds
[2024-10-31T00:22:39.066+0000] {processor.py:186} INFO - Started process (PID=57942) to work on /opt/airflow/dags/primer_dag.py
[2024-10-31T00:22:39.067+0000] {processor.py:914} INFO - Processing file /opt/airflow/dags/primer_dag.py for tasks to queue
[2024-10-31T00:22:39.068+0000] {logging_mixin.py:190} INFO - [2024-10-31T00:22:39.068+0000] {dagbag.py:588} INFO - Filling up the DagBag from /opt/airflow/dags/primer_dag.py
[2024-10-31T00:22:39.085+0000] {processor.py:925} INFO - DAG(s) 'MI_PRIMER_DAG' retrieved from /opt/airflow/dags/primer_dag.py
[2024-10-31T00:22:39.104+0000] {logging_mixin.py:190} INFO - [2024-10-31T00:22:39.103+0000] {dag.py:3239} INFO - Sync 1 DAGs
[2024-10-31T00:22:39.130+0000] {logging_mixin.py:190} INFO - [2024-10-31T00:22:39.129+0000] {dag.py:4180} INFO - Setting next_dagrun for MI_PRIMER_DAG to 2024-10-30 09:00:00+00:00, run_after=2024-10-31 09:00:00+00:00
[2024-10-31T00:22:39.152+0000] {processor.py:208} INFO - Processing /opt/airflow/dags/primer_dag.py took 0.094 seconds
[2024-10-31T00:23:09.337+0000] {processor.py:186} INFO - Started process (PID=58006) to work on /opt/airflow/dags/primer_dag.py
[2024-10-31T00:23:09.338+0000] {processor.py:914} INFO - Processing file /opt/airflow/dags/primer_dag.py for tasks to queue
[2024-10-31T00:23:09.339+0000] {logging_mixin.py:190} INFO - [2024-10-31T00:23:09.339+0000] {dagbag.py:588} INFO - Filling up the DagBag from /opt/airflow/dags/primer_dag.py
[2024-10-31T00:23:09.354+0000] {processor.py:925} INFO - DAG(s) 'MI_PRIMER_DAG' retrieved from /opt/airflow/dags/primer_dag.py
[2024-10-31T00:23:09.375+0000] {logging_mixin.py:190} INFO - [2024-10-31T00:23:09.374+0000] {dag.py:3239} INFO - Sync 1 DAGs
[2024-10-31T00:23:09.396+0000] {logging_mixin.py:190} INFO - [2024-10-31T00:23:09.396+0000] {dag.py:4180} INFO - Setting next_dagrun for MI_PRIMER_DAG to 2024-10-30 09:00:00+00:00, run_after=2024-10-31 09:00:00+00:00
[2024-10-31T00:23:09.421+0000] {processor.py:208} INFO - Processing /opt/airflow/dags/primer_dag.py took 0.092 seconds
[2024-10-31T00:23:39.959+0000] {processor.py:186} INFO - Started process (PID=58070) to work on /opt/airflow/dags/primer_dag.py
[2024-10-31T00:23:39.960+0000] {processor.py:914} INFO - Processing file /opt/airflow/dags/primer_dag.py for tasks to queue
[2024-10-31T00:23:39.962+0000] {logging_mixin.py:190} INFO - [2024-10-31T00:23:39.962+0000] {dagbag.py:588} INFO - Filling up the DagBag from /opt/airflow/dags/primer_dag.py
[2024-10-31T00:23:39.997+0000] {processor.py:925} INFO - DAG(s) 'MI_PRIMER_DAG' retrieved from /opt/airflow/dags/primer_dag.py
[2024-10-31T00:23:40.021+0000] {logging_mixin.py:190} INFO - [2024-10-31T00:23:40.020+0000] {dag.py:3239} INFO - Sync 1 DAGs
[2024-10-31T00:23:40.046+0000] {logging_mixin.py:190} INFO - [2024-10-31T00:23:40.046+0000] {dag.py:4180} INFO - Setting next_dagrun for MI_PRIMER_DAG to 2024-10-30 09:00:00+00:00, run_after=2024-10-31 09:00:00+00:00
[2024-10-31T00:23:40.073+0000] {processor.py:208} INFO - Processing /opt/airflow/dags/primer_dag.py took 0.121 seconds
[2024-10-31T00:24:10.663+0000] {processor.py:186} INFO - Started process (PID=58134) to work on /opt/airflow/dags/primer_dag.py
[2024-10-31T00:24:10.664+0000] {processor.py:914} INFO - Processing file /opt/airflow/dags/primer_dag.py for tasks to queue
[2024-10-31T00:24:10.665+0000] {logging_mixin.py:190} INFO - [2024-10-31T00:24:10.665+0000] {dagbag.py:588} INFO - Filling up the DagBag from /opt/airflow/dags/primer_dag.py
[2024-10-31T00:24:10.680+0000] {processor.py:925} INFO - DAG(s) 'MI_PRIMER_DAG' retrieved from /opt/airflow/dags/primer_dag.py
[2024-10-31T00:24:10.697+0000] {logging_mixin.py:190} INFO - [2024-10-31T00:24:10.696+0000] {dag.py:3239} INFO - Sync 1 DAGs
[2024-10-31T00:24:10.720+0000] {logging_mixin.py:190} INFO - [2024-10-31T00:24:10.719+0000] {dag.py:4180} INFO - Setting next_dagrun for MI_PRIMER_DAG to 2024-10-30 09:00:00+00:00, run_after=2024-10-31 09:00:00+00:00
[2024-10-31T00:24:10.740+0000] {processor.py:208} INFO - Processing /opt/airflow/dags/primer_dag.py took 0.082 seconds
[2024-10-31T00:24:41.126+0000] {processor.py:186} INFO - Started process (PID=58194) to work on /opt/airflow/dags/primer_dag.py
[2024-10-31T00:24:41.127+0000] {processor.py:914} INFO - Processing file /opt/airflow/dags/primer_dag.py for tasks to queue
[2024-10-31T00:24:41.128+0000] {logging_mixin.py:190} INFO - [2024-10-31T00:24:41.128+0000] {dagbag.py:588} INFO - Filling up the DagBag from /opt/airflow/dags/primer_dag.py
[2024-10-31T00:24:41.143+0000] {processor.py:925} INFO - DAG(s) 'MI_PRIMER_DAG' retrieved from /opt/airflow/dags/primer_dag.py
[2024-10-31T00:24:41.167+0000] {logging_mixin.py:190} INFO - [2024-10-31T00:24:41.167+0000] {dag.py:3239} INFO - Sync 1 DAGs
[2024-10-31T00:24:41.193+0000] {logging_mixin.py:190} INFO - [2024-10-31T00:24:41.193+0000] {dag.py:4180} INFO - Setting next_dagrun for MI_PRIMER_DAG to 2024-10-30 09:00:00+00:00, run_after=2024-10-31 09:00:00+00:00
[2024-10-31T00:24:41.220+0000] {processor.py:208} INFO - Processing /opt/airflow/dags/primer_dag.py took 0.099 seconds
[2024-10-31T00:25:12.088+0000] {processor.py:186} INFO - Started process (PID=58258) to work on /opt/airflow/dags/primer_dag.py
[2024-10-31T00:25:12.089+0000] {processor.py:914} INFO - Processing file /opt/airflow/dags/primer_dag.py for tasks to queue
[2024-10-31T00:25:12.091+0000] {logging_mixin.py:190} INFO - [2024-10-31T00:25:12.091+0000] {dagbag.py:588} INFO - Filling up the DagBag from /opt/airflow/dags/primer_dag.py
[2024-10-31T00:25:12.111+0000] {processor.py:925} INFO - DAG(s) 'MI_PRIMER_DAG' retrieved from /opt/airflow/dags/primer_dag.py
[2024-10-31T00:25:12.130+0000] {logging_mixin.py:190} INFO - [2024-10-31T00:25:12.129+0000] {dag.py:3239} INFO - Sync 1 DAGs
[2024-10-31T00:25:12.157+0000] {logging_mixin.py:190} INFO - [2024-10-31T00:25:12.157+0000] {dag.py:4180} INFO - Setting next_dagrun for MI_PRIMER_DAG to 2024-10-30 09:00:00+00:00, run_after=2024-10-31 09:00:00+00:00
[2024-10-31T00:25:12.181+0000] {processor.py:208} INFO - Processing /opt/airflow/dags/primer_dag.py took 0.101 seconds
[2024-10-31T00:25:42.597+0000] {processor.py:186} INFO - Started process (PID=58322) to work on /opt/airflow/dags/primer_dag.py
[2024-10-31T00:25:42.599+0000] {processor.py:914} INFO - Processing file /opt/airflow/dags/primer_dag.py for tasks to queue
[2024-10-31T00:25:42.600+0000] {logging_mixin.py:190} INFO - [2024-10-31T00:25:42.599+0000] {dagbag.py:588} INFO - Filling up the DagBag from /opt/airflow/dags/primer_dag.py
[2024-10-31T00:25:42.617+0000] {processor.py:925} INFO - DAG(s) 'MI_PRIMER_DAG' retrieved from /opt/airflow/dags/primer_dag.py
[2024-10-31T00:25:42.636+0000] {logging_mixin.py:190} INFO - [2024-10-31T00:25:42.635+0000] {dag.py:3239} INFO - Sync 1 DAGs
[2024-10-31T00:25:42.660+0000] {logging_mixin.py:190} INFO - [2024-10-31T00:25:42.659+0000] {dag.py:4180} INFO - Setting next_dagrun for MI_PRIMER_DAG to 2024-10-30 09:00:00+00:00, run_after=2024-10-31 09:00:00+00:00
[2024-10-31T00:25:42.682+0000] {processor.py:208} INFO - Processing /opt/airflow/dags/primer_dag.py took 0.091 seconds
[2024-10-31T00:26:12.995+0000] {processor.py:186} INFO - Started process (PID=58386) to work on /opt/airflow/dags/primer_dag.py
[2024-10-31T00:26:12.997+0000] {processor.py:914} INFO - Processing file /opt/airflow/dags/primer_dag.py for tasks to queue
[2024-10-31T00:26:12.999+0000] {logging_mixin.py:190} INFO - [2024-10-31T00:26:12.998+0000] {dagbag.py:588} INFO - Filling up the DagBag from /opt/airflow/dags/primer_dag.py
[2024-10-31T00:26:13.015+0000] {processor.py:925} INFO - DAG(s) 'MI_PRIMER_DAG' retrieved from /opt/airflow/dags/primer_dag.py
[2024-10-31T00:26:13.037+0000] {logging_mixin.py:190} INFO - [2024-10-31T00:26:13.037+0000] {dag.py:3239} INFO - Sync 1 DAGs
[2024-10-31T00:26:13.063+0000] {logging_mixin.py:190} INFO - [2024-10-31T00:26:13.063+0000] {dag.py:4180} INFO - Setting next_dagrun for MI_PRIMER_DAG to 2024-10-30 09:00:00+00:00, run_after=2024-10-31 09:00:00+00:00
[2024-10-31T00:26:13.083+0000] {processor.py:208} INFO - Processing /opt/airflow/dags/primer_dag.py took 0.096 seconds
[2024-10-31T00:26:43.641+0000] {processor.py:186} INFO - Started process (PID=58451) to work on /opt/airflow/dags/primer_dag.py
[2024-10-31T00:26:43.642+0000] {processor.py:914} INFO - Processing file /opt/airflow/dags/primer_dag.py for tasks to queue
[2024-10-31T00:26:43.643+0000] {logging_mixin.py:190} INFO - [2024-10-31T00:26:43.643+0000] {dagbag.py:588} INFO - Filling up the DagBag from /opt/airflow/dags/primer_dag.py
[2024-10-31T00:26:43.660+0000] {processor.py:925} INFO - DAG(s) 'MI_PRIMER_DAG' retrieved from /opt/airflow/dags/primer_dag.py
[2024-10-31T00:26:43.685+0000] {logging_mixin.py:190} INFO - [2024-10-31T00:26:43.684+0000] {dag.py:3239} INFO - Sync 1 DAGs
[2024-10-31T00:26:43.722+0000] {logging_mixin.py:190} INFO - [2024-10-31T00:26:43.722+0000] {dag.py:4180} INFO - Setting next_dagrun for MI_PRIMER_DAG to 2024-10-30 09:00:00+00:00, run_after=2024-10-31 09:00:00+00:00
[2024-10-31T00:26:43.751+0000] {processor.py:208} INFO - Processing /opt/airflow/dags/primer_dag.py took 0.119 seconds
[2024-10-31T00:27:14.047+0000] {processor.py:186} INFO - Started process (PID=58507) to work on /opt/airflow/dags/primer_dag.py
[2024-10-31T00:27:14.049+0000] {processor.py:914} INFO - Processing file /opt/airflow/dags/primer_dag.py for tasks to queue
[2024-10-31T00:27:14.051+0000] {logging_mixin.py:190} INFO - [2024-10-31T00:27:14.050+0000] {dagbag.py:588} INFO - Filling up the DagBag from /opt/airflow/dags/primer_dag.py
[2024-10-31T00:27:14.069+0000] {processor.py:925} INFO - DAG(s) 'MI_PRIMER_DAG' retrieved from /opt/airflow/dags/primer_dag.py
[2024-10-31T00:27:14.088+0000] {logging_mixin.py:190} INFO - [2024-10-31T00:27:14.088+0000] {dag.py:3239} INFO - Sync 1 DAGs
[2024-10-31T00:27:14.118+0000] {logging_mixin.py:190} INFO - [2024-10-31T00:27:14.118+0000] {dag.py:4180} INFO - Setting next_dagrun for MI_PRIMER_DAG to 2024-10-30 09:00:00+00:00, run_after=2024-10-31 09:00:00+00:00
[2024-10-31T00:27:14.144+0000] {processor.py:208} INFO - Processing /opt/airflow/dags/primer_dag.py took 0.104 seconds
[2024-10-31T00:27:44.566+0000] {processor.py:186} INFO - Started process (PID=58566) to work on /opt/airflow/dags/primer_dag.py
[2024-10-31T00:27:44.567+0000] {processor.py:914} INFO - Processing file /opt/airflow/dags/primer_dag.py for tasks to queue
[2024-10-31T00:27:44.569+0000] {logging_mixin.py:190} INFO - [2024-10-31T00:27:44.568+0000] {dagbag.py:588} INFO - Filling up the DagBag from /opt/airflow/dags/primer_dag.py
[2024-10-31T00:27:44.587+0000] {processor.py:925} INFO - DAG(s) 'MI_PRIMER_DAG' retrieved from /opt/airflow/dags/primer_dag.py
[2024-10-31T00:27:44.604+0000] {logging_mixin.py:190} INFO - [2024-10-31T00:27:44.603+0000] {dag.py:3239} INFO - Sync 1 DAGs
[2024-10-31T00:27:44.789+0000] {logging_mixin.py:190} INFO - [2024-10-31T00:27:44.788+0000] {dag.py:4180} INFO - Setting next_dagrun for MI_PRIMER_DAG to 2024-10-30 09:00:00+00:00, run_after=2024-10-31 09:00:00+00:00
[2024-10-31T00:27:44.810+0000] {processor.py:208} INFO - Processing /opt/airflow/dags/primer_dag.py took 0.251 seconds
[2024-10-31T00:28:14.947+0000] {processor.py:186} INFO - Started process (PID=58631) to work on /opt/airflow/dags/primer_dag.py
[2024-10-31T00:28:14.949+0000] {processor.py:914} INFO - Processing file /opt/airflow/dags/primer_dag.py for tasks to queue
[2024-10-31T00:28:14.950+0000] {logging_mixin.py:190} INFO - [2024-10-31T00:28:14.950+0000] {dagbag.py:588} INFO - Filling up the DagBag from /opt/airflow/dags/primer_dag.py
[2024-10-31T00:28:14.968+0000] {processor.py:925} INFO - DAG(s) 'MI_PRIMER_DAG' retrieved from /opt/airflow/dags/primer_dag.py
[2024-10-31T00:28:14.987+0000] {logging_mixin.py:190} INFO - [2024-10-31T00:28:14.987+0000] {dag.py:3239} INFO - Sync 1 DAGs
[2024-10-31T00:28:15.009+0000] {logging_mixin.py:190} INFO - [2024-10-31T00:28:15.009+0000] {dag.py:4180} INFO - Setting next_dagrun for MI_PRIMER_DAG to 2024-10-30 09:00:00+00:00, run_after=2024-10-31 09:00:00+00:00
[2024-10-31T00:28:15.030+0000] {processor.py:208} INFO - Processing /opt/airflow/dags/primer_dag.py took 0.089 seconds
[2024-10-31T00:28:45.788+0000] {processor.py:186} INFO - Started process (PID=58692) to work on /opt/airflow/dags/primer_dag.py
[2024-10-31T00:28:45.789+0000] {processor.py:914} INFO - Processing file /opt/airflow/dags/primer_dag.py for tasks to queue
[2024-10-31T00:28:45.791+0000] {logging_mixin.py:190} INFO - [2024-10-31T00:28:45.790+0000] {dagbag.py:588} INFO - Filling up the DagBag from /opt/airflow/dags/primer_dag.py
[2024-10-31T00:28:45.811+0000] {processor.py:925} INFO - DAG(s) 'MI_PRIMER_DAG' retrieved from /opt/airflow/dags/primer_dag.py
[2024-10-31T00:28:45.828+0000] {logging_mixin.py:190} INFO - [2024-10-31T00:28:45.828+0000] {dag.py:3239} INFO - Sync 1 DAGs
[2024-10-31T00:28:45.853+0000] {logging_mixin.py:190} INFO - [2024-10-31T00:28:45.853+0000] {dag.py:4180} INFO - Setting next_dagrun for MI_PRIMER_DAG to 2024-10-30 09:00:00+00:00, run_after=2024-10-31 09:00:00+00:00
[2024-10-31T00:28:45.874+0000] {processor.py:208} INFO - Processing /opt/airflow/dags/primer_dag.py took 0.093 seconds
[2024-10-31T00:29:16.079+0000] {processor.py:186} INFO - Started process (PID=58756) to work on /opt/airflow/dags/primer_dag.py
[2024-10-31T00:29:16.080+0000] {processor.py:914} INFO - Processing file /opt/airflow/dags/primer_dag.py for tasks to queue
[2024-10-31T00:29:16.081+0000] {logging_mixin.py:190} INFO - [2024-10-31T00:29:16.081+0000] {dagbag.py:588} INFO - Filling up the DagBag from /opt/airflow/dags/primer_dag.py
[2024-10-31T00:29:16.100+0000] {processor.py:925} INFO - DAG(s) 'MI_PRIMER_DAG' retrieved from /opt/airflow/dags/primer_dag.py
[2024-10-31T00:29:16.117+0000] {logging_mixin.py:190} INFO - [2024-10-31T00:29:16.117+0000] {dag.py:3239} INFO - Sync 1 DAGs
[2024-10-31T00:29:16.141+0000] {logging_mixin.py:190} INFO - [2024-10-31T00:29:16.140+0000] {dag.py:4180} INFO - Setting next_dagrun for MI_PRIMER_DAG to 2024-10-30 09:00:00+00:00, run_after=2024-10-31 09:00:00+00:00
[2024-10-31T00:29:16.185+0000] {processor.py:208} INFO - Processing /opt/airflow/dags/primer_dag.py took 0.111 seconds
[2024-10-31T00:29:46.229+0000] {processor.py:186} INFO - Started process (PID=58819) to work on /opt/airflow/dags/primer_dag.py
[2024-10-31T00:29:46.230+0000] {processor.py:914} INFO - Processing file /opt/airflow/dags/primer_dag.py for tasks to queue
[2024-10-31T00:29:46.231+0000] {logging_mixin.py:190} INFO - [2024-10-31T00:29:46.231+0000] {dagbag.py:588} INFO - Filling up the DagBag from /opt/airflow/dags/primer_dag.py
[2024-10-31T00:29:46.244+0000] {processor.py:925} INFO - DAG(s) 'MI_PRIMER_DAG' retrieved from /opt/airflow/dags/primer_dag.py
[2024-10-31T00:29:46.260+0000] {logging_mixin.py:190} INFO - [2024-10-31T00:29:46.260+0000] {dag.py:3239} INFO - Sync 1 DAGs
[2024-10-31T00:29:46.283+0000] {logging_mixin.py:190} INFO - [2024-10-31T00:29:46.283+0000] {dag.py:4180} INFO - Setting next_dagrun for MI_PRIMER_DAG to 2024-10-30 09:00:00+00:00, run_after=2024-10-31 09:00:00+00:00
[2024-10-31T00:29:46.305+0000] {processor.py:208} INFO - Processing /opt/airflow/dags/primer_dag.py took 0.081 seconds
[2024-10-31T00:30:16.392+0000] {processor.py:186} INFO - Started process (PID=58883) to work on /opt/airflow/dags/primer_dag.py
[2024-10-31T00:30:16.394+0000] {processor.py:914} INFO - Processing file /opt/airflow/dags/primer_dag.py for tasks to queue
[2024-10-31T00:30:16.396+0000] {logging_mixin.py:190} INFO - [2024-10-31T00:30:16.395+0000] {dagbag.py:588} INFO - Filling up the DagBag from /opt/airflow/dags/primer_dag.py
[2024-10-31T00:30:16.410+0000] {processor.py:925} INFO - DAG(s) 'MI_PRIMER_DAG' retrieved from /opt/airflow/dags/primer_dag.py
[2024-10-31T00:30:16.429+0000] {logging_mixin.py:190} INFO - [2024-10-31T00:30:16.429+0000] {dag.py:3239} INFO - Sync 1 DAGs
[2024-10-31T00:30:16.457+0000] {logging_mixin.py:190} INFO - [2024-10-31T00:30:16.457+0000] {dag.py:4180} INFO - Setting next_dagrun for MI_PRIMER_DAG to 2024-10-30 09:00:00+00:00, run_after=2024-10-31 09:00:00+00:00
[2024-10-31T00:30:16.480+0000] {processor.py:208} INFO - Processing /opt/airflow/dags/primer_dag.py took 0.094 seconds
[2024-10-31T00:30:46.636+0000] {processor.py:186} INFO - Started process (PID=58946) to work on /opt/airflow/dags/primer_dag.py
[2024-10-31T00:30:46.637+0000] {processor.py:914} INFO - Processing file /opt/airflow/dags/primer_dag.py for tasks to queue
[2024-10-31T00:30:46.638+0000] {logging_mixin.py:190} INFO - [2024-10-31T00:30:46.637+0000] {dagbag.py:588} INFO - Filling up the DagBag from /opt/airflow/dags/primer_dag.py
[2024-10-31T00:30:46.653+0000] {processor.py:925} INFO - DAG(s) 'MI_PRIMER_DAG' retrieved from /opt/airflow/dags/primer_dag.py
[2024-10-31T00:30:46.671+0000] {logging_mixin.py:190} INFO - [2024-10-31T00:30:46.671+0000] {dag.py:3239} INFO - Sync 1 DAGs
[2024-10-31T00:30:46.693+0000] {logging_mixin.py:190} INFO - [2024-10-31T00:30:46.693+0000] {dag.py:4180} INFO - Setting next_dagrun for MI_PRIMER_DAG to 2024-10-30 09:00:00+00:00, run_after=2024-10-31 09:00:00+00:00
[2024-10-31T00:30:46.715+0000] {processor.py:208} INFO - Processing /opt/airflow/dags/primer_dag.py took 0.085 seconds
[2024-10-31T00:31:17.296+0000] {processor.py:186} INFO - Started process (PID=59012) to work on /opt/airflow/dags/primer_dag.py
[2024-10-31T00:31:17.297+0000] {processor.py:914} INFO - Processing file /opt/airflow/dags/primer_dag.py for tasks to queue
[2024-10-31T00:31:17.298+0000] {logging_mixin.py:190} INFO - [2024-10-31T00:31:17.298+0000] {dagbag.py:588} INFO - Filling up the DagBag from /opt/airflow/dags/primer_dag.py
[2024-10-31T00:31:17.318+0000] {processor.py:925} INFO - DAG(s) 'MI_PRIMER_DAG' retrieved from /opt/airflow/dags/primer_dag.py
[2024-10-31T00:31:17.338+0000] {logging_mixin.py:190} INFO - [2024-10-31T00:31:17.338+0000] {dag.py:3239} INFO - Sync 1 DAGs
[2024-10-31T00:31:17.368+0000] {logging_mixin.py:190} INFO - [2024-10-31T00:31:17.368+0000] {dag.py:4180} INFO - Setting next_dagrun for MI_PRIMER_DAG to 2024-10-30 09:00:00+00:00, run_after=2024-10-31 09:00:00+00:00
[2024-10-31T00:31:17.394+0000] {processor.py:208} INFO - Processing /opt/airflow/dags/primer_dag.py took 0.103 seconds
[2024-10-31T00:31:47.770+0000] {processor.py:186} INFO - Started process (PID=59077) to work on /opt/airflow/dags/primer_dag.py
[2024-10-31T00:31:47.771+0000] {processor.py:914} INFO - Processing file /opt/airflow/dags/primer_dag.py for tasks to queue
[2024-10-31T00:31:47.773+0000] {logging_mixin.py:190} INFO - [2024-10-31T00:31:47.773+0000] {dagbag.py:588} INFO - Filling up the DagBag from /opt/airflow/dags/primer_dag.py
[2024-10-31T00:31:47.788+0000] {processor.py:925} INFO - DAG(s) 'MI_PRIMER_DAG' retrieved from /opt/airflow/dags/primer_dag.py
[2024-10-31T00:31:47.806+0000] {logging_mixin.py:190} INFO - [2024-10-31T00:31:47.806+0000] {dag.py:3239} INFO - Sync 1 DAGs
[2024-10-31T00:31:47.829+0000] {logging_mixin.py:190} INFO - [2024-10-31T00:31:47.829+0000] {dag.py:4180} INFO - Setting next_dagrun for MI_PRIMER_DAG to 2024-10-30 09:00:00+00:00, run_after=2024-10-31 09:00:00+00:00
[2024-10-31T00:31:47.850+0000] {processor.py:208} INFO - Processing /opt/airflow/dags/primer_dag.py took 0.086 seconds
[2024-10-31T00:32:18.304+0000] {processor.py:186} INFO - Started process (PID=59141) to work on /opt/airflow/dags/primer_dag.py
[2024-10-31T00:32:18.305+0000] {processor.py:914} INFO - Processing file /opt/airflow/dags/primer_dag.py for tasks to queue
[2024-10-31T00:32:18.307+0000] {logging_mixin.py:190} INFO - [2024-10-31T00:32:18.306+0000] {dagbag.py:588} INFO - Filling up the DagBag from /opt/airflow/dags/primer_dag.py
[2024-10-31T00:32:18.323+0000] {processor.py:925} INFO - DAG(s) 'MI_PRIMER_DAG' retrieved from /opt/airflow/dags/primer_dag.py
[2024-10-31T00:32:18.341+0000] {logging_mixin.py:190} INFO - [2024-10-31T00:32:18.341+0000] {dag.py:3239} INFO - Sync 1 DAGs
[2024-10-31T00:32:18.367+0000] {logging_mixin.py:190} INFO - [2024-10-31T00:32:18.367+0000] {dag.py:4180} INFO - Setting next_dagrun for MI_PRIMER_DAG to 2024-10-30 09:00:00+00:00, run_after=2024-10-31 09:00:00+00:00
[2024-10-31T00:32:18.388+0000] {processor.py:208} INFO - Processing /opt/airflow/dags/primer_dag.py took 0.089 seconds
[2024-10-31T00:32:49.301+0000] {processor.py:186} INFO - Started process (PID=59205) to work on /opt/airflow/dags/primer_dag.py
[2024-10-31T00:32:49.302+0000] {processor.py:914} INFO - Processing file /opt/airflow/dags/primer_dag.py for tasks to queue
[2024-10-31T00:32:49.303+0000] {logging_mixin.py:190} INFO - [2024-10-31T00:32:49.302+0000] {dagbag.py:588} INFO - Filling up the DagBag from /opt/airflow/dags/primer_dag.py
[2024-10-31T00:32:49.319+0000] {processor.py:925} INFO - DAG(s) 'MI_PRIMER_DAG' retrieved from /opt/airflow/dags/primer_dag.py
[2024-10-31T00:32:49.337+0000] {logging_mixin.py:190} INFO - [2024-10-31T00:32:49.337+0000] {dag.py:3239} INFO - Sync 1 DAGs
[2024-10-31T00:32:49.359+0000] {logging_mixin.py:190} INFO - [2024-10-31T00:32:49.359+0000] {dag.py:4180} INFO - Setting next_dagrun for MI_PRIMER_DAG to 2024-10-30 09:00:00+00:00, run_after=2024-10-31 09:00:00+00:00
[2024-10-31T00:32:49.379+0000] {processor.py:208} INFO - Processing /opt/airflow/dags/primer_dag.py took 0.085 seconds
[2024-10-31T00:33:19.533+0000] {processor.py:186} INFO - Started process (PID=59269) to work on /opt/airflow/dags/primer_dag.py
[2024-10-31T00:33:19.534+0000] {processor.py:914} INFO - Processing file /opt/airflow/dags/primer_dag.py for tasks to queue
[2024-10-31T00:33:19.536+0000] {logging_mixin.py:190} INFO - [2024-10-31T00:33:19.536+0000] {dagbag.py:588} INFO - Filling up the DagBag from /opt/airflow/dags/primer_dag.py
[2024-10-31T00:33:19.556+0000] {processor.py:925} INFO - DAG(s) 'MI_PRIMER_DAG' retrieved from /opt/airflow/dags/primer_dag.py
[2024-10-31T00:33:19.576+0000] {logging_mixin.py:190} INFO - [2024-10-31T00:33:19.575+0000] {dag.py:3239} INFO - Sync 1 DAGs
[2024-10-31T00:33:19.603+0000] {logging_mixin.py:190} INFO - [2024-10-31T00:33:19.602+0000] {dag.py:4180} INFO - Setting next_dagrun for MI_PRIMER_DAG to 2024-10-30 09:00:00+00:00, run_after=2024-10-31 09:00:00+00:00
[2024-10-31T00:33:19.625+0000] {processor.py:208} INFO - Processing /opt/airflow/dags/primer_dag.py took 0.099 seconds
[2024-10-31T00:33:49.885+0000] {processor.py:186} INFO - Started process (PID=59333) to work on /opt/airflow/dags/primer_dag.py
[2024-10-31T00:33:49.886+0000] {processor.py:914} INFO - Processing file /opt/airflow/dags/primer_dag.py for tasks to queue
[2024-10-31T00:33:49.887+0000] {logging_mixin.py:190} INFO - [2024-10-31T00:33:49.887+0000] {dagbag.py:588} INFO - Filling up the DagBag from /opt/airflow/dags/primer_dag.py
[2024-10-31T00:33:49.902+0000] {processor.py:925} INFO - DAG(s) 'MI_PRIMER_DAG' retrieved from /opt/airflow/dags/primer_dag.py
[2024-10-31T00:33:49.919+0000] {logging_mixin.py:190} INFO - [2024-10-31T00:33:49.918+0000] {dag.py:3239} INFO - Sync 1 DAGs
[2024-10-31T00:33:49.939+0000] {logging_mixin.py:190} INFO - [2024-10-31T00:33:49.939+0000] {dag.py:4180} INFO - Setting next_dagrun for MI_PRIMER_DAG to 2024-10-30 09:00:00+00:00, run_after=2024-10-31 09:00:00+00:00
[2024-10-31T00:33:49.960+0000] {processor.py:208} INFO - Processing /opt/airflow/dags/primer_dag.py took 0.081 seconds
[2024-10-31T00:34:20.085+0000] {processor.py:186} INFO - Started process (PID=59398) to work on /opt/airflow/dags/primer_dag.py
[2024-10-31T00:34:20.086+0000] {processor.py:914} INFO - Processing file /opt/airflow/dags/primer_dag.py for tasks to queue
[2024-10-31T00:34:20.088+0000] {logging_mixin.py:190} INFO - [2024-10-31T00:34:20.088+0000] {dagbag.py:588} INFO - Filling up the DagBag from /opt/airflow/dags/primer_dag.py
[2024-10-31T00:34:20.105+0000] {processor.py:925} INFO - DAG(s) 'MI_PRIMER_DAG' retrieved from /opt/airflow/dags/primer_dag.py
[2024-10-31T00:34:20.125+0000] {logging_mixin.py:190} INFO - [2024-10-31T00:34:20.124+0000] {dag.py:3239} INFO - Sync 1 DAGs
[2024-10-31T00:34:20.154+0000] {logging_mixin.py:190} INFO - [2024-10-31T00:34:20.154+0000] {dag.py:4180} INFO - Setting next_dagrun for MI_PRIMER_DAG to 2024-10-30 09:00:00+00:00, run_after=2024-10-31 09:00:00+00:00
[2024-10-31T00:34:20.181+0000] {processor.py:208} INFO - Processing /opt/airflow/dags/primer_dag.py took 0.101 seconds
[2024-10-31T00:34:50.306+0000] {processor.py:186} INFO - Started process (PID=59457) to work on /opt/airflow/dags/primer_dag.py
[2024-10-31T00:34:50.307+0000] {processor.py:914} INFO - Processing file /opt/airflow/dags/primer_dag.py for tasks to queue
[2024-10-31T00:34:50.309+0000] {logging_mixin.py:190} INFO - [2024-10-31T00:34:50.308+0000] {dagbag.py:588} INFO - Filling up the DagBag from /opt/airflow/dags/primer_dag.py
[2024-10-31T00:34:50.322+0000] {processor.py:925} INFO - DAG(s) 'MI_PRIMER_DAG' retrieved from /opt/airflow/dags/primer_dag.py
[2024-10-31T00:34:50.339+0000] {logging_mixin.py:190} INFO - [2024-10-31T00:34:50.339+0000] {dag.py:3239} INFO - Sync 1 DAGs
[2024-10-31T00:34:50.361+0000] {logging_mixin.py:190} INFO - [2024-10-31T00:34:50.361+0000] {dag.py:4180} INFO - Setting next_dagrun for MI_PRIMER_DAG to 2024-10-30 09:00:00+00:00, run_after=2024-10-31 09:00:00+00:00
[2024-10-31T00:34:50.382+0000] {processor.py:208} INFO - Processing /opt/airflow/dags/primer_dag.py took 0.083 seconds
[2024-10-31T00:35:20.511+0000] {processor.py:186} INFO - Started process (PID=59521) to work on /opt/airflow/dags/primer_dag.py
[2024-10-31T00:35:20.512+0000] {processor.py:914} INFO - Processing file /opt/airflow/dags/primer_dag.py for tasks to queue
[2024-10-31T00:35:20.513+0000] {logging_mixin.py:190} INFO - [2024-10-31T00:35:20.513+0000] {dagbag.py:588} INFO - Filling up the DagBag from /opt/airflow/dags/primer_dag.py
[2024-10-31T00:35:20.529+0000] {processor.py:925} INFO - DAG(s) 'MI_PRIMER_DAG' retrieved from /opt/airflow/dags/primer_dag.py
[2024-10-31T00:35:20.549+0000] {logging_mixin.py:190} INFO - [2024-10-31T00:35:20.549+0000] {dag.py:3239} INFO - Sync 1 DAGs
[2024-10-31T00:35:20.575+0000] {logging_mixin.py:190} INFO - [2024-10-31T00:35:20.575+0000] {dag.py:4180} INFO - Setting next_dagrun for MI_PRIMER_DAG to 2024-10-30 09:00:00+00:00, run_after=2024-10-31 09:00:00+00:00
[2024-10-31T00:35:20.598+0000] {processor.py:208} INFO - Processing /opt/airflow/dags/primer_dag.py took 0.092 seconds
[2024-10-31T00:35:51.213+0000] {processor.py:186} INFO - Started process (PID=59579) to work on /opt/airflow/dags/primer_dag.py
[2024-10-31T00:35:51.214+0000] {processor.py:914} INFO - Processing file /opt/airflow/dags/primer_dag.py for tasks to queue
[2024-10-31T00:35:51.216+0000] {logging_mixin.py:190} INFO - [2024-10-31T00:35:51.216+0000] {dagbag.py:588} INFO - Filling up the DagBag from /opt/airflow/dags/primer_dag.py
[2024-10-31T00:35:51.242+0000] {processor.py:925} INFO - DAG(s) 'MI_PRIMER_DAG' retrieved from /opt/airflow/dags/primer_dag.py
[2024-10-31T00:35:51.266+0000] {logging_mixin.py:190} INFO - [2024-10-31T00:35:51.265+0000] {dag.py:3239} INFO - Sync 1 DAGs
[2024-10-31T00:35:51.305+0000] {logging_mixin.py:190} INFO - [2024-10-31T00:35:51.304+0000] {dag.py:4180} INFO - Setting next_dagrun for MI_PRIMER_DAG to 2024-10-30 09:00:00+00:00, run_after=2024-10-31 09:00:00+00:00
[2024-10-31T00:35:51.339+0000] {processor.py:208} INFO - Processing /opt/airflow/dags/primer_dag.py took 0.137 seconds
[2024-10-31T00:36:22.053+0000] {processor.py:186} INFO - Started process (PID=59642) to work on /opt/airflow/dags/primer_dag.py
[2024-10-31T00:36:22.054+0000] {processor.py:914} INFO - Processing file /opt/airflow/dags/primer_dag.py for tasks to queue
[2024-10-31T00:36:22.055+0000] {logging_mixin.py:190} INFO - [2024-10-31T00:36:22.055+0000] {dagbag.py:588} INFO - Filling up the DagBag from /opt/airflow/dags/primer_dag.py
[2024-10-31T00:36:22.069+0000] {processor.py:925} INFO - DAG(s) 'MI_PRIMER_DAG' retrieved from /opt/airflow/dags/primer_dag.py
[2024-10-31T00:36:22.088+0000] {logging_mixin.py:190} INFO - [2024-10-31T00:36:22.087+0000] {dag.py:3239} INFO - Sync 1 DAGs
[2024-10-31T00:36:22.114+0000] {logging_mixin.py:190} INFO - [2024-10-31T00:36:22.114+0000] {dag.py:4180} INFO - Setting next_dagrun for MI_PRIMER_DAG to 2024-10-30 09:00:00+00:00, run_after=2024-10-31 09:00:00+00:00
[2024-10-31T00:36:22.132+0000] {processor.py:208} INFO - Processing /opt/airflow/dags/primer_dag.py took 0.085 seconds
[2024-10-31T00:36:52.340+0000] {processor.py:186} INFO - Started process (PID=59707) to work on /opt/airflow/dags/primer_dag.py
[2024-10-31T00:36:52.341+0000] {processor.py:914} INFO - Processing file /opt/airflow/dags/primer_dag.py for tasks to queue
[2024-10-31T00:36:52.342+0000] {logging_mixin.py:190} INFO - [2024-10-31T00:36:52.342+0000] {dagbag.py:588} INFO - Filling up the DagBag from /opt/airflow/dags/primer_dag.py
[2024-10-31T00:36:52.359+0000] {processor.py:925} INFO - DAG(s) 'MI_PRIMER_DAG' retrieved from /opt/airflow/dags/primer_dag.py
[2024-10-31T00:36:52.375+0000] {logging_mixin.py:190} INFO - [2024-10-31T00:36:52.375+0000] {dag.py:3239} INFO - Sync 1 DAGs
[2024-10-31T00:36:52.400+0000] {logging_mixin.py:190} INFO - [2024-10-31T00:36:52.400+0000] {dag.py:4180} INFO - Setting next_dagrun for MI_PRIMER_DAG to 2024-10-30 09:00:00+00:00, run_after=2024-10-31 09:00:00+00:00
[2024-10-31T00:36:52.794+0000] {processor.py:208} INFO - Processing /opt/airflow/dags/primer_dag.py took 0.458 seconds
[2024-10-31T00:37:23.426+0000] {processor.py:186} INFO - Started process (PID=59771) to work on /opt/airflow/dags/primer_dag.py
[2024-10-31T00:37:23.427+0000] {processor.py:914} INFO - Processing file /opt/airflow/dags/primer_dag.py for tasks to queue
[2024-10-31T00:37:23.428+0000] {logging_mixin.py:190} INFO - [2024-10-31T00:37:23.428+0000] {dagbag.py:588} INFO - Filling up the DagBag from /opt/airflow/dags/primer_dag.py
[2024-10-31T00:37:23.444+0000] {processor.py:925} INFO - DAG(s) 'MI_PRIMER_DAG' retrieved from /opt/airflow/dags/primer_dag.py
[2024-10-31T00:37:23.465+0000] {logging_mixin.py:190} INFO - [2024-10-31T00:37:23.465+0000] {dag.py:3239} INFO - Sync 1 DAGs
[2024-10-31T00:37:23.495+0000] {logging_mixin.py:190} INFO - [2024-10-31T00:37:23.494+0000] {dag.py:4180} INFO - Setting next_dagrun for MI_PRIMER_DAG to 2024-10-30 09:00:00+00:00, run_after=2024-10-31 09:00:00+00:00
[2024-10-31T00:37:23.520+0000] {processor.py:208} INFO - Processing /opt/airflow/dags/primer_dag.py took 0.099 seconds
[2024-10-31T00:37:53.943+0000] {processor.py:186} INFO - Started process (PID=59835) to work on /opt/airflow/dags/primer_dag.py
[2024-10-31T00:37:53.944+0000] {processor.py:914} INFO - Processing file /opt/airflow/dags/primer_dag.py for tasks to queue
[2024-10-31T00:37:53.946+0000] {logging_mixin.py:190} INFO - [2024-10-31T00:37:53.946+0000] {dagbag.py:588} INFO - Filling up the DagBag from /opt/airflow/dags/primer_dag.py
[2024-10-31T00:37:53.961+0000] {processor.py:925} INFO - DAG(s) 'MI_PRIMER_DAG' retrieved from /opt/airflow/dags/primer_dag.py
[2024-10-31T00:37:53.984+0000] {logging_mixin.py:190} INFO - [2024-10-31T00:37:53.984+0000] {dag.py:3239} INFO - Sync 1 DAGs
[2024-10-31T00:37:54.015+0000] {logging_mixin.py:190} INFO - [2024-10-31T00:37:54.014+0000] {dag.py:4180} INFO - Setting next_dagrun for MI_PRIMER_DAG to 2024-10-30 09:00:00+00:00, run_after=2024-10-31 09:00:00+00:00
[2024-10-31T00:37:54.036+0000] {processor.py:208} INFO - Processing /opt/airflow/dags/primer_dag.py took 0.099 seconds
[2024-10-31T00:38:24.809+0000] {processor.py:186} INFO - Started process (PID=59899) to work on /opt/airflow/dags/primer_dag.py
[2024-10-31T00:38:24.810+0000] {processor.py:914} INFO - Processing file /opt/airflow/dags/primer_dag.py for tasks to queue
[2024-10-31T00:38:24.811+0000] {logging_mixin.py:190} INFO - [2024-10-31T00:38:24.811+0000] {dagbag.py:588} INFO - Filling up the DagBag from /opt/airflow/dags/primer_dag.py
[2024-10-31T00:38:24.827+0000] {processor.py:925} INFO - DAG(s) 'MI_PRIMER_DAG' retrieved from /opt/airflow/dags/primer_dag.py
[2024-10-31T00:38:24.844+0000] {logging_mixin.py:190} INFO - [2024-10-31T00:38:24.844+0000] {dag.py:3239} INFO - Sync 1 DAGs
[2024-10-31T00:38:24.867+0000] {logging_mixin.py:190} INFO - [2024-10-31T00:38:24.867+0000] {dag.py:4180} INFO - Setting next_dagrun for MI_PRIMER_DAG to 2024-10-30 09:00:00+00:00, run_after=2024-10-31 09:00:00+00:00
[2024-10-31T00:38:24.888+0000] {processor.py:208} INFO - Processing /opt/airflow/dags/primer_dag.py took 0.084 seconds
[2024-10-31T00:38:55.026+0000] {processor.py:186} INFO - Started process (PID=59963) to work on /opt/airflow/dags/primer_dag.py
[2024-10-31T00:38:55.027+0000] {processor.py:914} INFO - Processing file /opt/airflow/dags/primer_dag.py for tasks to queue
[2024-10-31T00:38:55.028+0000] {logging_mixin.py:190} INFO - [2024-10-31T00:38:55.028+0000] {dagbag.py:588} INFO - Filling up the DagBag from /opt/airflow/dags/primer_dag.py
[2024-10-31T00:38:55.043+0000] {processor.py:925} INFO - DAG(s) 'MI_PRIMER_DAG' retrieved from /opt/airflow/dags/primer_dag.py
[2024-10-31T00:38:55.060+0000] {logging_mixin.py:190} INFO - [2024-10-31T00:38:55.059+0000] {dag.py:3239} INFO - Sync 1 DAGs
[2024-10-31T00:38:55.079+0000] {logging_mixin.py:190} INFO - [2024-10-31T00:38:55.079+0000] {dag.py:4180} INFO - Setting next_dagrun for MI_PRIMER_DAG to 2024-10-30 09:00:00+00:00, run_after=2024-10-31 09:00:00+00:00
[2024-10-31T00:38:55.101+0000] {processor.py:208} INFO - Processing /opt/airflow/dags/primer_dag.py took 0.080 seconds
[2024-10-31T00:39:25.416+0000] {processor.py:186} INFO - Started process (PID=60027) to work on /opt/airflow/dags/primer_dag.py
[2024-10-31T00:39:25.417+0000] {processor.py:914} INFO - Processing file /opt/airflow/dags/primer_dag.py for tasks to queue
[2024-10-31T00:39:25.419+0000] {logging_mixin.py:190} INFO - [2024-10-31T00:39:25.419+0000] {dagbag.py:588} INFO - Filling up the DagBag from /opt/airflow/dags/primer_dag.py
[2024-10-31T00:39:25.433+0000] {processor.py:925} INFO - DAG(s) 'MI_PRIMER_DAG' retrieved from /opt/airflow/dags/primer_dag.py
[2024-10-31T00:39:25.451+0000] {logging_mixin.py:190} INFO - [2024-10-31T00:39:25.451+0000] {dag.py:3239} INFO - Sync 1 DAGs
[2024-10-31T00:39:25.475+0000] {logging_mixin.py:190} INFO - [2024-10-31T00:39:25.475+0000] {dag.py:4180} INFO - Setting next_dagrun for MI_PRIMER_DAG to 2024-10-30 09:00:00+00:00, run_after=2024-10-31 09:00:00+00:00
[2024-10-31T00:39:25.502+0000] {processor.py:208} INFO - Processing /opt/airflow/dags/primer_dag.py took 0.090 seconds
[2024-10-31T00:39:56.035+0000] {processor.py:186} INFO - Started process (PID=60091) to work on /opt/airflow/dags/primer_dag.py
[2024-10-31T00:39:56.036+0000] {processor.py:914} INFO - Processing file /opt/airflow/dags/primer_dag.py for tasks to queue
[2024-10-31T00:39:56.038+0000] {logging_mixin.py:190} INFO - [2024-10-31T00:39:56.037+0000] {dagbag.py:588} INFO - Filling up the DagBag from /opt/airflow/dags/primer_dag.py
[2024-10-31T00:39:56.051+0000] {processor.py:925} INFO - DAG(s) 'MI_PRIMER_DAG' retrieved from /opt/airflow/dags/primer_dag.py
[2024-10-31T00:39:56.069+0000] {logging_mixin.py:190} INFO - [2024-10-31T00:39:56.068+0000] {dag.py:3239} INFO - Sync 1 DAGs
[2024-10-31T00:39:56.090+0000] {logging_mixin.py:190} INFO - [2024-10-31T00:39:56.090+0000] {dag.py:4180} INFO - Setting next_dagrun for MI_PRIMER_DAG to 2024-10-30 09:00:00+00:00, run_after=2024-10-31 09:00:00+00:00
[2024-10-31T00:39:56.113+0000] {processor.py:208} INFO - Processing /opt/airflow/dags/primer_dag.py took 0.083 seconds
[2024-10-31T00:40:26.384+0000] {processor.py:186} INFO - Started process (PID=60155) to work on /opt/airflow/dags/primer_dag.py
[2024-10-31T00:40:26.385+0000] {processor.py:914} INFO - Processing file /opt/airflow/dags/primer_dag.py for tasks to queue
[2024-10-31T00:40:26.386+0000] {logging_mixin.py:190} INFO - [2024-10-31T00:40:26.386+0000] {dagbag.py:588} INFO - Filling up the DagBag from /opt/airflow/dags/primer_dag.py
[2024-10-31T00:40:26.405+0000] {processor.py:925} INFO - DAG(s) 'MI_PRIMER_DAG' retrieved from /opt/airflow/dags/primer_dag.py
[2024-10-31T00:40:26.422+0000] {logging_mixin.py:190} INFO - [2024-10-31T00:40:26.422+0000] {dag.py:3239} INFO - Sync 1 DAGs
[2024-10-31T00:40:26.442+0000] {logging_mixin.py:190} INFO - [2024-10-31T00:40:26.442+0000] {dag.py:4180} INFO - Setting next_dagrun for MI_PRIMER_DAG to 2024-10-30 09:00:00+00:00, run_after=2024-10-31 09:00:00+00:00
[2024-10-31T00:40:26.467+0000] {processor.py:208} INFO - Processing /opt/airflow/dags/primer_dag.py took 0.088 seconds
[2024-10-31T12:08:40.435+0000] {processor.py:186} INFO - Started process (PID=58) to work on /opt/airflow/dags/primer_dag.py
[2024-10-31T12:08:40.436+0000] {processor.py:914} INFO - Processing file /opt/airflow/dags/primer_dag.py for tasks to queue
[2024-10-31T12:08:40.441+0000] {logging_mixin.py:190} INFO - [2024-10-31T12:08:40.440+0000] {dagbag.py:588} INFO - Filling up the DagBag from /opt/airflow/dags/primer_dag.py
[2024-10-31T12:08:40.465+0000] {processor.py:925} INFO - DAG(s) 'MI_PRIMER_DAG' retrieved from /opt/airflow/dags/primer_dag.py
[2024-10-31T12:08:40.497+0000] {logging_mixin.py:190} INFO - [2024-10-31T12:08:40.497+0000] {dag.py:3239} INFO - Sync 1 DAGs
[2024-10-31T12:08:40.555+0000] {processor.py:208} INFO - Processing /opt/airflow/dags/primer_dag.py took 0.129 seconds
[2024-10-31T12:09:10.685+0000] {processor.py:186} INFO - Started process (PID=123) to work on /opt/airflow/dags/primer_dag.py
[2024-10-31T12:09:10.686+0000] {processor.py:914} INFO - Processing file /opt/airflow/dags/primer_dag.py for tasks to queue
[2024-10-31T12:09:10.689+0000] {logging_mixin.py:190} INFO - [2024-10-31T12:09:10.688+0000] {dagbag.py:588} INFO - Filling up the DagBag from /opt/airflow/dags/primer_dag.py
[2024-10-31T12:09:10.702+0000] {processor.py:925} INFO - DAG(s) 'MI_PRIMER_DAG' retrieved from /opt/airflow/dags/primer_dag.py
[2024-10-31T12:09:10.718+0000] {logging_mixin.py:190} INFO - [2024-10-31T12:09:10.718+0000] {dag.py:3239} INFO - Sync 1 DAGs
[2024-10-31T12:09:10.741+0000] {logging_mixin.py:190} INFO - [2024-10-31T12:09:10.741+0000] {dag.py:4180} INFO - Setting next_dagrun for MI_PRIMER_DAG to 2024-10-31 09:00:00+00:00, run_after=2024-11-01 09:00:00+00:00
[2024-10-31T12:09:10.764+0000] {processor.py:208} INFO - Processing /opt/airflow/dags/primer_dag.py took 0.084 seconds
[2024-10-31T12:09:40.999+0000] {processor.py:186} INFO - Started process (PID=187) to work on /opt/airflow/dags/primer_dag.py
[2024-10-31T12:09:41.000+0000] {processor.py:914} INFO - Processing file /opt/airflow/dags/primer_dag.py for tasks to queue
[2024-10-31T12:09:41.003+0000] {logging_mixin.py:190} INFO - [2024-10-31T12:09:41.003+0000] {dagbag.py:588} INFO - Filling up the DagBag from /opt/airflow/dags/primer_dag.py
[2024-10-31T12:09:41.025+0000] {processor.py:925} INFO - DAG(s) 'MI_PRIMER_DAG' retrieved from /opt/airflow/dags/primer_dag.py
[2024-10-31T12:09:41.047+0000] {logging_mixin.py:190} INFO - [2024-10-31T12:09:41.047+0000] {dag.py:3239} INFO - Sync 1 DAGs
[2024-10-31T12:09:41.072+0000] {logging_mixin.py:190} INFO - [2024-10-31T12:09:41.071+0000] {dag.py:4180} INFO - Setting next_dagrun for MI_PRIMER_DAG to 2024-10-31 09:00:00+00:00, run_after=2024-11-01 09:00:00+00:00
[2024-10-31T12:09:41.095+0000] {processor.py:208} INFO - Processing /opt/airflow/dags/primer_dag.py took 0.103 seconds
[2024-10-31T12:10:11.561+0000] {processor.py:186} INFO - Started process (PID=251) to work on /opt/airflow/dags/primer_dag.py
[2024-10-31T12:10:11.563+0000] {processor.py:914} INFO - Processing file /opt/airflow/dags/primer_dag.py for tasks to queue
[2024-10-31T12:10:11.565+0000] {logging_mixin.py:190} INFO - [2024-10-31T12:10:11.565+0000] {dagbag.py:588} INFO - Filling up the DagBag from /opt/airflow/dags/primer_dag.py
[2024-10-31T12:10:11.582+0000] {processor.py:925} INFO - DAG(s) 'MI_PRIMER_DAG' retrieved from /opt/airflow/dags/primer_dag.py
[2024-10-31T12:10:11.602+0000] {logging_mixin.py:190} INFO - [2024-10-31T12:10:11.601+0000] {dag.py:3239} INFO - Sync 1 DAGs
[2024-10-31T12:10:11.628+0000] {logging_mixin.py:190} INFO - [2024-10-31T12:10:11.628+0000] {dag.py:4180} INFO - Setting next_dagrun for MI_PRIMER_DAG to 2024-10-31 09:00:00+00:00, run_after=2024-11-01 09:00:00+00:00
[2024-10-31T12:10:11.655+0000] {processor.py:208} INFO - Processing /opt/airflow/dags/primer_dag.py took 0.101 seconds
[2024-10-31T12:10:42.547+0000] {processor.py:186} INFO - Started process (PID=314) to work on /opt/airflow/dags/primer_dag.py
[2024-10-31T12:10:42.548+0000] {processor.py:914} INFO - Processing file /opt/airflow/dags/primer_dag.py for tasks to queue
[2024-10-31T12:10:42.551+0000] {logging_mixin.py:190} INFO - [2024-10-31T12:10:42.550+0000] {dagbag.py:588} INFO - Filling up the DagBag from /opt/airflow/dags/primer_dag.py
[2024-10-31T12:10:42.566+0000] {processor.py:925} INFO - DAG(s) 'MI_PRIMER_DAG' retrieved from /opt/airflow/dags/primer_dag.py
[2024-10-31T12:10:42.583+0000] {logging_mixin.py:190} INFO - [2024-10-31T12:10:42.582+0000] {dag.py:3239} INFO - Sync 1 DAGs
[2024-10-31T12:10:42.606+0000] {logging_mixin.py:190} INFO - [2024-10-31T12:10:42.605+0000] {dag.py:4180} INFO - Setting next_dagrun for MI_PRIMER_DAG to 2024-10-31 09:00:00+00:00, run_after=2024-11-01 09:00:00+00:00
[2024-10-31T12:10:42.627+0000] {processor.py:208} INFO - Processing /opt/airflow/dags/primer_dag.py took 0.086 seconds
[2024-10-31T12:11:12.982+0000] {processor.py:186} INFO - Started process (PID=378) to work on /opt/airflow/dags/primer_dag.py
[2024-10-31T12:11:12.983+0000] {processor.py:914} INFO - Processing file /opt/airflow/dags/primer_dag.py for tasks to queue
[2024-10-31T12:11:12.988+0000] {logging_mixin.py:190} INFO - [2024-10-31T12:11:12.987+0000] {dagbag.py:588} INFO - Filling up the DagBag from /opt/airflow/dags/primer_dag.py
[2024-10-31T12:11:13.010+0000] {processor.py:925} INFO - DAG(s) 'MI_PRIMER_DAG' retrieved from /opt/airflow/dags/primer_dag.py
[2024-10-31T12:11:13.033+0000] {logging_mixin.py:190} INFO - [2024-10-31T12:11:13.032+0000] {dag.py:3239} INFO - Sync 1 DAGs
[2024-10-31T12:11:13.069+0000] {logging_mixin.py:190} INFO - [2024-10-31T12:11:13.069+0000] {dag.py:4180} INFO - Setting next_dagrun for MI_PRIMER_DAG to 2024-10-31 09:00:00+00:00, run_after=2024-11-01 09:00:00+00:00
[2024-10-31T12:11:13.095+0000] {processor.py:208} INFO - Processing /opt/airflow/dags/primer_dag.py took 0.125 seconds
[2024-10-31T12:11:43.716+0000] {processor.py:186} INFO - Started process (PID=442) to work on /opt/airflow/dags/primer_dag.py
[2024-10-31T12:11:43.717+0000] {processor.py:914} INFO - Processing file /opt/airflow/dags/primer_dag.py for tasks to queue
[2024-10-31T12:11:43.719+0000] {logging_mixin.py:190} INFO - [2024-10-31T12:11:43.718+0000] {dagbag.py:588} INFO - Filling up the DagBag from /opt/airflow/dags/primer_dag.py
[2024-10-31T12:11:43.734+0000] {processor.py:925} INFO - DAG(s) 'MI_PRIMER_DAG' retrieved from /opt/airflow/dags/primer_dag.py
[2024-10-31T12:11:43.750+0000] {logging_mixin.py:190} INFO - [2024-10-31T12:11:43.750+0000] {dag.py:3239} INFO - Sync 1 DAGs
[2024-10-31T12:11:43.774+0000] {logging_mixin.py:190} INFO - [2024-10-31T12:11:43.774+0000] {dag.py:4180} INFO - Setting next_dagrun for MI_PRIMER_DAG to 2024-10-31 09:00:00+00:00, run_after=2024-11-01 09:00:00+00:00
[2024-10-31T12:11:43.796+0000] {processor.py:208} INFO - Processing /opt/airflow/dags/primer_dag.py took 0.086 seconds
[2024-10-31T12:12:14.144+0000] {processor.py:186} INFO - Started process (PID=506) to work on /opt/airflow/dags/primer_dag.py
[2024-10-31T12:12:14.145+0000] {processor.py:914} INFO - Processing file /opt/airflow/dags/primer_dag.py for tasks to queue
[2024-10-31T12:12:14.147+0000] {logging_mixin.py:190} INFO - [2024-10-31T12:12:14.147+0000] {dagbag.py:588} INFO - Filling up the DagBag from /opt/airflow/dags/primer_dag.py
[2024-10-31T12:12:14.161+0000] {processor.py:925} INFO - DAG(s) 'MI_PRIMER_DAG' retrieved from /opt/airflow/dags/primer_dag.py
[2024-10-31T12:12:14.177+0000] {logging_mixin.py:190} INFO - [2024-10-31T12:12:14.177+0000] {dag.py:3239} INFO - Sync 1 DAGs
[2024-10-31T12:12:14.199+0000] {logging_mixin.py:190} INFO - [2024-10-31T12:12:14.199+0000] {dag.py:4180} INFO - Setting next_dagrun for MI_PRIMER_DAG to 2024-10-31 09:00:00+00:00, run_after=2024-11-01 09:00:00+00:00
[2024-10-31T12:12:14.222+0000] {processor.py:208} INFO - Processing /opt/airflow/dags/primer_dag.py took 0.083 seconds
[2024-10-31T12:12:44.355+0000] {processor.py:186} INFO - Started process (PID=576) to work on /opt/airflow/dags/primer_dag.py
[2024-10-31T12:12:44.356+0000] {processor.py:914} INFO - Processing file /opt/airflow/dags/primer_dag.py for tasks to queue
[2024-10-31T12:12:44.359+0000] {logging_mixin.py:190} INFO - [2024-10-31T12:12:44.359+0000] {dagbag.py:588} INFO - Filling up the DagBag from /opt/airflow/dags/primer_dag.py
[2024-10-31T12:12:44.379+0000] {processor.py:925} INFO - DAG(s) 'MI_PRIMER_DAG' retrieved from /opt/airflow/dags/primer_dag.py
[2024-10-31T12:12:44.397+0000] {logging_mixin.py:190} INFO - [2024-10-31T12:12:44.397+0000] {dag.py:3239} INFO - Sync 1 DAGs
[2024-10-31T12:12:44.418+0000] {logging_mixin.py:190} INFO - [2024-10-31T12:12:44.418+0000] {dag.py:4180} INFO - Setting next_dagrun for MI_PRIMER_DAG to 2024-10-31 09:00:00+00:00, run_after=2024-11-01 09:00:00+00:00
[2024-10-31T12:12:44.445+0000] {processor.py:208} INFO - Processing /opt/airflow/dags/primer_dag.py took 0.098 seconds
[2024-10-31T12:13:14.799+0000] {processor.py:186} INFO - Started process (PID=640) to work on /opt/airflow/dags/primer_dag.py
[2024-10-31T12:13:14.800+0000] {processor.py:914} INFO - Processing file /opt/airflow/dags/primer_dag.py for tasks to queue
[2024-10-31T12:13:14.803+0000] {logging_mixin.py:190} INFO - [2024-10-31T12:13:14.803+0000] {dagbag.py:588} INFO - Filling up the DagBag from /opt/airflow/dags/primer_dag.py
[2024-10-31T12:13:14.820+0000] {processor.py:925} INFO - DAG(s) 'MI_PRIMER_DAG' retrieved from /opt/airflow/dags/primer_dag.py
[2024-10-31T12:13:14.837+0000] {logging_mixin.py:190} INFO - [2024-10-31T12:13:14.836+0000] {dag.py:3239} INFO - Sync 1 DAGs
[2024-10-31T12:13:14.860+0000] {logging_mixin.py:190} INFO - [2024-10-31T12:13:14.860+0000] {dag.py:4180} INFO - Setting next_dagrun for MI_PRIMER_DAG to 2024-10-31 09:00:00+00:00, run_after=2024-11-01 09:00:00+00:00
[2024-10-31T12:13:14.887+0000] {processor.py:208} INFO - Processing /opt/airflow/dags/primer_dag.py took 0.096 seconds
