[2024-10-31T00:00:08.230+0000] {processor.py:186} INFO - Started process (PID=55117) to work on /opt/airflow/dags/segunda_prueba.py
[2024-10-31T00:00:08.231+0000] {processor.py:914} INFO - Processing file /opt/airflow/dags/segunda_prueba.py for tasks to queue
[2024-10-31T00:00:08.232+0000] {logging_mixin.py:190} INFO - [2024-10-31T00:00:08.232+0000] {dagbag.py:588} INFO - Filling up the DagBag from /opt/airflow/dags/segunda_prueba.py
[2024-10-31T00:00:08.254+0000] {processor.py:925} INFO - DAG(s) 'my_python_operator_dag' retrieved from /opt/airflow/dags/segunda_prueba.py
[2024-10-31T00:00:08.279+0000] {logging_mixin.py:190} INFO - [2024-10-31T00:00:08.279+0000] {dag.py:3239} INFO - Sync 1 DAGs
[2024-10-31T00:00:08.308+0000] {logging_mixin.py:190} INFO - [2024-10-31T00:00:08.308+0000] {dag.py:4180} INFO - Setting next_dagrun for my_python_operator_dag to 2024-10-30 00:00:00+00:00, run_after=2024-10-31 00:00:00+00:00
[2024-10-31T00:00:08.334+0000] {processor.py:208} INFO - Processing /opt/airflow/dags/segunda_prueba.py took 0.110 seconds
[2024-10-31T00:00:38.500+0000] {processor.py:186} INFO - Started process (PID=55181) to work on /opt/airflow/dags/segunda_prueba.py
[2024-10-31T00:00:38.501+0000] {processor.py:914} INFO - Processing file /opt/airflow/dags/segunda_prueba.py for tasks to queue
[2024-10-31T00:00:38.502+0000] {logging_mixin.py:190} INFO - [2024-10-31T00:00:38.502+0000] {dagbag.py:588} INFO - Filling up the DagBag from /opt/airflow/dags/segunda_prueba.py
[2024-10-31T00:00:38.520+0000] {processor.py:925} INFO - DAG(s) 'my_python_operator_dag' retrieved from /opt/airflow/dags/segunda_prueba.py
[2024-10-31T00:00:38.539+0000] {logging_mixin.py:190} INFO - [2024-10-31T00:00:38.538+0000] {dag.py:3239} INFO - Sync 1 DAGs
[2024-10-31T00:00:38.563+0000] {logging_mixin.py:190} INFO - [2024-10-31T00:00:38.562+0000] {dag.py:4180} INFO - Setting next_dagrun for my_python_operator_dag to 2024-10-30 00:00:00+00:00, run_after=2024-10-31 00:00:00+00:00
[2024-10-31T00:00:38.588+0000] {processor.py:208} INFO - Processing /opt/airflow/dags/segunda_prueba.py took 0.093 seconds
[2024-10-31T00:01:09.313+0000] {processor.py:186} INFO - Started process (PID=55245) to work on /opt/airflow/dags/segunda_prueba.py
[2024-10-31T00:01:09.362+0000] {processor.py:914} INFO - Processing file /opt/airflow/dags/segunda_prueba.py for tasks to queue
[2024-10-31T00:01:09.365+0000] {logging_mixin.py:190} INFO - [2024-10-31T00:01:09.364+0000] {dagbag.py:588} INFO - Filling up the DagBag from /opt/airflow/dags/segunda_prueba.py
[2024-10-31T00:01:09.382+0000] {processor.py:925} INFO - DAG(s) 'my_python_operator_dag' retrieved from /opt/airflow/dags/segunda_prueba.py
[2024-10-31T00:01:09.405+0000] {logging_mixin.py:190} INFO - [2024-10-31T00:01:09.405+0000] {dag.py:3239} INFO - Sync 1 DAGs
[2024-10-31T00:01:09.438+0000] {logging_mixin.py:190} INFO - [2024-10-31T00:01:09.438+0000] {dag.py:4180} INFO - Setting next_dagrun for my_python_operator_dag to 2024-10-30 00:00:00+00:00, run_after=2024-10-31 00:00:00+00:00
[2024-10-31T00:01:09.463+0000] {processor.py:208} INFO - Processing /opt/airflow/dags/segunda_prueba.py took 0.158 seconds
[2024-10-31T00:01:40.321+0000] {processor.py:186} INFO - Started process (PID=55309) to work on /opt/airflow/dags/segunda_prueba.py
[2024-10-31T00:01:40.322+0000] {processor.py:914} INFO - Processing file /opt/airflow/dags/segunda_prueba.py for tasks to queue
[2024-10-31T00:01:40.323+0000] {logging_mixin.py:190} INFO - [2024-10-31T00:01:40.323+0000] {dagbag.py:588} INFO - Filling up the DagBag from /opt/airflow/dags/segunda_prueba.py
[2024-10-31T00:01:40.343+0000] {processor.py:925} INFO - DAG(s) 'my_python_operator_dag' retrieved from /opt/airflow/dags/segunda_prueba.py
[2024-10-31T00:01:40.362+0000] {logging_mixin.py:190} INFO - [2024-10-31T00:01:40.362+0000] {dag.py:3239} INFO - Sync 1 DAGs
[2024-10-31T00:01:40.390+0000] {logging_mixin.py:190} INFO - [2024-10-31T00:01:40.390+0000] {dag.py:4180} INFO - Setting next_dagrun for my_python_operator_dag to 2024-10-30 00:00:00+00:00, run_after=2024-10-31 00:00:00+00:00
[2024-10-31T00:01:40.418+0000] {processor.py:208} INFO - Processing /opt/airflow/dags/segunda_prueba.py took 0.102 seconds
[2024-10-31T00:02:11.204+0000] {processor.py:186} INFO - Started process (PID=55373) to work on /opt/airflow/dags/segunda_prueba.py
[2024-10-31T00:02:11.207+0000] {processor.py:914} INFO - Processing file /opt/airflow/dags/segunda_prueba.py for tasks to queue
[2024-10-31T00:02:11.208+0000] {logging_mixin.py:190} INFO - [2024-10-31T00:02:11.208+0000] {dagbag.py:588} INFO - Filling up the DagBag from /opt/airflow/dags/segunda_prueba.py
[2024-10-31T00:02:11.229+0000] {processor.py:925} INFO - DAG(s) 'my_python_operator_dag' retrieved from /opt/airflow/dags/segunda_prueba.py
[2024-10-31T00:02:11.247+0000] {logging_mixin.py:190} INFO - [2024-10-31T00:02:11.247+0000] {dag.py:3239} INFO - Sync 1 DAGs
[2024-10-31T00:02:11.271+0000] {logging_mixin.py:190} INFO - [2024-10-31T00:02:11.271+0000] {dag.py:4180} INFO - Setting next_dagrun for my_python_operator_dag to 2024-10-30 00:00:00+00:00, run_after=2024-10-31 00:00:00+00:00
[2024-10-31T00:02:11.291+0000] {processor.py:208} INFO - Processing /opt/airflow/dags/segunda_prueba.py took 0.093 seconds
[2024-10-31T00:02:41.953+0000] {processor.py:186} INFO - Started process (PID=55437) to work on /opt/airflow/dags/segunda_prueba.py
[2024-10-31T00:02:41.954+0000] {processor.py:914} INFO - Processing file /opt/airflow/dags/segunda_prueba.py for tasks to queue
[2024-10-31T00:02:41.956+0000] {logging_mixin.py:190} INFO - [2024-10-31T00:02:41.956+0000] {dagbag.py:588} INFO - Filling up the DagBag from /opt/airflow/dags/segunda_prueba.py
[2024-10-31T00:02:41.979+0000] {processor.py:925} INFO - DAG(s) 'my_python_operator_dag' retrieved from /opt/airflow/dags/segunda_prueba.py
[2024-10-31T00:02:42.015+0000] {logging_mixin.py:190} INFO - [2024-10-31T00:02:42.015+0000] {dag.py:3239} INFO - Sync 1 DAGs
[2024-10-31T00:02:42.049+0000] {logging_mixin.py:190} INFO - [2024-10-31T00:02:42.048+0000] {dag.py:4180} INFO - Setting next_dagrun for my_python_operator_dag to 2024-10-30 00:00:00+00:00, run_after=2024-10-31 00:00:00+00:00
[2024-10-31T00:02:42.077+0000] {processor.py:208} INFO - Processing /opt/airflow/dags/segunda_prueba.py took 0.132 seconds
[2024-10-31T00:03:12.320+0000] {processor.py:186} INFO - Started process (PID=55501) to work on /opt/airflow/dags/segunda_prueba.py
[2024-10-31T00:03:12.321+0000] {processor.py:914} INFO - Processing file /opt/airflow/dags/segunda_prueba.py for tasks to queue
[2024-10-31T00:03:12.322+0000] {logging_mixin.py:190} INFO - [2024-10-31T00:03:12.322+0000] {dagbag.py:588} INFO - Filling up the DagBag from /opt/airflow/dags/segunda_prueba.py
[2024-10-31T00:03:12.337+0000] {processor.py:925} INFO - DAG(s) 'my_python_operator_dag' retrieved from /opt/airflow/dags/segunda_prueba.py
[2024-10-31T00:03:12.353+0000] {logging_mixin.py:190} INFO - [2024-10-31T00:03:12.353+0000] {dag.py:3239} INFO - Sync 1 DAGs
[2024-10-31T00:03:12.374+0000] {logging_mixin.py:190} INFO - [2024-10-31T00:03:12.374+0000] {dag.py:4180} INFO - Setting next_dagrun for my_python_operator_dag to 2024-10-30 00:00:00+00:00, run_after=2024-10-31 00:00:00+00:00
[2024-10-31T00:03:12.398+0000] {processor.py:208} INFO - Processing /opt/airflow/dags/segunda_prueba.py took 0.084 seconds
[2024-10-31T00:03:42.673+0000] {processor.py:186} INFO - Started process (PID=55565) to work on /opt/airflow/dags/segunda_prueba.py
[2024-10-31T00:03:42.674+0000] {processor.py:914} INFO - Processing file /opt/airflow/dags/segunda_prueba.py for tasks to queue
[2024-10-31T00:03:42.677+0000] {logging_mixin.py:190} INFO - [2024-10-31T00:03:42.676+0000] {dagbag.py:588} INFO - Filling up the DagBag from /opt/airflow/dags/segunda_prueba.py
[2024-10-31T00:03:42.698+0000] {processor.py:925} INFO - DAG(s) 'my_python_operator_dag' retrieved from /opt/airflow/dags/segunda_prueba.py
[2024-10-31T00:03:42.716+0000] {logging_mixin.py:190} INFO - [2024-10-31T00:03:42.716+0000] {dag.py:3239} INFO - Sync 1 DAGs
[2024-10-31T00:03:42.743+0000] {logging_mixin.py:190} INFO - [2024-10-31T00:03:42.743+0000] {dag.py:4180} INFO - Setting next_dagrun for my_python_operator_dag to 2024-10-30 00:00:00+00:00, run_after=2024-10-31 00:00:00+00:00
[2024-10-31T00:03:42.765+0000] {processor.py:208} INFO - Processing /opt/airflow/dags/segunda_prueba.py took 0.099 seconds
[2024-10-31T00:04:13.121+0000] {processor.py:186} INFO - Started process (PID=55629) to work on /opt/airflow/dags/segunda_prueba.py
[2024-10-31T00:04:13.122+0000] {processor.py:914} INFO - Processing file /opt/airflow/dags/segunda_prueba.py for tasks to queue
[2024-10-31T00:04:13.124+0000] {logging_mixin.py:190} INFO - [2024-10-31T00:04:13.123+0000] {dagbag.py:588} INFO - Filling up the DagBag from /opt/airflow/dags/segunda_prueba.py
[2024-10-31T00:04:13.140+0000] {processor.py:925} INFO - DAG(s) 'my_python_operator_dag' retrieved from /opt/airflow/dags/segunda_prueba.py
[2024-10-31T00:04:13.157+0000] {logging_mixin.py:190} INFO - [2024-10-31T00:04:13.156+0000] {dag.py:3239} INFO - Sync 1 DAGs
[2024-10-31T00:04:13.180+0000] {logging_mixin.py:190} INFO - [2024-10-31T00:04:13.180+0000] {dag.py:4180} INFO - Setting next_dagrun for my_python_operator_dag to 2024-10-30 00:00:00+00:00, run_after=2024-10-31 00:00:00+00:00
[2024-10-31T00:04:13.204+0000] {processor.py:208} INFO - Processing /opt/airflow/dags/segunda_prueba.py took 0.091 seconds
[2024-10-31T00:04:43.740+0000] {processor.py:186} INFO - Started process (PID=55693) to work on /opt/airflow/dags/segunda_prueba.py
[2024-10-31T00:04:43.742+0000] {processor.py:914} INFO - Processing file /opt/airflow/dags/segunda_prueba.py for tasks to queue
[2024-10-31T00:04:43.743+0000] {logging_mixin.py:190} INFO - [2024-10-31T00:04:43.743+0000] {dagbag.py:588} INFO - Filling up the DagBag from /opt/airflow/dags/segunda_prueba.py
[2024-10-31T00:04:43.762+0000] {processor.py:925} INFO - DAG(s) 'my_python_operator_dag' retrieved from /opt/airflow/dags/segunda_prueba.py
[2024-10-31T00:04:43.778+0000] {logging_mixin.py:190} INFO - [2024-10-31T00:04:43.778+0000] {dag.py:3239} INFO - Sync 1 DAGs
[2024-10-31T00:04:43.801+0000] {logging_mixin.py:190} INFO - [2024-10-31T00:04:43.801+0000] {dag.py:4180} INFO - Setting next_dagrun for my_python_operator_dag to 2024-10-30 00:00:00+00:00, run_after=2024-10-31 00:00:00+00:00
[2024-10-31T00:04:43.823+0000] {processor.py:208} INFO - Processing /opt/airflow/dags/segunda_prueba.py took 0.087 seconds
[2024-10-31T00:05:13.880+0000] {processor.py:186} INFO - Started process (PID=55757) to work on /opt/airflow/dags/segunda_prueba.py
[2024-10-31T00:05:13.881+0000] {processor.py:914} INFO - Processing file /opt/airflow/dags/segunda_prueba.py for tasks to queue
[2024-10-31T00:05:13.883+0000] {logging_mixin.py:190} INFO - [2024-10-31T00:05:13.882+0000] {dagbag.py:588} INFO - Filling up the DagBag from /opt/airflow/dags/segunda_prueba.py
[2024-10-31T00:05:13.901+0000] {processor.py:925} INFO - DAG(s) 'my_python_operator_dag' retrieved from /opt/airflow/dags/segunda_prueba.py
[2024-10-31T00:05:13.924+0000] {logging_mixin.py:190} INFO - [2024-10-31T00:05:13.924+0000] {dag.py:3239} INFO - Sync 1 DAGs
[2024-10-31T00:05:13.955+0000] {logging_mixin.py:190} INFO - [2024-10-31T00:05:13.954+0000] {dag.py:4180} INFO - Setting next_dagrun for my_python_operator_dag to 2024-10-30 00:00:00+00:00, run_after=2024-10-31 00:00:00+00:00
[2024-10-31T00:05:13.975+0000] {processor.py:208} INFO - Processing /opt/airflow/dags/segunda_prueba.py took 0.101 seconds
[2024-10-31T00:05:44.313+0000] {processor.py:186} INFO - Started process (PID=55821) to work on /opt/airflow/dags/segunda_prueba.py
[2024-10-31T00:05:44.314+0000] {processor.py:914} INFO - Processing file /opt/airflow/dags/segunda_prueba.py for tasks to queue
[2024-10-31T00:05:44.316+0000] {logging_mixin.py:190} INFO - [2024-10-31T00:05:44.315+0000] {dagbag.py:588} INFO - Filling up the DagBag from /opt/airflow/dags/segunda_prueba.py
[2024-10-31T00:05:44.334+0000] {processor.py:925} INFO - DAG(s) 'my_python_operator_dag' retrieved from /opt/airflow/dags/segunda_prueba.py
[2024-10-31T00:05:44.355+0000] {logging_mixin.py:190} INFO - [2024-10-31T00:05:44.355+0000] {dag.py:3239} INFO - Sync 1 DAGs
[2024-10-31T00:05:44.380+0000] {logging_mixin.py:190} INFO - [2024-10-31T00:05:44.380+0000] {dag.py:4180} INFO - Setting next_dagrun for my_python_operator_dag to 2024-10-30 00:00:00+00:00, run_after=2024-10-31 00:00:00+00:00
[2024-10-31T00:05:44.400+0000] {processor.py:208} INFO - Processing /opt/airflow/dags/segunda_prueba.py took 0.099 seconds
[2024-10-31T00:06:15.266+0000] {processor.py:186} INFO - Started process (PID=55885) to work on /opt/airflow/dags/segunda_prueba.py
[2024-10-31T00:06:15.267+0000] {processor.py:914} INFO - Processing file /opt/airflow/dags/segunda_prueba.py for tasks to queue
[2024-10-31T00:06:15.268+0000] {logging_mixin.py:190} INFO - [2024-10-31T00:06:15.268+0000] {dagbag.py:588} INFO - Filling up the DagBag from /opt/airflow/dags/segunda_prueba.py
[2024-10-31T00:06:15.285+0000] {processor.py:925} INFO - DAG(s) 'my_python_operator_dag' retrieved from /opt/airflow/dags/segunda_prueba.py
[2024-10-31T00:06:15.303+0000] {logging_mixin.py:190} INFO - [2024-10-31T00:06:15.303+0000] {dag.py:3239} INFO - Sync 1 DAGs
[2024-10-31T00:06:15.324+0000] {logging_mixin.py:190} INFO - [2024-10-31T00:06:15.324+0000] {dag.py:4180} INFO - Setting next_dagrun for my_python_operator_dag to 2024-10-30 00:00:00+00:00, run_after=2024-10-31 00:00:00+00:00
[2024-10-31T00:06:15.347+0000] {processor.py:208} INFO - Processing /opt/airflow/dags/segunda_prueba.py took 0.087 seconds
[2024-10-31T00:06:45.605+0000] {processor.py:186} INFO - Started process (PID=55949) to work on /opt/airflow/dags/segunda_prueba.py
[2024-10-31T00:06:45.606+0000] {processor.py:914} INFO - Processing file /opt/airflow/dags/segunda_prueba.py for tasks to queue
[2024-10-31T00:06:45.608+0000] {logging_mixin.py:190} INFO - [2024-10-31T00:06:45.607+0000] {dagbag.py:588} INFO - Filling up the DagBag from /opt/airflow/dags/segunda_prueba.py
[2024-10-31T00:06:45.625+0000] {processor.py:925} INFO - DAG(s) 'my_python_operator_dag' retrieved from /opt/airflow/dags/segunda_prueba.py
[2024-10-31T00:06:45.644+0000] {logging_mixin.py:190} INFO - [2024-10-31T00:06:45.644+0000] {dag.py:3239} INFO - Sync 1 DAGs
[2024-10-31T00:06:45.671+0000] {logging_mixin.py:190} INFO - [2024-10-31T00:06:45.671+0000] {dag.py:4180} INFO - Setting next_dagrun for my_python_operator_dag to 2024-10-30 00:00:00+00:00, run_after=2024-10-31 00:00:00+00:00
[2024-10-31T00:06:45.695+0000] {processor.py:208} INFO - Processing /opt/airflow/dags/segunda_prueba.py took 0.096 seconds
[2024-10-31T00:07:16.700+0000] {processor.py:186} INFO - Started process (PID=56014) to work on /opt/airflow/dags/segunda_prueba.py
[2024-10-31T00:07:16.701+0000] {processor.py:914} INFO - Processing file /opt/airflow/dags/segunda_prueba.py for tasks to queue
[2024-10-31T00:07:16.703+0000] {logging_mixin.py:190} INFO - [2024-10-31T00:07:16.702+0000] {dagbag.py:588} INFO - Filling up the DagBag from /opt/airflow/dags/segunda_prueba.py
[2024-10-31T00:07:16.722+0000] {processor.py:925} INFO - DAG(s) 'my_python_operator_dag' retrieved from /opt/airflow/dags/segunda_prueba.py
[2024-10-31T00:07:16.743+0000] {logging_mixin.py:190} INFO - [2024-10-31T00:07:16.743+0000] {dag.py:3239} INFO - Sync 1 DAGs
[2024-10-31T00:07:16.767+0000] {logging_mixin.py:190} INFO - [2024-10-31T00:07:16.767+0000] {dag.py:4180} INFO - Setting next_dagrun for my_python_operator_dag to 2024-10-30 00:00:00+00:00, run_after=2024-10-31 00:00:00+00:00
[2024-10-31T00:07:16.788+0000] {processor.py:208} INFO - Processing /opt/airflow/dags/segunda_prueba.py took 0.096 seconds
[2024-10-31T00:07:47.177+0000] {processor.py:186} INFO - Started process (PID=56078) to work on /opt/airflow/dags/segunda_prueba.py
[2024-10-31T00:07:47.178+0000] {processor.py:914} INFO - Processing file /opt/airflow/dags/segunda_prueba.py for tasks to queue
[2024-10-31T00:07:47.179+0000] {logging_mixin.py:190} INFO - [2024-10-31T00:07:47.179+0000] {dagbag.py:588} INFO - Filling up the DagBag from /opt/airflow/dags/segunda_prueba.py
[2024-10-31T00:07:47.195+0000] {processor.py:925} INFO - DAG(s) 'my_python_operator_dag' retrieved from /opt/airflow/dags/segunda_prueba.py
[2024-10-31T00:07:47.211+0000] {logging_mixin.py:190} INFO - [2024-10-31T00:07:47.210+0000] {dag.py:3239} INFO - Sync 1 DAGs
[2024-10-31T00:07:47.237+0000] {logging_mixin.py:190} INFO - [2024-10-31T00:07:47.236+0000] {dag.py:4180} INFO - Setting next_dagrun for my_python_operator_dag to 2024-10-30 00:00:00+00:00, run_after=2024-10-31 00:00:00+00:00
[2024-10-31T00:07:47.261+0000] {processor.py:208} INFO - Processing /opt/airflow/dags/segunda_prueba.py took 0.090 seconds
[2024-10-31T00:08:17.610+0000] {processor.py:186} INFO - Started process (PID=56142) to work on /opt/airflow/dags/segunda_prueba.py
[2024-10-31T00:08:17.611+0000] {processor.py:914} INFO - Processing file /opt/airflow/dags/segunda_prueba.py for tasks to queue
[2024-10-31T00:08:17.613+0000] {logging_mixin.py:190} INFO - [2024-10-31T00:08:17.612+0000] {dagbag.py:588} INFO - Filling up the DagBag from /opt/airflow/dags/segunda_prueba.py
[2024-10-31T00:08:17.629+0000] {processor.py:925} INFO - DAG(s) 'my_python_operator_dag' retrieved from /opt/airflow/dags/segunda_prueba.py
[2024-10-31T00:08:17.647+0000] {logging_mixin.py:190} INFO - [2024-10-31T00:08:17.646+0000] {dag.py:3239} INFO - Sync 1 DAGs
[2024-10-31T00:08:17.668+0000] {logging_mixin.py:190} INFO - [2024-10-31T00:08:17.667+0000] {dag.py:4180} INFO - Setting next_dagrun for my_python_operator_dag to 2024-10-30 00:00:00+00:00, run_after=2024-10-31 00:00:00+00:00
[2024-10-31T00:08:17.688+0000] {processor.py:208} INFO - Processing /opt/airflow/dags/segunda_prueba.py took 0.085 seconds
[2024-10-31T00:08:47.784+0000] {processor.py:186} INFO - Started process (PID=56206) to work on /opt/airflow/dags/segunda_prueba.py
[2024-10-31T00:08:47.786+0000] {processor.py:914} INFO - Processing file /opt/airflow/dags/segunda_prueba.py for tasks to queue
[2024-10-31T00:08:47.787+0000] {logging_mixin.py:190} INFO - [2024-10-31T00:08:47.786+0000] {dagbag.py:588} INFO - Filling up the DagBag from /opt/airflow/dags/segunda_prueba.py
[2024-10-31T00:08:47.802+0000] {processor.py:925} INFO - DAG(s) 'my_python_operator_dag' retrieved from /opt/airflow/dags/segunda_prueba.py
[2024-10-31T00:08:47.819+0000] {logging_mixin.py:190} INFO - [2024-10-31T00:08:47.818+0000] {dag.py:3239} INFO - Sync 1 DAGs
[2024-10-31T00:08:47.841+0000] {logging_mixin.py:190} INFO - [2024-10-31T00:08:47.840+0000] {dag.py:4180} INFO - Setting next_dagrun for my_python_operator_dag to 2024-10-30 00:00:00+00:00, run_after=2024-10-31 00:00:00+00:00
[2024-10-31T00:08:47.861+0000] {processor.py:208} INFO - Processing /opt/airflow/dags/segunda_prueba.py took 0.082 seconds
[2024-10-31T00:09:18.754+0000] {processor.py:186} INFO - Started process (PID=56270) to work on /opt/airflow/dags/segunda_prueba.py
[2024-10-31T00:09:18.754+0000] {processor.py:914} INFO - Processing file /opt/airflow/dags/segunda_prueba.py for tasks to queue
[2024-10-31T00:09:18.756+0000] {logging_mixin.py:190} INFO - [2024-10-31T00:09:18.755+0000] {dagbag.py:588} INFO - Filling up the DagBag from /opt/airflow/dags/segunda_prueba.py
[2024-10-31T00:09:18.773+0000] {processor.py:925} INFO - DAG(s) 'my_python_operator_dag' retrieved from /opt/airflow/dags/segunda_prueba.py
[2024-10-31T00:09:18.789+0000] {logging_mixin.py:190} INFO - [2024-10-31T00:09:18.789+0000] {dag.py:3239} INFO - Sync 1 DAGs
[2024-10-31T00:09:18.812+0000] {logging_mixin.py:190} INFO - [2024-10-31T00:09:18.812+0000] {dag.py:4180} INFO - Setting next_dagrun for my_python_operator_dag to 2024-10-30 00:00:00+00:00, run_after=2024-10-31 00:00:00+00:00
[2024-10-31T00:09:18.838+0000] {processor.py:208} INFO - Processing /opt/airflow/dags/segunda_prueba.py took 0.090 seconds
[2024-10-31T00:09:49.543+0000] {processor.py:186} INFO - Started process (PID=56334) to work on /opt/airflow/dags/segunda_prueba.py
[2024-10-31T00:09:49.544+0000] {processor.py:914} INFO - Processing file /opt/airflow/dags/segunda_prueba.py for tasks to queue
[2024-10-31T00:09:49.546+0000] {logging_mixin.py:190} INFO - [2024-10-31T00:09:49.546+0000] {dagbag.py:588} INFO - Filling up the DagBag from /opt/airflow/dags/segunda_prueba.py
[2024-10-31T00:09:49.570+0000] {processor.py:925} INFO - DAG(s) 'my_python_operator_dag' retrieved from /opt/airflow/dags/segunda_prueba.py
[2024-10-31T00:09:49.592+0000] {logging_mixin.py:190} INFO - [2024-10-31T00:09:49.592+0000] {dag.py:3239} INFO - Sync 1 DAGs
[2024-10-31T00:09:49.617+0000] {logging_mixin.py:190} INFO - [2024-10-31T00:09:49.617+0000] {dag.py:4180} INFO - Setting next_dagrun for my_python_operator_dag to 2024-10-30 00:00:00+00:00, run_after=2024-10-31 00:00:00+00:00
[2024-10-31T00:09:49.640+0000] {processor.py:208} INFO - Processing /opt/airflow/dags/segunda_prueba.py took 0.107 seconds
[2024-10-31T00:10:20.386+0000] {processor.py:186} INFO - Started process (PID=56398) to work on /opt/airflow/dags/segunda_prueba.py
[2024-10-31T00:10:20.387+0000] {processor.py:914} INFO - Processing file /opt/airflow/dags/segunda_prueba.py for tasks to queue
[2024-10-31T00:10:20.388+0000] {logging_mixin.py:190} INFO - [2024-10-31T00:10:20.388+0000] {dagbag.py:588} INFO - Filling up the DagBag from /opt/airflow/dags/segunda_prueba.py
[2024-10-31T00:10:20.406+0000] {processor.py:925} INFO - DAG(s) 'my_python_operator_dag' retrieved from /opt/airflow/dags/segunda_prueba.py
[2024-10-31T00:10:20.424+0000] {logging_mixin.py:190} INFO - [2024-10-31T00:10:20.424+0000] {dag.py:3239} INFO - Sync 1 DAGs
[2024-10-31T00:10:20.452+0000] {logging_mixin.py:190} INFO - [2024-10-31T00:10:20.451+0000] {dag.py:4180} INFO - Setting next_dagrun for my_python_operator_dag to 2024-10-30 00:00:00+00:00, run_after=2024-10-31 00:00:00+00:00
[2024-10-31T00:10:20.476+0000] {processor.py:208} INFO - Processing /opt/airflow/dags/segunda_prueba.py took 0.095 seconds
[2024-10-31T00:10:50.997+0000] {processor.py:186} INFO - Started process (PID=56462) to work on /opt/airflow/dags/segunda_prueba.py
[2024-10-31T00:10:50.998+0000] {processor.py:914} INFO - Processing file /opt/airflow/dags/segunda_prueba.py for tasks to queue
[2024-10-31T00:10:51.000+0000] {logging_mixin.py:190} INFO - [2024-10-31T00:10:50.999+0000] {dagbag.py:588} INFO - Filling up the DagBag from /opt/airflow/dags/segunda_prueba.py
[2024-10-31T00:10:51.016+0000] {processor.py:925} INFO - DAG(s) 'my_python_operator_dag' retrieved from /opt/airflow/dags/segunda_prueba.py
[2024-10-31T00:10:51.034+0000] {logging_mixin.py:190} INFO - [2024-10-31T00:10:51.034+0000] {dag.py:3239} INFO - Sync 1 DAGs
[2024-10-31T00:10:51.058+0000] {logging_mixin.py:190} INFO - [2024-10-31T00:10:51.057+0000] {dag.py:4180} INFO - Setting next_dagrun for my_python_operator_dag to 2024-10-30 00:00:00+00:00, run_after=2024-10-31 00:00:00+00:00
[2024-10-31T00:10:51.079+0000] {processor.py:208} INFO - Processing /opt/airflow/dags/segunda_prueba.py took 0.088 seconds
[2024-10-31T00:11:22.109+0000] {processor.py:186} INFO - Started process (PID=56526) to work on /opt/airflow/dags/segunda_prueba.py
[2024-10-31T00:11:22.110+0000] {processor.py:914} INFO - Processing file /opt/airflow/dags/segunda_prueba.py for tasks to queue
[2024-10-31T00:11:22.112+0000] {logging_mixin.py:190} INFO - [2024-10-31T00:11:22.111+0000] {dagbag.py:588} INFO - Filling up the DagBag from /opt/airflow/dags/segunda_prueba.py
[2024-10-31T00:11:22.131+0000] {processor.py:925} INFO - DAG(s) 'my_python_operator_dag' retrieved from /opt/airflow/dags/segunda_prueba.py
[2024-10-31T00:11:22.150+0000] {logging_mixin.py:190} INFO - [2024-10-31T00:11:22.150+0000] {dag.py:3239} INFO - Sync 1 DAGs
[2024-10-31T00:11:22.176+0000] {logging_mixin.py:190} INFO - [2024-10-31T00:11:22.176+0000] {dag.py:4180} INFO - Setting next_dagrun for my_python_operator_dag to 2024-10-30 00:00:00+00:00, run_after=2024-10-31 00:00:00+00:00
[2024-10-31T00:11:22.199+0000] {processor.py:208} INFO - Processing /opt/airflow/dags/segunda_prueba.py took 0.097 seconds
[2024-10-31T00:11:53.167+0000] {processor.py:186} INFO - Started process (PID=56590) to work on /opt/airflow/dags/segunda_prueba.py
[2024-10-31T00:11:53.168+0000] {processor.py:914} INFO - Processing file /opt/airflow/dags/segunda_prueba.py for tasks to queue
[2024-10-31T00:11:53.170+0000] {logging_mixin.py:190} INFO - [2024-10-31T00:11:53.169+0000] {dagbag.py:588} INFO - Filling up the DagBag from /opt/airflow/dags/segunda_prueba.py
[2024-10-31T00:11:53.184+0000] {processor.py:925} INFO - DAG(s) 'my_python_operator_dag' retrieved from /opt/airflow/dags/segunda_prueba.py
[2024-10-31T00:11:53.201+0000] {logging_mixin.py:190} INFO - [2024-10-31T00:11:53.200+0000] {dag.py:3239} INFO - Sync 1 DAGs
[2024-10-31T00:11:53.227+0000] {logging_mixin.py:190} INFO - [2024-10-31T00:11:53.227+0000] {dag.py:4180} INFO - Setting next_dagrun for my_python_operator_dag to 2024-10-30 00:00:00+00:00, run_after=2024-10-31 00:00:00+00:00
[2024-10-31T00:11:53.255+0000] {processor.py:208} INFO - Processing /opt/airflow/dags/segunda_prueba.py took 0.094 seconds
[2024-10-31T00:12:23.417+0000] {processor.py:186} INFO - Started process (PID=56654) to work on /opt/airflow/dags/segunda_prueba.py
[2024-10-31T00:12:23.418+0000] {processor.py:914} INFO - Processing file /opt/airflow/dags/segunda_prueba.py for tasks to queue
[2024-10-31T00:12:23.420+0000] {logging_mixin.py:190} INFO - [2024-10-31T00:12:23.419+0000] {dagbag.py:588} INFO - Filling up the DagBag from /opt/airflow/dags/segunda_prueba.py
[2024-10-31T00:12:23.438+0000] {processor.py:925} INFO - DAG(s) 'my_python_operator_dag' retrieved from /opt/airflow/dags/segunda_prueba.py
[2024-10-31T00:12:23.456+0000] {logging_mixin.py:190} INFO - [2024-10-31T00:12:23.455+0000] {dag.py:3239} INFO - Sync 1 DAGs
[2024-10-31T00:12:23.480+0000] {logging_mixin.py:190} INFO - [2024-10-31T00:12:23.480+0000] {dag.py:4180} INFO - Setting next_dagrun for my_python_operator_dag to 2024-10-30 00:00:00+00:00, run_after=2024-10-31 00:00:00+00:00
[2024-10-31T00:12:23.503+0000] {processor.py:208} INFO - Processing /opt/airflow/dags/segunda_prueba.py took 0.093 seconds
[2024-10-31T00:12:54.252+0000] {processor.py:186} INFO - Started process (PID=56718) to work on /opt/airflow/dags/segunda_prueba.py
[2024-10-31T00:12:54.253+0000] {processor.py:914} INFO - Processing file /opt/airflow/dags/segunda_prueba.py for tasks to queue
[2024-10-31T00:12:54.255+0000] {logging_mixin.py:190} INFO - [2024-10-31T00:12:54.254+0000] {dagbag.py:588} INFO - Filling up the DagBag from /opt/airflow/dags/segunda_prueba.py
[2024-10-31T00:12:54.274+0000] {processor.py:925} INFO - DAG(s) 'my_python_operator_dag' retrieved from /opt/airflow/dags/segunda_prueba.py
[2024-10-31T00:12:54.294+0000] {logging_mixin.py:190} INFO - [2024-10-31T00:12:54.293+0000] {dag.py:3239} INFO - Sync 1 DAGs
[2024-10-31T00:12:54.324+0000] {logging_mixin.py:190} INFO - [2024-10-31T00:12:54.323+0000] {dag.py:4180} INFO - Setting next_dagrun for my_python_operator_dag to 2024-10-30 00:00:00+00:00, run_after=2024-10-31 00:00:00+00:00
[2024-10-31T00:12:54.346+0000] {processor.py:208} INFO - Processing /opt/airflow/dags/segunda_prueba.py took 0.101 seconds
[2024-10-31T00:13:25.218+0000] {processor.py:186} INFO - Started process (PID=56782) to work on /opt/airflow/dags/segunda_prueba.py
[2024-10-31T00:13:25.220+0000] {processor.py:914} INFO - Processing file /opt/airflow/dags/segunda_prueba.py for tasks to queue
[2024-10-31T00:13:25.221+0000] {logging_mixin.py:190} INFO - [2024-10-31T00:13:25.221+0000] {dagbag.py:588} INFO - Filling up the DagBag from /opt/airflow/dags/segunda_prueba.py
[2024-10-31T00:13:25.242+0000] {processor.py:925} INFO - DAG(s) 'my_python_operator_dag' retrieved from /opt/airflow/dags/segunda_prueba.py
[2024-10-31T00:13:25.264+0000] {logging_mixin.py:190} INFO - [2024-10-31T00:13:25.263+0000] {dag.py:3239} INFO - Sync 1 DAGs
[2024-10-31T00:13:25.291+0000] {logging_mixin.py:190} INFO - [2024-10-31T00:13:25.291+0000] {dag.py:4180} INFO - Setting next_dagrun for my_python_operator_dag to 2024-10-30 00:00:00+00:00, run_after=2024-10-31 00:00:00+00:00
[2024-10-31T00:13:25.314+0000] {processor.py:208} INFO - Processing /opt/airflow/dags/segunda_prueba.py took 0.102 seconds
[2024-10-31T00:13:56.134+0000] {processor.py:186} INFO - Started process (PID=56846) to work on /opt/airflow/dags/segunda_prueba.py
[2024-10-31T00:13:56.137+0000] {processor.py:914} INFO - Processing file /opt/airflow/dags/segunda_prueba.py for tasks to queue
[2024-10-31T00:13:56.139+0000] {logging_mixin.py:190} INFO - [2024-10-31T00:13:56.139+0000] {dagbag.py:588} INFO - Filling up the DagBag from /opt/airflow/dags/segunda_prueba.py
[2024-10-31T00:13:56.161+0000] {processor.py:925} INFO - DAG(s) 'my_python_operator_dag' retrieved from /opt/airflow/dags/segunda_prueba.py
[2024-10-31T00:13:56.183+0000] {logging_mixin.py:190} INFO - [2024-10-31T00:13:56.182+0000] {dag.py:3239} INFO - Sync 1 DAGs
[2024-10-31T00:13:56.211+0000] {logging_mixin.py:190} INFO - [2024-10-31T00:13:56.211+0000] {dag.py:4180} INFO - Setting next_dagrun for my_python_operator_dag to 2024-10-30 00:00:00+00:00, run_after=2024-10-31 00:00:00+00:00
[2024-10-31T00:13:56.238+0000] {processor.py:208} INFO - Processing /opt/airflow/dags/segunda_prueba.py took 0.111 seconds
[2024-10-31T00:14:26.400+0000] {processor.py:186} INFO - Started process (PID=56910) to work on /opt/airflow/dags/segunda_prueba.py
[2024-10-31T00:14:26.402+0000] {processor.py:914} INFO - Processing file /opt/airflow/dags/segunda_prueba.py for tasks to queue
[2024-10-31T00:14:26.403+0000] {logging_mixin.py:190} INFO - [2024-10-31T00:14:26.403+0000] {dagbag.py:588} INFO - Filling up the DagBag from /opt/airflow/dags/segunda_prueba.py
[2024-10-31T00:14:26.416+0000] {processor.py:925} INFO - DAG(s) 'my_python_operator_dag' retrieved from /opt/airflow/dags/segunda_prueba.py
[2024-10-31T00:14:26.434+0000] {logging_mixin.py:190} INFO - [2024-10-31T00:14:26.434+0000] {dag.py:3239} INFO - Sync 1 DAGs
[2024-10-31T00:14:26.457+0000] {logging_mixin.py:190} INFO - [2024-10-31T00:14:26.457+0000] {dag.py:4180} INFO - Setting next_dagrun for my_python_operator_dag to 2024-10-30 00:00:00+00:00, run_after=2024-10-31 00:00:00+00:00
[2024-10-31T00:14:26.479+0000] {processor.py:208} INFO - Processing /opt/airflow/dags/segunda_prueba.py took 0.084 seconds
[2024-10-31T00:14:57.193+0000] {processor.py:186} INFO - Started process (PID=56980) to work on /opt/airflow/dags/segunda_prueba.py
[2024-10-31T00:14:57.194+0000] {processor.py:914} INFO - Processing file /opt/airflow/dags/segunda_prueba.py for tasks to queue
[2024-10-31T00:14:57.196+0000] {logging_mixin.py:190} INFO - [2024-10-31T00:14:57.195+0000] {dagbag.py:588} INFO - Filling up the DagBag from /opt/airflow/dags/segunda_prueba.py
[2024-10-31T00:14:57.212+0000] {processor.py:925} INFO - DAG(s) 'my_python_operator_dag' retrieved from /opt/airflow/dags/segunda_prueba.py
[2024-10-31T00:14:57.234+0000] {logging_mixin.py:190} INFO - [2024-10-31T00:14:57.234+0000] {dag.py:3239} INFO - Sync 1 DAGs
[2024-10-31T00:14:57.260+0000] {logging_mixin.py:190} INFO - [2024-10-31T00:14:57.259+0000] {dag.py:4180} INFO - Setting next_dagrun for my_python_operator_dag to 2024-10-30 00:00:00+00:00, run_after=2024-10-31 00:00:00+00:00
[2024-10-31T00:14:57.283+0000] {processor.py:208} INFO - Processing /opt/airflow/dags/segunda_prueba.py took 0.096 seconds
[2024-10-31T00:15:27.489+0000] {processor.py:186} INFO - Started process (PID=57044) to work on /opt/airflow/dags/segunda_prueba.py
[2024-10-31T00:15:27.490+0000] {processor.py:914} INFO - Processing file /opt/airflow/dags/segunda_prueba.py for tasks to queue
[2024-10-31T00:15:27.492+0000] {logging_mixin.py:190} INFO - [2024-10-31T00:15:27.491+0000] {dagbag.py:588} INFO - Filling up the DagBag from /opt/airflow/dags/segunda_prueba.py
[2024-10-31T00:15:27.514+0000] {processor.py:925} INFO - DAG(s) 'my_python_operator_dag' retrieved from /opt/airflow/dags/segunda_prueba.py
[2024-10-31T00:15:27.532+0000] {logging_mixin.py:190} INFO - [2024-10-31T00:15:27.532+0000] {dag.py:3239} INFO - Sync 1 DAGs
[2024-10-31T00:15:27.558+0000] {logging_mixin.py:190} INFO - [2024-10-31T00:15:27.558+0000] {dag.py:4180} INFO - Setting next_dagrun for my_python_operator_dag to 2024-10-30 00:00:00+00:00, run_after=2024-10-31 00:00:00+00:00
[2024-10-31T00:15:27.579+0000] {processor.py:208} INFO - Processing /opt/airflow/dags/segunda_prueba.py took 0.097 seconds
[2024-10-31T00:15:58.449+0000] {processor.py:186} INFO - Started process (PID=57108) to work on /opt/airflow/dags/segunda_prueba.py
[2024-10-31T00:15:58.451+0000] {processor.py:914} INFO - Processing file /opt/airflow/dags/segunda_prueba.py for tasks to queue
[2024-10-31T00:15:58.453+0000] {logging_mixin.py:190} INFO - [2024-10-31T00:15:58.452+0000] {dagbag.py:588} INFO - Filling up the DagBag from /opt/airflow/dags/segunda_prueba.py
[2024-10-31T00:15:58.473+0000] {processor.py:925} INFO - DAG(s) 'my_python_operator_dag' retrieved from /opt/airflow/dags/segunda_prueba.py
[2024-10-31T00:15:58.492+0000] {logging_mixin.py:190} INFO - [2024-10-31T00:15:58.492+0000] {dag.py:3239} INFO - Sync 1 DAGs
[2024-10-31T00:15:58.513+0000] {logging_mixin.py:190} INFO - [2024-10-31T00:15:58.513+0000] {dag.py:4180} INFO - Setting next_dagrun for my_python_operator_dag to 2024-10-30 00:00:00+00:00, run_after=2024-10-31 00:00:00+00:00
[2024-10-31T00:15:58.533+0000] {processor.py:208} INFO - Processing /opt/airflow/dags/segunda_prueba.py took 0.092 seconds
[2024-10-31T00:16:28.822+0000] {processor.py:186} INFO - Started process (PID=57172) to work on /opt/airflow/dags/segunda_prueba.py
[2024-10-31T00:16:28.823+0000] {processor.py:914} INFO - Processing file /opt/airflow/dags/segunda_prueba.py for tasks to queue
[2024-10-31T00:16:28.824+0000] {logging_mixin.py:190} INFO - [2024-10-31T00:16:28.824+0000] {dagbag.py:588} INFO - Filling up the DagBag from /opt/airflow/dags/segunda_prueba.py
[2024-10-31T00:16:28.839+0000] {processor.py:925} INFO - DAG(s) 'my_python_operator_dag' retrieved from /opt/airflow/dags/segunda_prueba.py
[2024-10-31T00:16:28.857+0000] {logging_mixin.py:190} INFO - [2024-10-31T00:16:28.857+0000] {dag.py:3239} INFO - Sync 1 DAGs
[2024-10-31T00:16:28.882+0000] {logging_mixin.py:190} INFO - [2024-10-31T00:16:28.881+0000] {dag.py:4180} INFO - Setting next_dagrun for my_python_operator_dag to 2024-10-30 00:00:00+00:00, run_after=2024-10-31 00:00:00+00:00
[2024-10-31T00:16:28.905+0000] {processor.py:208} INFO - Processing /opt/airflow/dags/segunda_prueba.py took 0.089 seconds
[2024-10-31T00:16:59.736+0000] {processor.py:186} INFO - Started process (PID=57236) to work on /opt/airflow/dags/segunda_prueba.py
[2024-10-31T00:16:59.737+0000] {processor.py:914} INFO - Processing file /opt/airflow/dags/segunda_prueba.py for tasks to queue
[2024-10-31T00:16:59.739+0000] {logging_mixin.py:190} INFO - [2024-10-31T00:16:59.738+0000] {dagbag.py:588} INFO - Filling up the DagBag from /opt/airflow/dags/segunda_prueba.py
[2024-10-31T00:16:59.754+0000] {processor.py:925} INFO - DAG(s) 'my_python_operator_dag' retrieved from /opt/airflow/dags/segunda_prueba.py
[2024-10-31T00:16:59.772+0000] {logging_mixin.py:190} INFO - [2024-10-31T00:16:59.772+0000] {dag.py:3239} INFO - Sync 1 DAGs
[2024-10-31T00:16:59.801+0000] {logging_mixin.py:190} INFO - [2024-10-31T00:16:59.800+0000] {dag.py:4180} INFO - Setting next_dagrun for my_python_operator_dag to 2024-10-30 00:00:00+00:00, run_after=2024-10-31 00:00:00+00:00
[2024-10-31T00:16:59.824+0000] {processor.py:208} INFO - Processing /opt/airflow/dags/segunda_prueba.py took 0.094 seconds
[2024-10-31T00:17:30.333+0000] {processor.py:186} INFO - Started process (PID=57300) to work on /opt/airflow/dags/segunda_prueba.py
[2024-10-31T00:17:30.375+0000] {processor.py:914} INFO - Processing file /opt/airflow/dags/segunda_prueba.py for tasks to queue
[2024-10-31T00:17:30.408+0000] {logging_mixin.py:190} INFO - [2024-10-31T00:17:30.407+0000] {dagbag.py:588} INFO - Filling up the DagBag from /opt/airflow/dags/segunda_prueba.py
[2024-10-31T00:17:30.521+0000] {processor.py:925} INFO - DAG(s) 'my_python_operator_dag' retrieved from /opt/airflow/dags/segunda_prueba.py
[2024-10-31T00:17:30.545+0000] {logging_mixin.py:190} INFO - [2024-10-31T00:17:30.545+0000] {dag.py:3239} INFO - Sync 1 DAGs
[2024-10-31T00:17:30.573+0000] {logging_mixin.py:190} INFO - [2024-10-31T00:17:30.573+0000] {dag.py:4180} INFO - Setting next_dagrun for my_python_operator_dag to 2024-10-30 00:00:00+00:00, run_after=2024-10-31 00:00:00+00:00
[2024-10-31T00:17:30.599+0000] {processor.py:208} INFO - Processing /opt/airflow/dags/segunda_prueba.py took 0.284 seconds
[2024-10-31T00:18:01.568+0000] {processor.py:186} INFO - Started process (PID=57364) to work on /opt/airflow/dags/segunda_prueba.py
[2024-10-31T00:18:01.569+0000] {processor.py:914} INFO - Processing file /opt/airflow/dags/segunda_prueba.py for tasks to queue
[2024-10-31T00:18:01.571+0000] {logging_mixin.py:190} INFO - [2024-10-31T00:18:01.571+0000] {dagbag.py:588} INFO - Filling up the DagBag from /opt/airflow/dags/segunda_prueba.py
[2024-10-31T00:18:01.587+0000] {processor.py:925} INFO - DAG(s) 'my_python_operator_dag' retrieved from /opt/airflow/dags/segunda_prueba.py
[2024-10-31T00:18:01.606+0000] {logging_mixin.py:190} INFO - [2024-10-31T00:18:01.606+0000] {dag.py:3239} INFO - Sync 1 DAGs
[2024-10-31T00:18:01.634+0000] {logging_mixin.py:190} INFO - [2024-10-31T00:18:01.634+0000] {dag.py:4180} INFO - Setting next_dagrun for my_python_operator_dag to 2024-10-30 00:00:00+00:00, run_after=2024-10-31 00:00:00+00:00
[2024-10-31T00:18:01.657+0000] {processor.py:208} INFO - Processing /opt/airflow/dags/segunda_prueba.py took 0.095 seconds
[2024-10-31T00:18:32.345+0000] {processor.py:186} INFO - Started process (PID=57428) to work on /opt/airflow/dags/segunda_prueba.py
[2024-10-31T00:18:32.346+0000] {processor.py:914} INFO - Processing file /opt/airflow/dags/segunda_prueba.py for tasks to queue
[2024-10-31T00:18:32.347+0000] {logging_mixin.py:190} INFO - [2024-10-31T00:18:32.347+0000] {dagbag.py:588} INFO - Filling up the DagBag from /opt/airflow/dags/segunda_prueba.py
[2024-10-31T00:18:32.363+0000] {processor.py:925} INFO - DAG(s) 'my_python_operator_dag' retrieved from /opt/airflow/dags/segunda_prueba.py
[2024-10-31T00:18:32.381+0000] {logging_mixin.py:190} INFO - [2024-10-31T00:18:32.381+0000] {dag.py:3239} INFO - Sync 1 DAGs
[2024-10-31T00:18:32.402+0000] {logging_mixin.py:190} INFO - [2024-10-31T00:18:32.402+0000] {dag.py:4180} INFO - Setting next_dagrun for my_python_operator_dag to 2024-10-30 00:00:00+00:00, run_after=2024-10-31 00:00:00+00:00
[2024-10-31T00:18:32.424+0000] {processor.py:208} INFO - Processing /opt/airflow/dags/segunda_prueba.py took 0.085 seconds
[2024-10-31T00:19:02.998+0000] {processor.py:186} INFO - Started process (PID=57492) to work on /opt/airflow/dags/segunda_prueba.py
[2024-10-31T00:19:02.999+0000] {processor.py:914} INFO - Processing file /opt/airflow/dags/segunda_prueba.py for tasks to queue
[2024-10-31T00:19:03.001+0000] {logging_mixin.py:190} INFO - [2024-10-31T00:19:03.001+0000] {dagbag.py:588} INFO - Filling up the DagBag from /opt/airflow/dags/segunda_prueba.py
[2024-10-31T00:19:03.017+0000] {processor.py:925} INFO - DAG(s) 'my_python_operator_dag' retrieved from /opt/airflow/dags/segunda_prueba.py
[2024-10-31T00:19:03.040+0000] {logging_mixin.py:190} INFO - [2024-10-31T00:19:03.039+0000] {dag.py:3239} INFO - Sync 1 DAGs
[2024-10-31T00:19:03.064+0000] {logging_mixin.py:190} INFO - [2024-10-31T00:19:03.064+0000] {dag.py:4180} INFO - Setting next_dagrun for my_python_operator_dag to 2024-10-30 00:00:00+00:00, run_after=2024-10-31 00:00:00+00:00
[2024-10-31T00:19:03.089+0000] {processor.py:208} INFO - Processing /opt/airflow/dags/segunda_prueba.py took 0.097 seconds
[2024-10-31T00:19:34.029+0000] {processor.py:186} INFO - Started process (PID=57556) to work on /opt/airflow/dags/segunda_prueba.py
[2024-10-31T00:19:34.031+0000] {processor.py:914} INFO - Processing file /opt/airflow/dags/segunda_prueba.py for tasks to queue
[2024-10-31T00:19:34.036+0000] {logging_mixin.py:190} INFO - [2024-10-31T00:19:34.036+0000] {dagbag.py:588} INFO - Filling up the DagBag from /opt/airflow/dags/segunda_prueba.py
[2024-10-31T00:19:34.055+0000] {processor.py:925} INFO - DAG(s) 'my_python_operator_dag' retrieved from /opt/airflow/dags/segunda_prueba.py
[2024-10-31T00:19:34.078+0000] {logging_mixin.py:190} INFO - [2024-10-31T00:19:34.077+0000] {dag.py:3239} INFO - Sync 1 DAGs
[2024-10-31T00:19:34.115+0000] {logging_mixin.py:190} INFO - [2024-10-31T00:19:34.115+0000] {dag.py:4180} INFO - Setting next_dagrun for my_python_operator_dag to 2024-10-30 00:00:00+00:00, run_after=2024-10-31 00:00:00+00:00
[2024-10-31T00:19:34.138+0000] {processor.py:208} INFO - Processing /opt/airflow/dags/segunda_prueba.py took 0.115 seconds
[2024-10-31T00:20:05.036+0000] {processor.py:186} INFO - Started process (PID=57621) to work on /opt/airflow/dags/segunda_prueba.py
[2024-10-31T00:20:05.037+0000] {processor.py:914} INFO - Processing file /opt/airflow/dags/segunda_prueba.py for tasks to queue
[2024-10-31T00:20:05.038+0000] {logging_mixin.py:190} INFO - [2024-10-31T00:20:05.038+0000] {dagbag.py:588} INFO - Filling up the DagBag from /opt/airflow/dags/segunda_prueba.py
[2024-10-31T00:20:05.053+0000] {processor.py:925} INFO - DAG(s) 'my_python_operator_dag' retrieved from /opt/airflow/dags/segunda_prueba.py
[2024-10-31T00:20:05.072+0000] {logging_mixin.py:190} INFO - [2024-10-31T00:20:05.072+0000] {dag.py:3239} INFO - Sync 1 DAGs
[2024-10-31T00:20:05.097+0000] {logging_mixin.py:190} INFO - [2024-10-31T00:20:05.097+0000] {dag.py:4180} INFO - Setting next_dagrun for my_python_operator_dag to 2024-10-30 00:00:00+00:00, run_after=2024-10-31 00:00:00+00:00
[2024-10-31T00:20:05.121+0000] {processor.py:208} INFO - Processing /opt/airflow/dags/segunda_prueba.py took 0.092 seconds
[2024-10-31T00:20:35.964+0000] {processor.py:186} INFO - Started process (PID=57685) to work on /opt/airflow/dags/segunda_prueba.py
[2024-10-31T00:20:35.965+0000] {processor.py:914} INFO - Processing file /opt/airflow/dags/segunda_prueba.py for tasks to queue
[2024-10-31T00:20:35.967+0000] {logging_mixin.py:190} INFO - [2024-10-31T00:20:35.967+0000] {dagbag.py:588} INFO - Filling up the DagBag from /opt/airflow/dags/segunda_prueba.py
[2024-10-31T00:20:35.987+0000] {processor.py:925} INFO - DAG(s) 'my_python_operator_dag' retrieved from /opt/airflow/dags/segunda_prueba.py
[2024-10-31T00:20:36.010+0000] {logging_mixin.py:190} INFO - [2024-10-31T00:20:36.009+0000] {dag.py:3239} INFO - Sync 1 DAGs
[2024-10-31T00:20:36.035+0000] {logging_mixin.py:190} INFO - [2024-10-31T00:20:36.034+0000] {dag.py:4180} INFO - Setting next_dagrun for my_python_operator_dag to 2024-10-30 00:00:00+00:00, run_after=2024-10-31 00:00:00+00:00
[2024-10-31T00:20:36.059+0000] {processor.py:208} INFO - Processing /opt/airflow/dags/segunda_prueba.py took 0.101 seconds
[2024-10-31T00:21:06.937+0000] {processor.py:186} INFO - Started process (PID=57749) to work on /opt/airflow/dags/segunda_prueba.py
[2024-10-31T00:21:06.938+0000] {processor.py:914} INFO - Processing file /opt/airflow/dags/segunda_prueba.py for tasks to queue
[2024-10-31T00:21:06.940+0000] {logging_mixin.py:190} INFO - [2024-10-31T00:21:06.940+0000] {dagbag.py:588} INFO - Filling up the DagBag from /opt/airflow/dags/segunda_prueba.py
[2024-10-31T00:21:06.959+0000] {processor.py:925} INFO - DAG(s) 'my_python_operator_dag' retrieved from /opt/airflow/dags/segunda_prueba.py
[2024-10-31T00:21:06.980+0000] {logging_mixin.py:190} INFO - [2024-10-31T00:21:06.980+0000] {dag.py:3239} INFO - Sync 1 DAGs
[2024-10-31T00:21:07.013+0000] {logging_mixin.py:190} INFO - [2024-10-31T00:21:07.013+0000] {dag.py:4180} INFO - Setting next_dagrun for my_python_operator_dag to 2024-10-30 00:00:00+00:00, run_after=2024-10-31 00:00:00+00:00
[2024-10-31T00:21:07.041+0000] {processor.py:208} INFO - Processing /opt/airflow/dags/segunda_prueba.py took 0.112 seconds
[2024-10-31T00:21:37.728+0000] {processor.py:186} INFO - Started process (PID=57813) to work on /opt/airflow/dags/segunda_prueba.py
[2024-10-31T00:21:37.730+0000] {processor.py:914} INFO - Processing file /opt/airflow/dags/segunda_prueba.py for tasks to queue
[2024-10-31T00:21:37.731+0000] {logging_mixin.py:190} INFO - [2024-10-31T00:21:37.731+0000] {dagbag.py:588} INFO - Filling up the DagBag from /opt/airflow/dags/segunda_prueba.py
[2024-10-31T00:21:37.750+0000] {processor.py:925} INFO - DAG(s) 'my_python_operator_dag' retrieved from /opt/airflow/dags/segunda_prueba.py
[2024-10-31T00:21:37.768+0000] {logging_mixin.py:190} INFO - [2024-10-31T00:21:37.767+0000] {dag.py:3239} INFO - Sync 1 DAGs
[2024-10-31T00:21:37.790+0000] {logging_mixin.py:190} INFO - [2024-10-31T00:21:37.789+0000] {dag.py:4180} INFO - Setting next_dagrun for my_python_operator_dag to 2024-10-30 00:00:00+00:00, run_after=2024-10-31 00:00:00+00:00
[2024-10-31T00:21:37.814+0000] {processor.py:208} INFO - Processing /opt/airflow/dags/segunda_prueba.py took 0.092 seconds
[2024-10-31T00:22:08.630+0000] {processor.py:186} INFO - Started process (PID=57877) to work on /opt/airflow/dags/segunda_prueba.py
[2024-10-31T00:22:08.631+0000] {processor.py:914} INFO - Processing file /opt/airflow/dags/segunda_prueba.py for tasks to queue
[2024-10-31T00:22:08.632+0000] {logging_mixin.py:190} INFO - [2024-10-31T00:22:08.632+0000] {dagbag.py:588} INFO - Filling up the DagBag from /opt/airflow/dags/segunda_prueba.py
[2024-10-31T00:22:08.649+0000] {processor.py:925} INFO - DAG(s) 'my_python_operator_dag' retrieved from /opt/airflow/dags/segunda_prueba.py
[2024-10-31T00:22:08.669+0000] {logging_mixin.py:190} INFO - [2024-10-31T00:22:08.669+0000] {dag.py:3239} INFO - Sync 1 DAGs
[2024-10-31T00:22:08.693+0000] {logging_mixin.py:190} INFO - [2024-10-31T00:22:08.692+0000] {dag.py:4180} INFO - Setting next_dagrun for my_python_operator_dag to 2024-10-30 00:00:00+00:00, run_after=2024-10-31 00:00:00+00:00
[2024-10-31T00:22:08.715+0000] {processor.py:208} INFO - Processing /opt/airflow/dags/segunda_prueba.py took 0.092 seconds
[2024-10-31T00:22:39.052+0000] {processor.py:186} INFO - Started process (PID=57941) to work on /opt/airflow/dags/segunda_prueba.py
[2024-10-31T00:22:39.053+0000] {processor.py:914} INFO - Processing file /opt/airflow/dags/segunda_prueba.py for tasks to queue
[2024-10-31T00:22:39.055+0000] {logging_mixin.py:190} INFO - [2024-10-31T00:22:39.055+0000] {dagbag.py:588} INFO - Filling up the DagBag from /opt/airflow/dags/segunda_prueba.py
[2024-10-31T00:22:39.075+0000] {processor.py:925} INFO - DAG(s) 'my_python_operator_dag' retrieved from /opt/airflow/dags/segunda_prueba.py
[2024-10-31T00:22:39.093+0000] {logging_mixin.py:190} INFO - [2024-10-31T00:22:39.093+0000] {dag.py:3239} INFO - Sync 1 DAGs
[2024-10-31T00:22:39.121+0000] {logging_mixin.py:190} INFO - [2024-10-31T00:22:39.120+0000] {dag.py:4180} INFO - Setting next_dagrun for my_python_operator_dag to 2024-10-30 00:00:00+00:00, run_after=2024-10-31 00:00:00+00:00
[2024-10-31T00:22:39.145+0000] {processor.py:208} INFO - Processing /opt/airflow/dags/segunda_prueba.py took 0.100 seconds
[2024-10-31T00:23:09.197+0000] {processor.py:186} INFO - Started process (PID=58005) to work on /opt/airflow/dags/segunda_prueba.py
[2024-10-31T00:23:09.198+0000] {processor.py:914} INFO - Processing file /opt/airflow/dags/segunda_prueba.py for tasks to queue
[2024-10-31T00:23:09.199+0000] {logging_mixin.py:190} INFO - [2024-10-31T00:23:09.199+0000] {dagbag.py:588} INFO - Filling up the DagBag from /opt/airflow/dags/segunda_prueba.py
[2024-10-31T00:23:09.218+0000] {processor.py:925} INFO - DAG(s) 'my_python_operator_dag' retrieved from /opt/airflow/dags/segunda_prueba.py
[2024-10-31T00:23:09.236+0000] {logging_mixin.py:190} INFO - [2024-10-31T00:23:09.235+0000] {dag.py:3239} INFO - Sync 1 DAGs
[2024-10-31T00:23:09.264+0000] {logging_mixin.py:190} INFO - [2024-10-31T00:23:09.263+0000] {dag.py:4180} INFO - Setting next_dagrun for my_python_operator_dag to 2024-10-30 00:00:00+00:00, run_after=2024-10-31 00:00:00+00:00
[2024-10-31T00:23:09.288+0000] {processor.py:208} INFO - Processing /opt/airflow/dags/segunda_prueba.py took 0.095 seconds
[2024-10-31T00:23:39.952+0000] {processor.py:186} INFO - Started process (PID=58069) to work on /opt/airflow/dags/segunda_prueba.py
[2024-10-31T00:23:39.954+0000] {processor.py:914} INFO - Processing file /opt/airflow/dags/segunda_prueba.py for tasks to queue
[2024-10-31T00:23:39.958+0000] {logging_mixin.py:190} INFO - [2024-10-31T00:23:39.958+0000] {dagbag.py:588} INFO - Filling up the DagBag from /opt/airflow/dags/segunda_prueba.py
[2024-10-31T00:23:39.983+0000] {processor.py:925} INFO - DAG(s) 'my_python_operator_dag' retrieved from /opt/airflow/dags/segunda_prueba.py
[2024-10-31T00:23:40.003+0000] {logging_mixin.py:190} INFO - [2024-10-31T00:23:40.002+0000] {dag.py:3239} INFO - Sync 1 DAGs
[2024-10-31T00:23:40.025+0000] {logging_mixin.py:190} INFO - [2024-10-31T00:23:40.025+0000] {dag.py:4180} INFO - Setting next_dagrun for my_python_operator_dag to 2024-10-30 00:00:00+00:00, run_after=2024-10-31 00:00:00+00:00
[2024-10-31T00:23:40.046+0000] {processor.py:208} INFO - Processing /opt/airflow/dags/segunda_prueba.py took 0.102 seconds
[2024-10-31T00:24:10.653+0000] {processor.py:186} INFO - Started process (PID=58133) to work on /opt/airflow/dags/segunda_prueba.py
[2024-10-31T00:24:10.654+0000] {processor.py:914} INFO - Processing file /opt/airflow/dags/segunda_prueba.py for tasks to queue
[2024-10-31T00:24:10.655+0000] {logging_mixin.py:190} INFO - [2024-10-31T00:24:10.655+0000] {dagbag.py:588} INFO - Filling up the DagBag from /opt/airflow/dags/segunda_prueba.py
[2024-10-31T00:24:10.672+0000] {processor.py:925} INFO - DAG(s) 'my_python_operator_dag' retrieved from /opt/airflow/dags/segunda_prueba.py
[2024-10-31T00:24:10.689+0000] {logging_mixin.py:190} INFO - [2024-10-31T00:24:10.689+0000] {dag.py:3239} INFO - Sync 1 DAGs
[2024-10-31T00:24:10.711+0000] {logging_mixin.py:190} INFO - [2024-10-31T00:24:10.711+0000] {dag.py:4180} INFO - Setting next_dagrun for my_python_operator_dag to 2024-10-30 00:00:00+00:00, run_after=2024-10-31 00:00:00+00:00
[2024-10-31T00:24:10.734+0000] {processor.py:208} INFO - Processing /opt/airflow/dags/segunda_prueba.py took 0.086 seconds
[2024-10-31T00:24:40.927+0000] {processor.py:186} INFO - Started process (PID=58193) to work on /opt/airflow/dags/segunda_prueba.py
[2024-10-31T00:24:40.929+0000] {processor.py:914} INFO - Processing file /opt/airflow/dags/segunda_prueba.py for tasks to queue
[2024-10-31T00:24:40.938+0000] {logging_mixin.py:190} INFO - [2024-10-31T00:24:40.937+0000] {dagbag.py:588} INFO - Filling up the DagBag from /opt/airflow/dags/segunda_prueba.py
[2024-10-31T00:24:40.976+0000] {processor.py:925} INFO - DAG(s) 'my_python_operator_dag' retrieved from /opt/airflow/dags/segunda_prueba.py
[2024-10-31T00:24:41.011+0000] {logging_mixin.py:190} INFO - [2024-10-31T00:24:41.011+0000] {dag.py:3239} INFO - Sync 1 DAGs
[2024-10-31T00:24:41.057+0000] {logging_mixin.py:190} INFO - [2024-10-31T00:24:41.057+0000] {dag.py:4180} INFO - Setting next_dagrun for my_python_operator_dag to 2024-10-30 00:00:00+00:00, run_after=2024-10-31 00:00:00+00:00
[2024-10-31T00:24:41.082+0000] {processor.py:208} INFO - Processing /opt/airflow/dags/segunda_prueba.py took 0.170 seconds
[2024-10-31T00:25:12.078+0000] {processor.py:186} INFO - Started process (PID=58257) to work on /opt/airflow/dags/segunda_prueba.py
[2024-10-31T00:25:12.079+0000] {processor.py:914} INFO - Processing file /opt/airflow/dags/segunda_prueba.py for tasks to queue
[2024-10-31T00:25:12.081+0000] {logging_mixin.py:190} INFO - [2024-10-31T00:25:12.080+0000] {dagbag.py:588} INFO - Filling up the DagBag from /opt/airflow/dags/segunda_prueba.py
[2024-10-31T00:25:12.099+0000] {processor.py:925} INFO - DAG(s) 'my_python_operator_dag' retrieved from /opt/airflow/dags/segunda_prueba.py
[2024-10-31T00:25:12.119+0000] {logging_mixin.py:190} INFO - [2024-10-31T00:25:12.118+0000] {dag.py:3239} INFO - Sync 1 DAGs
[2024-10-31T00:25:12.142+0000] {logging_mixin.py:190} INFO - [2024-10-31T00:25:12.142+0000] {dag.py:4180} INFO - Setting next_dagrun for my_python_operator_dag to 2024-10-30 00:00:00+00:00, run_after=2024-10-31 00:00:00+00:00
[2024-10-31T00:25:12.163+0000] {processor.py:208} INFO - Processing /opt/airflow/dags/segunda_prueba.py took 0.091 seconds
[2024-10-31T00:25:42.587+0000] {processor.py:186} INFO - Started process (PID=58321) to work on /opt/airflow/dags/segunda_prueba.py
[2024-10-31T00:25:42.588+0000] {processor.py:914} INFO - Processing file /opt/airflow/dags/segunda_prueba.py for tasks to queue
[2024-10-31T00:25:42.590+0000] {logging_mixin.py:190} INFO - [2024-10-31T00:25:42.589+0000] {dagbag.py:588} INFO - Filling up the DagBag from /opt/airflow/dags/segunda_prueba.py
[2024-10-31T00:25:42.607+0000] {processor.py:925} INFO - DAG(s) 'my_python_operator_dag' retrieved from /opt/airflow/dags/segunda_prueba.py
[2024-10-31T00:25:42.629+0000] {logging_mixin.py:190} INFO - [2024-10-31T00:25:42.629+0000] {dag.py:3239} INFO - Sync 1 DAGs
[2024-10-31T00:25:42.655+0000] {logging_mixin.py:190} INFO - [2024-10-31T00:25:42.655+0000] {dag.py:4180} INFO - Setting next_dagrun for my_python_operator_dag to 2024-10-30 00:00:00+00:00, run_after=2024-10-31 00:00:00+00:00
[2024-10-31T00:25:42.680+0000] {processor.py:208} INFO - Processing /opt/airflow/dags/segunda_prueba.py took 0.099 seconds
[2024-10-31T00:26:12.986+0000] {processor.py:186} INFO - Started process (PID=58385) to work on /opt/airflow/dags/segunda_prueba.py
[2024-10-31T00:26:12.988+0000] {processor.py:914} INFO - Processing file /opt/airflow/dags/segunda_prueba.py for tasks to queue
[2024-10-31T00:26:12.989+0000] {logging_mixin.py:190} INFO - [2024-10-31T00:26:12.989+0000] {dagbag.py:588} INFO - Filling up the DagBag from /opt/airflow/dags/segunda_prueba.py
[2024-10-31T00:26:13.013+0000] {processor.py:925} INFO - DAG(s) 'my_python_operator_dag' retrieved from /opt/airflow/dags/segunda_prueba.py
[2024-10-31T00:26:13.034+0000] {logging_mixin.py:190} INFO - [2024-10-31T00:26:13.034+0000] {dag.py:3239} INFO - Sync 1 DAGs
[2024-10-31T00:26:13.063+0000] {logging_mixin.py:190} INFO - [2024-10-31T00:26:13.063+0000] {dag.py:4180} INFO - Setting next_dagrun for my_python_operator_dag to 2024-10-30 00:00:00+00:00, run_after=2024-10-31 00:00:00+00:00
[2024-10-31T00:26:13.083+0000] {processor.py:208} INFO - Processing /opt/airflow/dags/segunda_prueba.py took 0.105 seconds
[2024-10-31T00:26:43.629+0000] {processor.py:186} INFO - Started process (PID=58450) to work on /opt/airflow/dags/segunda_prueba.py
[2024-10-31T00:26:43.630+0000] {processor.py:914} INFO - Processing file /opt/airflow/dags/segunda_prueba.py for tasks to queue
[2024-10-31T00:26:43.632+0000] {logging_mixin.py:190} INFO - [2024-10-31T00:26:43.631+0000] {dagbag.py:588} INFO - Filling up the DagBag from /opt/airflow/dags/segunda_prueba.py
[2024-10-31T00:26:43.647+0000] {processor.py:925} INFO - DAG(s) 'my_python_operator_dag' retrieved from /opt/airflow/dags/segunda_prueba.py
[2024-10-31T00:26:43.669+0000] {logging_mixin.py:190} INFO - [2024-10-31T00:26:43.669+0000] {dag.py:3239} INFO - Sync 1 DAGs
[2024-10-31T00:26:43.704+0000] {logging_mixin.py:190} INFO - [2024-10-31T00:26:43.703+0000] {dag.py:4180} INFO - Setting next_dagrun for my_python_operator_dag to 2024-10-30 00:00:00+00:00, run_after=2024-10-31 00:00:00+00:00
[2024-10-31T00:26:43.736+0000] {processor.py:208} INFO - Processing /opt/airflow/dags/segunda_prueba.py took 0.114 seconds
[2024-10-31T00:27:14.022+0000] {processor.py:186} INFO - Started process (PID=58506) to work on /opt/airflow/dags/segunda_prueba.py
[2024-10-31T00:27:14.023+0000] {processor.py:914} INFO - Processing file /opt/airflow/dags/segunda_prueba.py for tasks to queue
[2024-10-31T00:27:14.024+0000] {logging_mixin.py:190} INFO - [2024-10-31T00:27:14.024+0000] {dagbag.py:588} INFO - Filling up the DagBag from /opt/airflow/dags/segunda_prueba.py
[2024-10-31T00:27:14.042+0000] {processor.py:925} INFO - DAG(s) 'my_python_operator_dag' retrieved from /opt/airflow/dags/segunda_prueba.py
[2024-10-31T00:27:14.062+0000] {logging_mixin.py:190} INFO - [2024-10-31T00:27:14.061+0000] {dag.py:3239} INFO - Sync 1 DAGs
[2024-10-31T00:27:14.095+0000] {logging_mixin.py:190} INFO - [2024-10-31T00:27:14.095+0000] {dag.py:4180} INFO - Setting next_dagrun for my_python_operator_dag to 2024-10-30 00:00:00+00:00, run_after=2024-10-31 00:00:00+00:00
[2024-10-31T00:27:14.118+0000] {processor.py:208} INFO - Processing /opt/airflow/dags/segunda_prueba.py took 0.104 seconds
[2024-10-31T00:27:44.392+0000] {processor.py:186} INFO - Started process (PID=58565) to work on /opt/airflow/dags/segunda_prueba.py
[2024-10-31T00:27:44.396+0000] {processor.py:914} INFO - Processing file /opt/airflow/dags/segunda_prueba.py for tasks to queue
[2024-10-31T00:27:44.398+0000] {logging_mixin.py:190} INFO - [2024-10-31T00:27:44.397+0000] {dagbag.py:588} INFO - Filling up the DagBag from /opt/airflow/dags/segunda_prueba.py
[2024-10-31T00:27:44.414+0000] {processor.py:925} INFO - DAG(s) 'my_python_operator_dag' retrieved from /opt/airflow/dags/segunda_prueba.py
[2024-10-31T00:27:44.434+0000] {logging_mixin.py:190} INFO - [2024-10-31T00:27:44.434+0000] {dag.py:3239} INFO - Sync 1 DAGs
[2024-10-31T00:27:44.634+0000] {logging_mixin.py:190} INFO - [2024-10-31T00:27:44.634+0000] {dag.py:4180} INFO - Setting next_dagrun for my_python_operator_dag to 2024-10-30 00:00:00+00:00, run_after=2024-10-31 00:00:00+00:00
[2024-10-31T00:27:44.654+0000] {processor.py:208} INFO - Processing /opt/airflow/dags/segunda_prueba.py took 0.269 seconds
[2024-10-31T00:28:14.867+0000] {processor.py:186} INFO - Started process (PID=58630) to work on /opt/airflow/dags/segunda_prueba.py
[2024-10-31T00:28:14.868+0000] {processor.py:914} INFO - Processing file /opt/airflow/dags/segunda_prueba.py for tasks to queue
[2024-10-31T00:28:14.870+0000] {logging_mixin.py:190} INFO - [2024-10-31T00:28:14.869+0000] {dagbag.py:588} INFO - Filling up the DagBag from /opt/airflow/dags/segunda_prueba.py
[2024-10-31T00:28:14.885+0000] {processor.py:925} INFO - DAG(s) 'my_python_operator_dag' retrieved from /opt/airflow/dags/segunda_prueba.py
[2024-10-31T00:28:14.903+0000] {logging_mixin.py:190} INFO - [2024-10-31T00:28:14.903+0000] {dag.py:3239} INFO - Sync 1 DAGs
[2024-10-31T00:28:14.930+0000] {logging_mixin.py:190} INFO - [2024-10-31T00:28:14.930+0000] {dag.py:4180} INFO - Setting next_dagrun for my_python_operator_dag to 2024-10-30 00:00:00+00:00, run_after=2024-10-31 00:00:00+00:00
[2024-10-31T00:28:14.953+0000] {processor.py:208} INFO - Processing /opt/airflow/dags/segunda_prueba.py took 0.091 seconds
[2024-10-31T00:28:45.775+0000] {processor.py:186} INFO - Started process (PID=58691) to work on /opt/airflow/dags/segunda_prueba.py
[2024-10-31T00:28:45.776+0000] {processor.py:914} INFO - Processing file /opt/airflow/dags/segunda_prueba.py for tasks to queue
[2024-10-31T00:28:45.779+0000] {logging_mixin.py:190} INFO - [2024-10-31T00:28:45.778+0000] {dagbag.py:588} INFO - Filling up the DagBag from /opt/airflow/dags/segunda_prueba.py
[2024-10-31T00:28:45.797+0000] {processor.py:925} INFO - DAG(s) 'my_python_operator_dag' retrieved from /opt/airflow/dags/segunda_prueba.py
[2024-10-31T00:28:45.816+0000] {logging_mixin.py:190} INFO - [2024-10-31T00:28:45.816+0000] {dag.py:3239} INFO - Sync 1 DAGs
[2024-10-31T00:28:45.841+0000] {logging_mixin.py:190} INFO - [2024-10-31T00:28:45.841+0000] {dag.py:4180} INFO - Setting next_dagrun for my_python_operator_dag to 2024-10-30 00:00:00+00:00, run_after=2024-10-31 00:00:00+00:00
[2024-10-31T00:28:45.862+0000] {processor.py:208} INFO - Processing /opt/airflow/dags/segunda_prueba.py took 0.093 seconds
[2024-10-31T00:29:16.070+0000] {processor.py:186} INFO - Started process (PID=58755) to work on /opt/airflow/dags/segunda_prueba.py
[2024-10-31T00:29:16.071+0000] {processor.py:914} INFO - Processing file /opt/airflow/dags/segunda_prueba.py for tasks to queue
[2024-10-31T00:29:16.072+0000] {logging_mixin.py:190} INFO - [2024-10-31T00:29:16.072+0000] {dagbag.py:588} INFO - Filling up the DagBag from /opt/airflow/dags/segunda_prueba.py
[2024-10-31T00:29:16.087+0000] {processor.py:925} INFO - DAG(s) 'my_python_operator_dag' retrieved from /opt/airflow/dags/segunda_prueba.py
[2024-10-31T00:29:16.109+0000] {logging_mixin.py:190} INFO - [2024-10-31T00:29:16.109+0000] {dag.py:3239} INFO - Sync 1 DAGs
[2024-10-31T00:29:16.132+0000] {logging_mixin.py:190} INFO - [2024-10-31T00:29:16.132+0000] {dag.py:4180} INFO - Setting next_dagrun for my_python_operator_dag to 2024-10-30 00:00:00+00:00, run_after=2024-10-31 00:00:00+00:00
[2024-10-31T00:29:16.183+0000] {processor.py:208} INFO - Processing /opt/airflow/dags/segunda_prueba.py took 0.118 seconds
[2024-10-31T00:29:46.344+0000] {processor.py:186} INFO - Started process (PID=58820) to work on /opt/airflow/dags/segunda_prueba.py
[2024-10-31T00:29:46.344+0000] {processor.py:914} INFO - Processing file /opt/airflow/dags/segunda_prueba.py for tasks to queue
[2024-10-31T00:29:46.346+0000] {logging_mixin.py:190} INFO - [2024-10-31T00:29:46.345+0000] {dagbag.py:588} INFO - Filling up the DagBag from /opt/airflow/dags/segunda_prueba.py
[2024-10-31T00:29:46.359+0000] {processor.py:925} INFO - DAG(s) 'my_python_operator_dag' retrieved from /opt/airflow/dags/segunda_prueba.py
[2024-10-31T00:29:46.375+0000] {logging_mixin.py:190} INFO - [2024-10-31T00:29:46.375+0000] {dag.py:3239} INFO - Sync 1 DAGs
[2024-10-31T00:29:46.398+0000] {logging_mixin.py:190} INFO - [2024-10-31T00:29:46.398+0000] {dag.py:4180} INFO - Setting next_dagrun for my_python_operator_dag to 2024-10-30 00:00:00+00:00, run_after=2024-10-31 00:00:00+00:00
[2024-10-31T00:29:46.424+0000] {processor.py:208} INFO - Processing /opt/airflow/dags/segunda_prueba.py took 0.085 seconds
[2024-10-31T00:30:16.514+0000] {processor.py:186} INFO - Started process (PID=58884) to work on /opt/airflow/dags/segunda_prueba.py
[2024-10-31T00:30:16.515+0000] {processor.py:914} INFO - Processing file /opt/airflow/dags/segunda_prueba.py for tasks to queue
[2024-10-31T00:30:16.517+0000] {logging_mixin.py:190} INFO - [2024-10-31T00:30:16.516+0000] {dagbag.py:588} INFO - Filling up the DagBag from /opt/airflow/dags/segunda_prueba.py
[2024-10-31T00:30:16.535+0000] {processor.py:925} INFO - DAG(s) 'my_python_operator_dag' retrieved from /opt/airflow/dags/segunda_prueba.py
[2024-10-31T00:30:16.555+0000] {logging_mixin.py:190} INFO - [2024-10-31T00:30:16.555+0000] {dag.py:3239} INFO - Sync 1 DAGs
[2024-10-31T00:30:16.586+0000] {logging_mixin.py:190} INFO - [2024-10-31T00:30:16.586+0000] {dag.py:4180} INFO - Setting next_dagrun for my_python_operator_dag to 2024-10-30 00:00:00+00:00, run_after=2024-10-31 00:00:00+00:00
[2024-10-31T00:30:16.611+0000] {processor.py:208} INFO - Processing /opt/airflow/dags/segunda_prueba.py took 0.102 seconds
[2024-10-31T00:30:46.743+0000] {processor.py:186} INFO - Started process (PID=58948) to work on /opt/airflow/dags/segunda_prueba.py
[2024-10-31T00:30:46.744+0000] {processor.py:914} INFO - Processing file /opt/airflow/dags/segunda_prueba.py for tasks to queue
[2024-10-31T00:30:46.745+0000] {logging_mixin.py:190} INFO - [2024-10-31T00:30:46.745+0000] {dagbag.py:588} INFO - Filling up the DagBag from /opt/airflow/dags/segunda_prueba.py
[2024-10-31T00:30:46.759+0000] {processor.py:925} INFO - DAG(s) 'my_python_operator_dag' retrieved from /opt/airflow/dags/segunda_prueba.py
[2024-10-31T00:30:46.776+0000] {logging_mixin.py:190} INFO - [2024-10-31T00:30:46.775+0000] {dag.py:3239} INFO - Sync 1 DAGs
[2024-10-31T00:30:46.798+0000] {logging_mixin.py:190} INFO - [2024-10-31T00:30:46.798+0000] {dag.py:4180} INFO - Setting next_dagrun for my_python_operator_dag to 2024-10-30 00:00:00+00:00, run_after=2024-10-31 00:00:00+00:00
[2024-10-31T00:30:46.819+0000] {processor.py:208} INFO - Processing /opt/airflow/dags/segunda_prueba.py took 0.081 seconds
[2024-10-31T00:31:17.286+0000] {processor.py:186} INFO - Started process (PID=59011) to work on /opt/airflow/dags/segunda_prueba.py
[2024-10-31T00:31:17.287+0000] {processor.py:914} INFO - Processing file /opt/airflow/dags/segunda_prueba.py for tasks to queue
[2024-10-31T00:31:17.288+0000] {logging_mixin.py:190} INFO - [2024-10-31T00:31:17.288+0000] {dagbag.py:588} INFO - Filling up the DagBag from /opt/airflow/dags/segunda_prueba.py
[2024-10-31T00:31:17.302+0000] {processor.py:925} INFO - DAG(s) 'my_python_operator_dag' retrieved from /opt/airflow/dags/segunda_prueba.py
[2024-10-31T00:31:17.324+0000] {logging_mixin.py:190} INFO - [2024-10-31T00:31:17.324+0000] {dag.py:3239} INFO - Sync 1 DAGs
[2024-10-31T00:31:17.352+0000] {logging_mixin.py:190} INFO - [2024-10-31T00:31:17.352+0000] {dag.py:4180} INFO - Setting next_dagrun for my_python_operator_dag to 2024-10-30 00:00:00+00:00, run_after=2024-10-31 00:00:00+00:00
[2024-10-31T00:31:17.378+0000] {processor.py:208} INFO - Processing /opt/airflow/dags/segunda_prueba.py took 0.097 seconds
[2024-10-31T00:31:47.767+0000] {processor.py:186} INFO - Started process (PID=59076) to work on /opt/airflow/dags/segunda_prueba.py
[2024-10-31T00:31:47.769+0000] {processor.py:914} INFO - Processing file /opt/airflow/dags/segunda_prueba.py for tasks to queue
[2024-10-31T00:31:47.770+0000] {logging_mixin.py:190} INFO - [2024-10-31T00:31:47.770+0000] {dagbag.py:588} INFO - Filling up the DagBag from /opt/airflow/dags/segunda_prueba.py
[2024-10-31T00:31:47.788+0000] {processor.py:925} INFO - DAG(s) 'my_python_operator_dag' retrieved from /opt/airflow/dags/segunda_prueba.py
[2024-10-31T00:31:47.806+0000] {logging_mixin.py:190} INFO - [2024-10-31T00:31:47.805+0000] {dag.py:3239} INFO - Sync 1 DAGs
[2024-10-31T00:31:47.829+0000] {logging_mixin.py:190} INFO - [2024-10-31T00:31:47.829+0000] {dag.py:4180} INFO - Setting next_dagrun for my_python_operator_dag to 2024-10-30 00:00:00+00:00, run_after=2024-10-31 00:00:00+00:00
[2024-10-31T00:31:47.848+0000] {processor.py:208} INFO - Processing /opt/airflow/dags/segunda_prueba.py took 0.087 seconds
[2024-10-31T00:32:18.295+0000] {processor.py:186} INFO - Started process (PID=59140) to work on /opt/airflow/dags/segunda_prueba.py
[2024-10-31T00:32:18.296+0000] {processor.py:914} INFO - Processing file /opt/airflow/dags/segunda_prueba.py for tasks to queue
[2024-10-31T00:32:18.297+0000] {logging_mixin.py:190} INFO - [2024-10-31T00:32:18.297+0000] {dagbag.py:588} INFO - Filling up the DagBag from /opt/airflow/dags/segunda_prueba.py
[2024-10-31T00:32:18.316+0000] {processor.py:925} INFO - DAG(s) 'my_python_operator_dag' retrieved from /opt/airflow/dags/segunda_prueba.py
[2024-10-31T00:32:18.332+0000] {logging_mixin.py:190} INFO - [2024-10-31T00:32:18.332+0000] {dag.py:3239} INFO - Sync 1 DAGs
[2024-10-31T00:32:18.356+0000] {logging_mixin.py:190} INFO - [2024-10-31T00:32:18.356+0000] {dag.py:4180} INFO - Setting next_dagrun for my_python_operator_dag to 2024-10-30 00:00:00+00:00, run_after=2024-10-31 00:00:00+00:00
[2024-10-31T00:32:18.377+0000] {processor.py:208} INFO - Processing /opt/airflow/dags/segunda_prueba.py took 0.088 seconds
[2024-10-31T00:32:49.294+0000] {processor.py:186} INFO - Started process (PID=59204) to work on /opt/airflow/dags/segunda_prueba.py
[2024-10-31T00:32:49.295+0000] {processor.py:914} INFO - Processing file /opt/airflow/dags/segunda_prueba.py for tasks to queue
[2024-10-31T00:32:49.297+0000] {logging_mixin.py:190} INFO - [2024-10-31T00:32:49.296+0000] {dagbag.py:588} INFO - Filling up the DagBag from /opt/airflow/dags/segunda_prueba.py
[2024-10-31T00:32:49.316+0000] {processor.py:925} INFO - DAG(s) 'my_python_operator_dag' retrieved from /opt/airflow/dags/segunda_prueba.py
[2024-10-31T00:32:49.334+0000] {logging_mixin.py:190} INFO - [2024-10-31T00:32:49.334+0000] {dag.py:3239} INFO - Sync 1 DAGs
[2024-10-31T00:32:49.356+0000] {logging_mixin.py:190} INFO - [2024-10-31T00:32:49.356+0000] {dag.py:4180} INFO - Setting next_dagrun for my_python_operator_dag to 2024-10-30 00:00:00+00:00, run_after=2024-10-31 00:00:00+00:00
[2024-10-31T00:32:49.378+0000] {processor.py:208} INFO - Processing /opt/airflow/dags/segunda_prueba.py took 0.089 seconds
[2024-10-31T00:33:19.524+0000] {processor.py:186} INFO - Started process (PID=59268) to work on /opt/airflow/dags/segunda_prueba.py
[2024-10-31T00:33:19.525+0000] {processor.py:914} INFO - Processing file /opt/airflow/dags/segunda_prueba.py for tasks to queue
[2024-10-31T00:33:19.526+0000] {logging_mixin.py:190} INFO - [2024-10-31T00:33:19.526+0000] {dagbag.py:588} INFO - Filling up the DagBag from /opt/airflow/dags/segunda_prueba.py
[2024-10-31T00:33:19.544+0000] {processor.py:925} INFO - DAG(s) 'my_python_operator_dag' retrieved from /opt/airflow/dags/segunda_prueba.py
[2024-10-31T00:33:19.566+0000] {logging_mixin.py:190} INFO - [2024-10-31T00:33:19.566+0000] {dag.py:3239} INFO - Sync 1 DAGs
[2024-10-31T00:33:19.592+0000] {logging_mixin.py:190} INFO - [2024-10-31T00:33:19.592+0000] {dag.py:4180} INFO - Setting next_dagrun for my_python_operator_dag to 2024-10-30 00:00:00+00:00, run_after=2024-10-31 00:00:00+00:00
[2024-10-31T00:33:19.610+0000] {processor.py:208} INFO - Processing /opt/airflow/dags/segunda_prueba.py took 0.092 seconds
[2024-10-31T00:33:49.879+0000] {processor.py:186} INFO - Started process (PID=59332) to work on /opt/airflow/dags/segunda_prueba.py
[2024-10-31T00:33:49.880+0000] {processor.py:914} INFO - Processing file /opt/airflow/dags/segunda_prueba.py for tasks to queue
[2024-10-31T00:33:49.882+0000] {logging_mixin.py:190} INFO - [2024-10-31T00:33:49.882+0000] {dagbag.py:588} INFO - Filling up the DagBag from /opt/airflow/dags/segunda_prueba.py
[2024-10-31T00:33:49.898+0000] {processor.py:925} INFO - DAG(s) 'my_python_operator_dag' retrieved from /opt/airflow/dags/segunda_prueba.py
[2024-10-31T00:33:49.914+0000] {logging_mixin.py:190} INFO - [2024-10-31T00:33:49.914+0000] {dag.py:3239} INFO - Sync 1 DAGs
[2024-10-31T00:33:49.935+0000] {logging_mixin.py:190} INFO - [2024-10-31T00:33:49.934+0000] {dag.py:4180} INFO - Setting next_dagrun for my_python_operator_dag to 2024-10-30 00:00:00+00:00, run_after=2024-10-31 00:00:00+00:00
[2024-10-31T00:33:49.955+0000] {processor.py:208} INFO - Processing /opt/airflow/dags/segunda_prueba.py took 0.082 seconds
[2024-10-31T00:34:20.057+0000] {processor.py:186} INFO - Started process (PID=59397) to work on /opt/airflow/dags/segunda_prueba.py
[2024-10-31T00:34:20.058+0000] {processor.py:914} INFO - Processing file /opt/airflow/dags/segunda_prueba.py for tasks to queue
[2024-10-31T00:34:20.060+0000] {logging_mixin.py:190} INFO - [2024-10-31T00:34:20.059+0000] {dagbag.py:588} INFO - Filling up the DagBag from /opt/airflow/dags/segunda_prueba.py
[2024-10-31T00:34:20.079+0000] {processor.py:925} INFO - DAG(s) 'my_python_operator_dag' retrieved from /opt/airflow/dags/segunda_prueba.py
[2024-10-31T00:34:20.097+0000] {logging_mixin.py:190} INFO - [2024-10-31T00:34:20.097+0000] {dag.py:3239} INFO - Sync 1 DAGs
[2024-10-31T00:34:20.124+0000] {logging_mixin.py:190} INFO - [2024-10-31T00:34:20.124+0000] {dag.py:4180} INFO - Setting next_dagrun for my_python_operator_dag to 2024-10-30 00:00:00+00:00, run_after=2024-10-31 00:00:00+00:00
[2024-10-31T00:34:20.149+0000] {processor.py:208} INFO - Processing /opt/airflow/dags/segunda_prueba.py took 0.100 seconds
[2024-10-31T00:34:50.298+0000] {processor.py:186} INFO - Started process (PID=59456) to work on /opt/airflow/dags/segunda_prueba.py
[2024-10-31T00:34:50.299+0000] {processor.py:914} INFO - Processing file /opt/airflow/dags/segunda_prueba.py for tasks to queue
[2024-10-31T00:34:50.300+0000] {logging_mixin.py:190} INFO - [2024-10-31T00:34:50.300+0000] {dagbag.py:588} INFO - Filling up the DagBag from /opt/airflow/dags/segunda_prueba.py
[2024-10-31T00:34:50.315+0000] {processor.py:925} INFO - DAG(s) 'my_python_operator_dag' retrieved from /opt/airflow/dags/segunda_prueba.py
[2024-10-31T00:34:50.333+0000] {logging_mixin.py:190} INFO - [2024-10-31T00:34:50.333+0000] {dag.py:3239} INFO - Sync 1 DAGs
[2024-10-31T00:34:50.354+0000] {logging_mixin.py:190} INFO - [2024-10-31T00:34:50.354+0000] {dag.py:4180} INFO - Setting next_dagrun for my_python_operator_dag to 2024-10-30 00:00:00+00:00, run_after=2024-10-31 00:00:00+00:00
[2024-10-31T00:34:50.377+0000] {processor.py:208} INFO - Processing /opt/airflow/dags/segunda_prueba.py took 0.085 seconds
[2024-10-31T00:35:20.447+0000] {processor.py:186} INFO - Started process (PID=59520) to work on /opt/airflow/dags/segunda_prueba.py
[2024-10-31T00:35:20.448+0000] {processor.py:914} INFO - Processing file /opt/airflow/dags/segunda_prueba.py for tasks to queue
[2024-10-31T00:35:20.449+0000] {logging_mixin.py:190} INFO - [2024-10-31T00:35:20.449+0000] {dagbag.py:588} INFO - Filling up the DagBag from /opt/airflow/dags/segunda_prueba.py
[2024-10-31T00:35:20.466+0000] {processor.py:925} INFO - DAG(s) 'my_python_operator_dag' retrieved from /opt/airflow/dags/segunda_prueba.py
[2024-10-31T00:35:20.487+0000] {logging_mixin.py:190} INFO - [2024-10-31T00:35:20.486+0000] {dag.py:3239} INFO - Sync 1 DAGs
[2024-10-31T00:35:20.514+0000] {logging_mixin.py:190} INFO - [2024-10-31T00:35:20.514+0000] {dag.py:4180} INFO - Setting next_dagrun for my_python_operator_dag to 2024-10-30 00:00:00+00:00, run_after=2024-10-31 00:00:00+00:00
[2024-10-31T00:35:20.538+0000] {processor.py:208} INFO - Processing /opt/airflow/dags/segunda_prueba.py took 0.096 seconds
[2024-10-31T00:35:51.201+0000] {processor.py:186} INFO - Started process (PID=59578) to work on /opt/airflow/dags/segunda_prueba.py
[2024-10-31T00:35:51.203+0000] {processor.py:914} INFO - Processing file /opt/airflow/dags/segunda_prueba.py for tasks to queue
[2024-10-31T00:35:51.205+0000] {logging_mixin.py:190} INFO - [2024-10-31T00:35:51.204+0000] {dagbag.py:588} INFO - Filling up the DagBag from /opt/airflow/dags/segunda_prueba.py
[2024-10-31T00:35:51.229+0000] {processor.py:925} INFO - DAG(s) 'my_python_operator_dag' retrieved from /opt/airflow/dags/segunda_prueba.py
[2024-10-31T00:35:51.256+0000] {logging_mixin.py:190} INFO - [2024-10-31T00:35:51.255+0000] {dag.py:3239} INFO - Sync 1 DAGs
[2024-10-31T00:35:51.294+0000] {logging_mixin.py:190} INFO - [2024-10-31T00:35:51.294+0000] {dag.py:4180} INFO - Setting next_dagrun for my_python_operator_dag to 2024-10-30 00:00:00+00:00, run_after=2024-10-31 00:00:00+00:00
[2024-10-31T00:35:51.332+0000] {processor.py:208} INFO - Processing /opt/airflow/dags/segunda_prueba.py took 0.143 seconds
[2024-10-31T00:36:22.047+0000] {processor.py:186} INFO - Started process (PID=59641) to work on /opt/airflow/dags/segunda_prueba.py
[2024-10-31T00:36:22.048+0000] {processor.py:914} INFO - Processing file /opt/airflow/dags/segunda_prueba.py for tasks to queue
[2024-10-31T00:36:22.049+0000] {logging_mixin.py:190} INFO - [2024-10-31T00:36:22.049+0000] {dagbag.py:588} INFO - Filling up the DagBag from /opt/airflow/dags/segunda_prueba.py
[2024-10-31T00:36:22.065+0000] {processor.py:925} INFO - DAG(s) 'my_python_operator_dag' retrieved from /opt/airflow/dags/segunda_prueba.py
[2024-10-31T00:36:22.084+0000] {logging_mixin.py:190} INFO - [2024-10-31T00:36:22.084+0000] {dag.py:3239} INFO - Sync 1 DAGs
[2024-10-31T00:36:22.109+0000] {logging_mixin.py:190} INFO - [2024-10-31T00:36:22.109+0000] {dag.py:4180} INFO - Setting next_dagrun for my_python_operator_dag to 2024-10-30 00:00:00+00:00, run_after=2024-10-31 00:00:00+00:00
[2024-10-31T00:36:22.130+0000] {processor.py:208} INFO - Processing /opt/airflow/dags/segunda_prueba.py took 0.090 seconds
[2024-10-31T00:36:52.339+0000] {processor.py:186} INFO - Started process (PID=59706) to work on /opt/airflow/dags/segunda_prueba.py
[2024-10-31T00:36:52.340+0000] {processor.py:914} INFO - Processing file /opt/airflow/dags/segunda_prueba.py for tasks to queue
[2024-10-31T00:36:52.341+0000] {logging_mixin.py:190} INFO - [2024-10-31T00:36:52.341+0000] {dagbag.py:588} INFO - Filling up the DagBag from /opt/airflow/dags/segunda_prueba.py
[2024-10-31T00:36:52.359+0000] {processor.py:925} INFO - DAG(s) 'my_python_operator_dag' retrieved from /opt/airflow/dags/segunda_prueba.py
[2024-10-31T00:36:52.374+0000] {logging_mixin.py:190} INFO - [2024-10-31T00:36:52.374+0000] {dag.py:3239} INFO - Sync 1 DAGs
[2024-10-31T00:36:52.400+0000] {logging_mixin.py:190} INFO - [2024-10-31T00:36:52.399+0000] {dag.py:4180} INFO - Setting next_dagrun for my_python_operator_dag to 2024-10-30 00:00:00+00:00, run_after=2024-10-31 00:00:00+00:00
[2024-10-31T00:36:52.794+0000] {processor.py:208} INFO - Processing /opt/airflow/dags/segunda_prueba.py took 0.460 seconds
[2024-10-31T00:37:23.423+0000] {processor.py:186} INFO - Started process (PID=59770) to work on /opt/airflow/dags/segunda_prueba.py
[2024-10-31T00:37:23.424+0000] {processor.py:914} INFO - Processing file /opt/airflow/dags/segunda_prueba.py for tasks to queue
[2024-10-31T00:37:23.426+0000] {logging_mixin.py:190} INFO - [2024-10-31T00:37:23.425+0000] {dagbag.py:588} INFO - Filling up the DagBag from /opt/airflow/dags/segunda_prueba.py
[2024-10-31T00:37:23.443+0000] {processor.py:925} INFO - DAG(s) 'my_python_operator_dag' retrieved from /opt/airflow/dags/segunda_prueba.py
[2024-10-31T00:37:23.465+0000] {logging_mixin.py:190} INFO - [2024-10-31T00:37:23.465+0000] {dag.py:3239} INFO - Sync 1 DAGs
[2024-10-31T00:37:23.494+0000] {logging_mixin.py:190} INFO - [2024-10-31T00:37:23.494+0000] {dag.py:4180} INFO - Setting next_dagrun for my_python_operator_dag to 2024-10-30 00:00:00+00:00, run_after=2024-10-31 00:00:00+00:00
[2024-10-31T00:37:23.519+0000] {processor.py:208} INFO - Processing /opt/airflow/dags/segunda_prueba.py took 0.103 seconds
[2024-10-31T00:37:53.939+0000] {processor.py:186} INFO - Started process (PID=59834) to work on /opt/airflow/dags/segunda_prueba.py
[2024-10-31T00:37:53.941+0000] {processor.py:914} INFO - Processing file /opt/airflow/dags/segunda_prueba.py for tasks to queue
[2024-10-31T00:37:53.943+0000] {logging_mixin.py:190} INFO - [2024-10-31T00:37:53.942+0000] {dagbag.py:588} INFO - Filling up the DagBag from /opt/airflow/dags/segunda_prueba.py
[2024-10-31T00:37:53.960+0000] {processor.py:925} INFO - DAG(s) 'my_python_operator_dag' retrieved from /opt/airflow/dags/segunda_prueba.py
[2024-10-31T00:37:53.983+0000] {logging_mixin.py:190} INFO - [2024-10-31T00:37:53.983+0000] {dag.py:3239} INFO - Sync 1 DAGs
[2024-10-31T00:37:54.012+0000] {logging_mixin.py:190} INFO - [2024-10-31T00:37:54.012+0000] {dag.py:4180} INFO - Setting next_dagrun for my_python_operator_dag to 2024-10-30 00:00:00+00:00, run_after=2024-10-31 00:00:00+00:00
[2024-10-31T00:37:54.034+0000] {processor.py:208} INFO - Processing /opt/airflow/dags/segunda_prueba.py took 0.101 seconds
[2024-10-31T00:38:24.797+0000] {processor.py:186} INFO - Started process (PID=59898) to work on /opt/airflow/dags/segunda_prueba.py
[2024-10-31T00:38:24.798+0000] {processor.py:914} INFO - Processing file /opt/airflow/dags/segunda_prueba.py for tasks to queue
[2024-10-31T00:38:24.800+0000] {logging_mixin.py:190} INFO - [2024-10-31T00:38:24.800+0000] {dagbag.py:588} INFO - Filling up the DagBag from /opt/airflow/dags/segunda_prueba.py
[2024-10-31T00:38:24.816+0000] {processor.py:925} INFO - DAG(s) 'my_python_operator_dag' retrieved from /opt/airflow/dags/segunda_prueba.py
[2024-10-31T00:38:24.833+0000] {logging_mixin.py:190} INFO - [2024-10-31T00:38:24.832+0000] {dag.py:3239} INFO - Sync 1 DAGs
[2024-10-31T00:38:24.856+0000] {logging_mixin.py:190} INFO - [2024-10-31T00:38:24.855+0000] {dag.py:4180} INFO - Setting next_dagrun for my_python_operator_dag to 2024-10-30 00:00:00+00:00, run_after=2024-10-31 00:00:00+00:00
[2024-10-31T00:38:24.878+0000] {processor.py:208} INFO - Processing /opt/airflow/dags/segunda_prueba.py took 0.088 seconds
[2024-10-31T00:38:54.915+0000] {processor.py:186} INFO - Started process (PID=59962) to work on /opt/airflow/dags/segunda_prueba.py
[2024-10-31T00:38:54.916+0000] {processor.py:914} INFO - Processing file /opt/airflow/dags/segunda_prueba.py for tasks to queue
[2024-10-31T00:38:54.917+0000] {logging_mixin.py:190} INFO - [2024-10-31T00:38:54.917+0000] {dagbag.py:588} INFO - Filling up the DagBag from /opt/airflow/dags/segunda_prueba.py
[2024-10-31T00:38:54.929+0000] {processor.py:925} INFO - DAG(s) 'my_python_operator_dag' retrieved from /opt/airflow/dags/segunda_prueba.py
[2024-10-31T00:38:54.945+0000] {logging_mixin.py:190} INFO - [2024-10-31T00:38:54.944+0000] {dag.py:3239} INFO - Sync 1 DAGs
[2024-10-31T00:38:54.966+0000] {logging_mixin.py:190} INFO - [2024-10-31T00:38:54.966+0000] {dag.py:4180} INFO - Setting next_dagrun for my_python_operator_dag to 2024-10-30 00:00:00+00:00, run_after=2024-10-31 00:00:00+00:00
[2024-10-31T00:38:54.988+0000] {processor.py:208} INFO - Processing /opt/airflow/dags/segunda_prueba.py took 0.078 seconds
[2024-10-31T00:39:25.416+0000] {processor.py:186} INFO - Started process (PID=60026) to work on /opt/airflow/dags/segunda_prueba.py
[2024-10-31T00:39:25.417+0000] {processor.py:914} INFO - Processing file /opt/airflow/dags/segunda_prueba.py for tasks to queue
[2024-10-31T00:39:25.419+0000] {logging_mixin.py:190} INFO - [2024-10-31T00:39:25.418+0000] {dagbag.py:588} INFO - Filling up the DagBag from /opt/airflow/dags/segunda_prueba.py
[2024-10-31T00:39:25.433+0000] {processor.py:925} INFO - DAG(s) 'my_python_operator_dag' retrieved from /opt/airflow/dags/segunda_prueba.py
[2024-10-31T00:39:25.451+0000] {logging_mixin.py:190} INFO - [2024-10-31T00:39:25.451+0000] {dag.py:3239} INFO - Sync 1 DAGs
[2024-10-31T00:39:25.475+0000] {logging_mixin.py:190} INFO - [2024-10-31T00:39:25.475+0000] {dag.py:4180} INFO - Setting next_dagrun for my_python_operator_dag to 2024-10-30 00:00:00+00:00, run_after=2024-10-31 00:00:00+00:00
[2024-10-31T00:39:25.500+0000] {processor.py:208} INFO - Processing /opt/airflow/dags/segunda_prueba.py took 0.090 seconds
[2024-10-31T00:39:56.034+0000] {processor.py:186} INFO - Started process (PID=60090) to work on /opt/airflow/dags/segunda_prueba.py
[2024-10-31T00:39:56.035+0000] {processor.py:914} INFO - Processing file /opt/airflow/dags/segunda_prueba.py for tasks to queue
[2024-10-31T00:39:56.036+0000] {logging_mixin.py:190} INFO - [2024-10-31T00:39:56.036+0000] {dagbag.py:588} INFO - Filling up the DagBag from /opt/airflow/dags/segunda_prueba.py
[2024-10-31T00:39:56.051+0000] {processor.py:925} INFO - DAG(s) 'my_python_operator_dag' retrieved from /opt/airflow/dags/segunda_prueba.py
[2024-10-31T00:39:56.068+0000] {logging_mixin.py:190} INFO - [2024-10-31T00:39:56.068+0000] {dag.py:3239} INFO - Sync 1 DAGs
[2024-10-31T00:39:56.089+0000] {logging_mixin.py:190} INFO - [2024-10-31T00:39:56.089+0000] {dag.py:4180} INFO - Setting next_dagrun for my_python_operator_dag to 2024-10-30 00:00:00+00:00, run_after=2024-10-31 00:00:00+00:00
[2024-10-31T00:39:56.113+0000] {processor.py:208} INFO - Processing /opt/airflow/dags/segunda_prueba.py took 0.086 seconds
[2024-10-31T00:40:26.381+0000] {processor.py:186} INFO - Started process (PID=60154) to work on /opt/airflow/dags/segunda_prueba.py
[2024-10-31T00:40:26.382+0000] {processor.py:914} INFO - Processing file /opt/airflow/dags/segunda_prueba.py for tasks to queue
[2024-10-31T00:40:26.383+0000] {logging_mixin.py:190} INFO - [2024-10-31T00:40:26.383+0000] {dagbag.py:588} INFO - Filling up the DagBag from /opt/airflow/dags/segunda_prueba.py
[2024-10-31T00:40:26.403+0000] {processor.py:925} INFO - DAG(s) 'my_python_operator_dag' retrieved from /opt/airflow/dags/segunda_prueba.py
[2024-10-31T00:40:26.420+0000] {logging_mixin.py:190} INFO - [2024-10-31T00:40:26.420+0000] {dag.py:3239} INFO - Sync 1 DAGs
[2024-10-31T00:40:26.441+0000] {logging_mixin.py:190} INFO - [2024-10-31T00:40:26.441+0000] {dag.py:4180} INFO - Setting next_dagrun for my_python_operator_dag to 2024-10-30 00:00:00+00:00, run_after=2024-10-31 00:00:00+00:00
[2024-10-31T00:40:26.465+0000] {processor.py:208} INFO - Processing /opt/airflow/dags/segunda_prueba.py took 0.091 seconds
[2024-10-31T12:08:40.420+0000] {processor.py:186} INFO - Started process (PID=57) to work on /opt/airflow/dags/segunda_prueba.py
[2024-10-31T12:08:40.422+0000] {processor.py:914} INFO - Processing file /opt/airflow/dags/segunda_prueba.py for tasks to queue
[2024-10-31T12:08:40.427+0000] {logging_mixin.py:190} INFO - [2024-10-31T12:08:40.426+0000] {dagbag.py:588} INFO - Filling up the DagBag from /opt/airflow/dags/segunda_prueba.py
[2024-10-31T12:08:40.454+0000] {processor.py:925} INFO - DAG(s) 'my_python_operator_dag' retrieved from /opt/airflow/dags/segunda_prueba.py
[2024-10-31T12:08:40.494+0000] {logging_mixin.py:190} INFO - [2024-10-31T12:08:40.493+0000] {dag.py:3239} INFO - Sync 1 DAGs
[2024-10-31T12:08:40.532+0000] {logging_mixin.py:190} INFO - [2024-10-31T12:08:40.531+0000] {dag.py:4180} INFO - Setting next_dagrun for my_python_operator_dag to 2024-10-30 00:00:00+00:00, run_after=2024-10-31 00:00:00+00:00
[2024-10-31T12:08:40.555+0000] {processor.py:208} INFO - Processing /opt/airflow/dags/segunda_prueba.py took 0.146 seconds
[2024-10-31T12:09:10.679+0000] {processor.py:186} INFO - Started process (PID=122) to work on /opt/airflow/dags/segunda_prueba.py
[2024-10-31T12:09:10.680+0000] {processor.py:914} INFO - Processing file /opt/airflow/dags/segunda_prueba.py for tasks to queue
[2024-10-31T12:09:10.683+0000] {logging_mixin.py:190} INFO - [2024-10-31T12:09:10.682+0000] {dagbag.py:588} INFO - Filling up the DagBag from /opt/airflow/dags/segunda_prueba.py
[2024-10-31T12:09:10.698+0000] {processor.py:925} INFO - DAG(s) 'my_python_operator_dag' retrieved from /opt/airflow/dags/segunda_prueba.py
[2024-10-31T12:09:10.716+0000] {logging_mixin.py:190} INFO - [2024-10-31T12:09:10.715+0000] {dag.py:3239} INFO - Sync 1 DAGs
[2024-10-31T12:09:10.740+0000] {logging_mixin.py:190} INFO - [2024-10-31T12:09:10.739+0000] {dag.py:4180} INFO - Setting next_dagrun for my_python_operator_dag to 2024-10-30 00:00:00+00:00, run_after=2024-10-31 00:00:00+00:00
[2024-10-31T12:09:10.764+0000] {processor.py:208} INFO - Processing /opt/airflow/dags/segunda_prueba.py took 0.091 seconds
[2024-10-31T12:09:40.989+0000] {processor.py:186} INFO - Started process (PID=186) to work on /opt/airflow/dags/segunda_prueba.py
[2024-10-31T12:09:40.990+0000] {processor.py:914} INFO - Processing file /opt/airflow/dags/segunda_prueba.py for tasks to queue
[2024-10-31T12:09:40.993+0000] {logging_mixin.py:190} INFO - [2024-10-31T12:09:40.993+0000] {dagbag.py:588} INFO - Filling up the DagBag from /opt/airflow/dags/segunda_prueba.py
[2024-10-31T12:09:41.012+0000] {processor.py:925} INFO - DAG(s) 'my_python_operator_dag' retrieved from /opt/airflow/dags/segunda_prueba.py
[2024-10-31T12:09:41.035+0000] {logging_mixin.py:190} INFO - [2024-10-31T12:09:41.034+0000] {dag.py:3239} INFO - Sync 1 DAGs
[2024-10-31T12:09:41.063+0000] {logging_mixin.py:190} INFO - [2024-10-31T12:09:41.062+0000] {dag.py:4180} INFO - Setting next_dagrun for my_python_operator_dag to 2024-10-30 00:00:00+00:00, run_after=2024-10-31 00:00:00+00:00
[2024-10-31T12:09:41.086+0000] {processor.py:208} INFO - Processing /opt/airflow/dags/segunda_prueba.py took 0.104 seconds
[2024-10-31T12:10:11.554+0000] {processor.py:186} INFO - Started process (PID=250) to work on /opt/airflow/dags/segunda_prueba.py
[2024-10-31T12:10:11.555+0000] {processor.py:914} INFO - Processing file /opt/airflow/dags/segunda_prueba.py for tasks to queue
[2024-10-31T12:10:11.558+0000] {logging_mixin.py:190} INFO - [2024-10-31T12:10:11.557+0000] {dagbag.py:588} INFO - Filling up the DagBag from /opt/airflow/dags/segunda_prueba.py
[2024-10-31T12:10:11.575+0000] {processor.py:925} INFO - DAG(s) 'my_python_operator_dag' retrieved from /opt/airflow/dags/segunda_prueba.py
[2024-10-31T12:10:11.595+0000] {logging_mixin.py:190} INFO - [2024-10-31T12:10:11.595+0000] {dag.py:3239} INFO - Sync 1 DAGs
[2024-10-31T12:10:11.622+0000] {logging_mixin.py:190} INFO - [2024-10-31T12:10:11.621+0000] {dag.py:4180} INFO - Setting next_dagrun for my_python_operator_dag to 2024-10-30 00:00:00+00:00, run_after=2024-10-31 00:00:00+00:00
[2024-10-31T12:10:11.649+0000] {processor.py:208} INFO - Processing /opt/airflow/dags/segunda_prueba.py took 0.102 seconds
[2024-10-31T12:10:42.538+0000] {processor.py:186} INFO - Started process (PID=313) to work on /opt/airflow/dags/segunda_prueba.py
[2024-10-31T12:10:42.539+0000] {processor.py:914} INFO - Processing file /opt/airflow/dags/segunda_prueba.py for tasks to queue
[2024-10-31T12:10:42.542+0000] {logging_mixin.py:190} INFO - [2024-10-31T12:10:42.542+0000] {dagbag.py:588} INFO - Filling up the DagBag from /opt/airflow/dags/segunda_prueba.py
[2024-10-31T12:10:42.557+0000] {processor.py:925} INFO - DAG(s) 'my_python_operator_dag' retrieved from /opt/airflow/dags/segunda_prueba.py
[2024-10-31T12:10:42.574+0000] {logging_mixin.py:190} INFO - [2024-10-31T12:10:42.574+0000] {dag.py:3239} INFO - Sync 1 DAGs
[2024-10-31T12:10:42.597+0000] {logging_mixin.py:190} INFO - [2024-10-31T12:10:42.597+0000] {dag.py:4180} INFO - Setting next_dagrun for my_python_operator_dag to 2024-10-30 00:00:00+00:00, run_after=2024-10-31 00:00:00+00:00
[2024-10-31T12:10:42.621+0000] {processor.py:208} INFO - Processing /opt/airflow/dags/segunda_prueba.py took 0.089 seconds
[2024-10-31T12:11:12.972+0000] {processor.py:186} INFO - Started process (PID=377) to work on /opt/airflow/dags/segunda_prueba.py
[2024-10-31T12:11:12.975+0000] {processor.py:914} INFO - Processing file /opt/airflow/dags/segunda_prueba.py for tasks to queue
[2024-10-31T12:11:12.981+0000] {logging_mixin.py:190} INFO - [2024-10-31T12:11:12.980+0000] {dagbag.py:588} INFO - Filling up the DagBag from /opt/airflow/dags/segunda_prueba.py
[2024-10-31T12:11:13.009+0000] {processor.py:925} INFO - DAG(s) 'my_python_operator_dag' retrieved from /opt/airflow/dags/segunda_prueba.py
[2024-10-31T12:11:13.032+0000] {logging_mixin.py:190} INFO - [2024-10-31T12:11:13.032+0000] {dag.py:3239} INFO - Sync 1 DAGs
[2024-10-31T12:11:13.068+0000] {logging_mixin.py:190} INFO - [2024-10-31T12:11:13.068+0000] {dag.py:4180} INFO - Setting next_dagrun for my_python_operator_dag to 2024-10-30 00:00:00+00:00, run_after=2024-10-31 00:00:00+00:00
[2024-10-31T12:11:13.093+0000] {processor.py:208} INFO - Processing /opt/airflow/dags/segunda_prueba.py took 0.130 seconds
[2024-10-31T12:11:43.708+0000] {processor.py:186} INFO - Started process (PID=441) to work on /opt/airflow/dags/segunda_prueba.py
[2024-10-31T12:11:43.709+0000] {processor.py:914} INFO - Processing file /opt/airflow/dags/segunda_prueba.py for tasks to queue
[2024-10-31T12:11:43.712+0000] {logging_mixin.py:190} INFO - [2024-10-31T12:11:43.712+0000] {dagbag.py:588} INFO - Filling up the DagBag from /opt/airflow/dags/segunda_prueba.py
[2024-10-31T12:11:43.727+0000] {processor.py:925} INFO - DAG(s) 'my_python_operator_dag' retrieved from /opt/airflow/dags/segunda_prueba.py
[2024-10-31T12:11:43.743+0000] {logging_mixin.py:190} INFO - [2024-10-31T12:11:43.743+0000] {dag.py:3239} INFO - Sync 1 DAGs
[2024-10-31T12:11:43.766+0000] {logging_mixin.py:190} INFO - [2024-10-31T12:11:43.766+0000] {dag.py:4180} INFO - Setting next_dagrun for my_python_operator_dag to 2024-10-30 00:00:00+00:00, run_after=2024-10-31 00:00:00+00:00
[2024-10-31T12:11:43.791+0000] {processor.py:208} INFO - Processing /opt/airflow/dags/segunda_prueba.py took 0.088 seconds
[2024-10-31T12:12:14.138+0000] {processor.py:186} INFO - Started process (PID=505) to work on /opt/airflow/dags/segunda_prueba.py
[2024-10-31T12:12:14.139+0000] {processor.py:914} INFO - Processing file /opt/airflow/dags/segunda_prueba.py for tasks to queue
[2024-10-31T12:12:14.141+0000] {logging_mixin.py:190} INFO - [2024-10-31T12:12:14.141+0000] {dagbag.py:588} INFO - Filling up the DagBag from /opt/airflow/dags/segunda_prueba.py
[2024-10-31T12:12:14.157+0000] {processor.py:925} INFO - DAG(s) 'my_python_operator_dag' retrieved from /opt/airflow/dags/segunda_prueba.py
[2024-10-31T12:12:14.173+0000] {logging_mixin.py:190} INFO - [2024-10-31T12:12:14.173+0000] {dag.py:3239} INFO - Sync 1 DAGs
[2024-10-31T12:12:14.195+0000] {logging_mixin.py:190} INFO - [2024-10-31T12:12:14.195+0000] {dag.py:4180} INFO - Setting next_dagrun for my_python_operator_dag to 2024-10-30 00:00:00+00:00, run_after=2024-10-31 00:00:00+00:00
[2024-10-31T12:12:14.219+0000] {processor.py:208} INFO - Processing /opt/airflow/dags/segunda_prueba.py took 0.089 seconds
[2024-10-31T12:12:44.347+0000] {processor.py:186} INFO - Started process (PID=575) to work on /opt/airflow/dags/segunda_prueba.py
[2024-10-31T12:12:44.349+0000] {processor.py:914} INFO - Processing file /opt/airflow/dags/segunda_prueba.py for tasks to queue
[2024-10-31T12:12:44.354+0000] {logging_mixin.py:190} INFO - [2024-10-31T12:12:44.354+0000] {dagbag.py:588} INFO - Filling up the DagBag from /opt/airflow/dags/segunda_prueba.py
[2024-10-31T12:12:44.376+0000] {processor.py:925} INFO - DAG(s) 'my_python_operator_dag' retrieved from /opt/airflow/dags/segunda_prueba.py
[2024-10-31T12:12:44.395+0000] {logging_mixin.py:190} INFO - [2024-10-31T12:12:44.395+0000] {dag.py:3239} INFO - Sync 1 DAGs
[2024-10-31T12:12:44.418+0000] {logging_mixin.py:190} INFO - [2024-10-31T12:12:44.417+0000] {dag.py:4180} INFO - Setting next_dagrun for my_python_operator_dag to 2024-10-30 00:00:00+00:00, run_after=2024-10-31 00:00:00+00:00
[2024-10-31T12:12:44.443+0000] {processor.py:208} INFO - Processing /opt/airflow/dags/segunda_prueba.py took 0.104 seconds
[2024-10-31T12:13:14.790+0000] {processor.py:186} INFO - Started process (PID=639) to work on /opt/airflow/dags/segunda_prueba.py
[2024-10-31T12:13:14.791+0000] {processor.py:914} INFO - Processing file /opt/airflow/dags/segunda_prueba.py for tasks to queue
[2024-10-31T12:13:14.794+0000] {logging_mixin.py:190} INFO - [2024-10-31T12:13:14.794+0000] {dagbag.py:588} INFO - Filling up the DagBag from /opt/airflow/dags/segunda_prueba.py
[2024-10-31T12:13:14.810+0000] {processor.py:925} INFO - DAG(s) 'my_python_operator_dag' retrieved from /opt/airflow/dags/segunda_prueba.py
[2024-10-31T12:13:14.826+0000] {logging_mixin.py:190} INFO - [2024-10-31T12:13:14.826+0000] {dag.py:3239} INFO - Sync 1 DAGs
[2024-10-31T12:13:14.847+0000] {logging_mixin.py:190} INFO - [2024-10-31T12:13:14.847+0000] {dag.py:4180} INFO - Setting next_dagrun for my_python_operator_dag to 2024-10-30 00:00:00+00:00, run_after=2024-10-31 00:00:00+00:00
[2024-10-31T12:13:14.870+0000] {processor.py:208} INFO - Processing /opt/airflow/dags/segunda_prueba.py took 0.086 seconds
