[2024-10-28T11:13:02.498+0000] {local_task_job_runner.py:123} INFO - ::group::Pre task execution logs
[2024-10-28T11:13:02.541+0000] {taskinstance.py:2612} INFO - Dependencies all met for dep_context=non-requeueable deps ti=<TaskInstance: MI_PRIMER_DAG.first_task scheduled__2024-10-27T09:00:00+00:00 [queued]>
[2024-10-28T11:13:02.560+0000] {taskinstance.py:2612} INFO - Dependencies all met for dep_context=requeueable deps ti=<TaskInstance: MI_PRIMER_DAG.first_task scheduled__2024-10-27T09:00:00+00:00 [queued]>
[2024-10-28T11:13:03.149+0000] {taskinstance.py:2865} INFO - Starting attempt 1 of 6
[2024-10-28T11:13:04.036+0000] {taskinstance.py:2888} INFO - Executing <Task(PythonOperator): first_task> on 2024-10-27 09:00:00+00:00
[2024-10-28T11:13:04.062+0000] {warnings.py:112} WARNING - /home/***/.local/lib/python3.12/site-packages/***/task/task_runner/standard_task_runner.py:70: DeprecationWarning: This process (pid=25929) is multi-threaded, use of fork() may lead to deadlocks in the child.
  pid = os.fork()

[2024-10-28T11:13:04.070+0000] {standard_task_runner.py:72} INFO - Started process 25931 to run task
[2024-10-28T11:13:04.067+0000] {standard_task_runner.py:104} INFO - Running: ['***', 'tasks', 'run', 'MI_PRIMER_DAG', 'first_task', 'scheduled__2024-10-27T09:00:00+00:00', '--job-id', '17', '--raw', '--subdir', 'DAGS_FOLDER/primer_dag.py', '--cfg-path', '/tmp/tmpueir0iii']
[2024-10-28T11:13:04.078+0000] {standard_task_runner.py:105} INFO - Job 17: Subtask first_task
[2024-10-28T11:13:04.227+0000] {task_command.py:467} INFO - Running <TaskInstance: MI_PRIMER_DAG.first_task scheduled__2024-10-27T09:00:00+00:00 [running]> on host e6a8ecd7a6cc
[2024-10-28T11:13:04.446+0000] {taskinstance.py:3131} INFO - Exporting env vars: AIRFLOW_CTX_DAG_OWNER='***' AIRFLOW_CTX_DAG_ID='MI_PRIMER_DAG' AIRFLOW_CTX_TASK_ID='first_task' AIRFLOW_CTX_EXECUTION_DATE='2024-10-27T09:00:00+00:00' AIRFLOW_CTX_TRY_NUMBER='1' AIRFLOW_CTX_DAG_RUN_ID='scheduled__2024-10-27T09:00:00+00:00'
[2024-10-28T11:13:04.450+0000] {logging_mixin.py:190} INFO - Task instance is in running state
[2024-10-28T11:13:04.455+0000] {logging_mixin.py:190} INFO -  Previous state of the Task instance: queued
[2024-10-28T11:13:04.458+0000] {logging_mixin.py:190} INFO - Current task name:first_task state:running start_date:2024-10-28 11:13:02.543286+00:00
[2024-10-28T11:13:04.468+0000] {logging_mixin.py:190} INFO - Dag name:MI_PRIMER_DAG and current dag run status:running
[2024-10-28T11:13:04.469+0000] {taskinstance.py:731} INFO - ::endgroup::
[2024-10-28T11:13:04.471+0000] {logging_mixin.py:190} INFO - Increiblemente anda...
[2024-10-28T11:13:04.473+0000] {python.py:240} INFO - Done. Returned value was: None
[2024-10-28T11:13:04.492+0000] {taskinstance.py:340} INFO - ::group::Post task execution logs
[2024-10-28T11:13:04.493+0000] {taskinstance.py:352} INFO - Marking task as SUCCESS. dag_id=MI_PRIMER_DAG, task_id=first_task, run_id=scheduled__2024-10-27T09:00:00+00:00, execution_date=20241027T090000, start_date=20241028T111302, end_date=20241028T111304
[2024-10-28T11:13:04.514+0000] {logging_mixin.py:190} INFO - Task instance in success state
[2024-10-28T11:13:04.515+0000] {logging_mixin.py:190} INFO -  Previous state of the Task instance: running
[2024-10-28T11:13:04.516+0000] {logging_mixin.py:190} INFO - Dag name:MI_PRIMER_DAG queued_at:2024-10-28 11:12:56.315939+00:00
[2024-10-28T11:13:04.517+0000] {logging_mixin.py:190} INFO - Task hostname:e6a8ecd7a6cc operator:PythonOperator
[2024-10-28T11:13:04.572+0000] {local_task_job_runner.py:266} INFO - Task exited with return code 0
[2024-10-28T11:13:04.636+0000] {taskinstance.py:3900} INFO - 0 downstream tasks scheduled from follow-on schedule check
[2024-10-28T11:13:04.640+0000] {local_task_job_runner.py:245} INFO - ::endgroup::
