[2024-10-31T12:08:44.379+0000] {local_task_job_runner.py:123} INFO - ::group::Pre task execution logs
[2024-10-31T12:08:44.403+0000] {taskinstance.py:2612} INFO - Dependencies all met for dep_context=non-requeueable deps ti=<TaskInstance: MI_PRIMER_DAG.first_task scheduled__2024-10-30T09:00:00+00:00 [queued]>
[2024-10-31T12:08:44.413+0000] {taskinstance.py:2612} INFO - Dependencies all met for dep_context=requeueable deps ti=<TaskInstance: MI_PRIMER_DAG.first_task scheduled__2024-10-30T09:00:00+00:00 [queued]>
[2024-10-31T12:08:44.414+0000] {taskinstance.py:2865} INFO - Starting attempt 1 of 6
[2024-10-31T12:08:44.431+0000] {taskinstance.py:2888} INFO - Executing <Task(PythonOperator): first_task> on 2024-10-30 09:00:00+00:00
[2024-10-31T12:08:44.438+0000] {warnings.py:112} WARNING - /home/***/.local/lib/python3.12/site-packages/***/task/task_runner/standard_task_runner.py:70: DeprecationWarning: This process (pid=63) is multi-threaded, use of fork() may lead to deadlocks in the child.
  pid = os.fork()

[2024-10-31T12:08:44.440+0000] {standard_task_runner.py:72} INFO - Started process 66 to run task
[2024-10-31T12:08:44.440+0000] {standard_task_runner.py:104} INFO - Running: ['***', 'tasks', 'run', 'MI_PRIMER_DAG', 'first_task', 'scheduled__2024-10-30T09:00:00+00:00', '--job-id', '22', '--raw', '--subdir', 'DAGS_FOLDER/primer_dag.py', '--cfg-path', '/tmp/tmpcrgafcsr']
[2024-10-31T12:08:44.442+0000] {standard_task_runner.py:105} INFO - Job 22: Subtask first_task
[2024-10-31T12:08:44.500+0000] {task_command.py:467} INFO - Running <TaskInstance: MI_PRIMER_DAG.first_task scheduled__2024-10-30T09:00:00+00:00 [running]> on host e6a8ecd7a6cc
[2024-10-31T12:08:44.602+0000] {taskinstance.py:3131} INFO - Exporting env vars: AIRFLOW_CTX_DAG_OWNER='***' AIRFLOW_CTX_DAG_ID='MI_PRIMER_DAG' AIRFLOW_CTX_TASK_ID='first_task' AIRFLOW_CTX_EXECUTION_DATE='2024-10-30T09:00:00+00:00' AIRFLOW_CTX_TRY_NUMBER='1' AIRFLOW_CTX_DAG_RUN_ID='scheduled__2024-10-30T09:00:00+00:00'
[2024-10-31T12:08:44.604+0000] {logging_mixin.py:190} INFO - Task instance is in running state
[2024-10-31T12:08:44.604+0000] {logging_mixin.py:190} INFO -  Previous state of the Task instance: queued
[2024-10-31T12:08:44.605+0000] {logging_mixin.py:190} INFO - Current task name:first_task state:running start_date:2024-10-31 12:08:44.404183+00:00
[2024-10-31T12:08:44.605+0000] {logging_mixin.py:190} INFO - Dag name:MI_PRIMER_DAG and current dag run status:running
[2024-10-31T12:08:44.605+0000] {taskinstance.py:731} INFO - ::endgroup::
[2024-10-31T12:08:44.606+0000] {logging_mixin.py:190} INFO - Increiblemente anda...
[2024-10-31T12:08:44.606+0000] {python.py:240} INFO - Done. Returned value was: None
[2024-10-31T12:08:44.616+0000] {taskinstance.py:340} INFO - ::group::Post task execution logs
[2024-10-31T12:08:44.617+0000] {taskinstance.py:352} INFO - Marking task as SUCCESS. dag_id=MI_PRIMER_DAG, task_id=first_task, run_id=scheduled__2024-10-30T09:00:00+00:00, execution_date=20241030T090000, start_date=20241031T120844, end_date=20241031T120844
[2024-10-31T12:08:44.627+0000] {logging_mixin.py:190} INFO - Task instance in success state
[2024-10-31T12:08:44.630+0000] {logging_mixin.py:190} INFO -  Previous state of the Task instance: running
[2024-10-31T12:08:44.631+0000] {logging_mixin.py:190} INFO - Dag name:MI_PRIMER_DAG queued_at:2024-10-31 12:08:40.244720+00:00
[2024-10-31T12:08:44.632+0000] {logging_mixin.py:190} INFO - Task hostname:e6a8ecd7a6cc operator:PythonOperator
[2024-10-31T12:08:44.657+0000] {local_task_job_runner.py:266} INFO - Task exited with return code 0
[2024-10-31T12:08:44.680+0000] {taskinstance.py:3900} INFO - 0 downstream tasks scheduled from follow-on schedule check
[2024-10-31T12:08:44.686+0000] {local_task_job_runner.py:245} INFO - ::endgroup::
