[2024-11-05T11:14:28.637+0000] {local_task_job_runner.py:123} INFO - ::group::Pre task execution logs
[2024-11-05T11:14:28.673+0000] {taskinstance.py:2612} INFO - Dependencies all met for dep_context=non-requeueable deps ti=<TaskInstance: MI_PRIMER_DAG.first_task scheduled__2024-11-04T09:00:00+00:00 [queued]>
[2024-11-05T11:14:28.692+0000] {taskinstance.py:2612} INFO - Dependencies all met for dep_context=requeueable deps ti=<TaskInstance: MI_PRIMER_DAG.first_task scheduled__2024-11-04T09:00:00+00:00 [queued]>
[2024-11-05T11:14:28.696+0000] {taskinstance.py:2865} INFO - Starting attempt 1 of 6
[2024-11-05T11:14:28.729+0000] {taskinstance.py:2888} INFO - Executing <Task(PythonOperator): first_task> on 2024-11-04 09:00:00+00:00
[2024-11-05T11:14:28.745+0000] {warnings.py:112} WARNING - /home/***/.local/lib/python3.12/site-packages/***/task/task_runner/standard_task_runner.py:70: DeprecationWarning: This process (pid=59774) is multi-threaded, use of fork() may lead to deadlocks in the child.
  pid = os.fork()

[2024-11-05T11:14:28.748+0000] {standard_task_runner.py:72} INFO - Started process 59776 to run task
[2024-11-05T11:14:28.749+0000] {standard_task_runner.py:104} INFO - Running: ['***', 'tasks', 'run', 'MI_PRIMER_DAG', 'first_task', 'scheduled__2024-11-04T09:00:00+00:00', '--job-id', '27', '--raw', '--subdir', 'DAGS_FOLDER/primer_dag.py', '--cfg-path', '/tmp/tmpso57ownx']
[2024-11-05T11:14:28.752+0000] {standard_task_runner.py:105} INFO - Job 27: Subtask first_task
[2024-11-05T11:14:28.849+0000] {task_command.py:467} INFO - Running <TaskInstance: MI_PRIMER_DAG.first_task scheduled__2024-11-04T09:00:00+00:00 [running]> on host e6a8ecd7a6cc
[2024-11-05T11:14:29.019+0000] {taskinstance.py:3131} INFO - Exporting env vars: AIRFLOW_CTX_DAG_OWNER='***' AIRFLOW_CTX_DAG_ID='MI_PRIMER_DAG' AIRFLOW_CTX_TASK_ID='first_task' AIRFLOW_CTX_EXECUTION_DATE='2024-11-04T09:00:00+00:00' AIRFLOW_CTX_TRY_NUMBER='1' AIRFLOW_CTX_DAG_RUN_ID='scheduled__2024-11-04T09:00:00+00:00'
[2024-11-05T11:14:29.022+0000] {logging_mixin.py:190} INFO - Task instance is in running state
[2024-11-05T11:14:29.023+0000] {logging_mixin.py:190} INFO -  Previous state of the Task instance: queued
[2024-11-05T11:14:29.023+0000] {logging_mixin.py:190} INFO - Current task name:first_task state:running start_date:2024-11-05 11:14:28.675022+00:00
[2024-11-05T11:14:29.024+0000] {logging_mixin.py:190} INFO - Dag name:MI_PRIMER_DAG and current dag run status:running
[2024-11-05T11:14:29.025+0000] {taskinstance.py:731} INFO - ::endgroup::
[2024-11-05T11:14:29.026+0000] {logging_mixin.py:190} INFO - Increiblemente anda...
[2024-11-05T11:14:29.027+0000] {python.py:240} INFO - Done. Returned value was: None
[2024-11-05T11:14:29.049+0000] {taskinstance.py:340} INFO - ::group::Post task execution logs
[2024-11-05T11:14:29.050+0000] {taskinstance.py:352} INFO - Marking task as SUCCESS. dag_id=MI_PRIMER_DAG, task_id=first_task, run_id=scheduled__2024-11-04T09:00:00+00:00, execution_date=20241104T090000, start_date=20241105T111428, end_date=20241105T111429
[2024-11-05T11:14:29.068+0000] {logging_mixin.py:190} INFO - Task instance in success state
[2024-11-05T11:14:29.070+0000] {logging_mixin.py:190} INFO -  Previous state of the Task instance: running
[2024-11-05T11:14:29.070+0000] {logging_mixin.py:190} INFO - Dag name:MI_PRIMER_DAG queued_at:2024-11-05 11:14:17.204396+00:00
[2024-11-05T11:14:29.071+0000] {logging_mixin.py:190} INFO - Task hostname:e6a8ecd7a6cc operator:PythonOperator
[2024-11-05T11:14:29.088+0000] {local_task_job_runner.py:266} INFO - Task exited with return code 0
[2024-11-05T11:14:29.124+0000] {taskinstance.py:3900} INFO - 0 downstream tasks scheduled from follow-on schedule check
[2024-11-05T11:14:29.128+0000] {local_task_job_runner.py:245} INFO - ::endgroup::
